0.000000 0.600000 0.200000 0.200000 -0.000000 -0.019810 0.019810 1.000000 0
0.200000 0.600000 0.200000 0.000000 -0.000000 0.010925 -0.010925 1.000000 1
0.100000 0.600000 0.200000 0.100000 -0.097780 -0.080278 -0.017502 1.000000 2
0.100000 0.600000 0.200000 0.100000 -0.115162 -0.116999 0.001837 1.000000 3
0.100000 0.600000 0.200000 0.100000 -0.073994 -0.075182 0.001189 1.000000 4
0.133333 0.600000 0.200000 0.066667 -0.072479 -0.056417 -0.016063 1.000000 10
0.066667 0.600000 0.200000 0.133333 -0.079910 -0.074665 -0.005245 1.000000 5
0.133333 0.600000 0.200000 0.066667 -0.076499 -0.064420 -0.012079 1.000000 6
0.066667 0.600000 0.200000 0.133333 -0.103947 -0.104466 0.000519 1.000000 7
0.133333 0.600000 0.200000 0.066667 -0.084023 -0.088112 0.004090 1.000000 8
0.066667 0.600000 0.200000 0.133333 -0.081907 -0.075718 -0.006189 1.000000 9
0.100000 0.600000 0.200000 0.100000 -0.076619 -0.064175 -0.012444 1.000000 12
0.050000 0.600000 0.200000 0.150000 -0.092077 -0.085741 -0.006336 1.000000 14
0.150000 0.600000 0.200000 0.050000 -0.067243 -0.065793 -0.001451 1.000000 16
0.050000 0.600000 0.200000 0.150000 -0.091437 -0.086908 -0.004529 1.000000 17
0.050000 0.600000 0.200000 0.150000 -0.068855 -0.075028 0.006173 1.000000 28
0.150000 0.600000 0.200000 0.050000 -0.045558 -0.039967 -0.005591 1.000000 29
0.173333 0.600000 0.200000 0.026667 -0.023307 -0.022407 -0.000901 1.000000 iter1_0_1_2_3_5_6_7_8_9_10_11_13_14
0.160000 0.600000 0.200000 0.040000 -0.034451 -0.037573 0.003123 1.000000 iter1_0_1_2_3_5_8_9_10_11_12_13_14
0.146667 0.600000 0.200000 0.053333 -0.046049 -0.050768 0.004719 1.000000 iter1_0_1_3_4_6_7_8_10_11_13_14
0.093333 0.600000 0.200000 0.106667 -0.076733 -0.081584 0.004850 1.000000 iter1_0_1_3_8_10_11_13
0.120000 0.600000 0.200000 0.080000 -0.063441 -0.070763 0.007322 1.000000 iter1_0_2_3_5_7_8_10_12_13
0.106667 0.600000 0.200000 0.093333 -0.071697 -0.076689 0.004992 1.000000 iter1_0_2_5_7_8_10_12_13
0.186667 0.600000 0.200000 0.013333 -0.008575 -0.006210 -0.002366 1.000000 iter1_1_2_3_4_5_6_7_8_9_10_11_12_13_14
0.080000 0.600000 0.200000 0.120000 -0.077665 -0.079678 0.002012 1.000000 iter1_1_3_5_6_13_14
0.040000 0.600000 0.200000 0.160000 -0.064465 -0.063372 -0.001093 1.000000 iter1_1_8_10
0.066667 0.600000 0.200000 0.133333 -0.076854 -0.077721 0.000867 1.000000 iter1_2_5_9_12_14
0.053333 0.600000 0.200000 0.146667 -0.073790 -0.072356 -0.001433 1.000000 iter1_3_4_6_11
0.026667 0.600000 0.200000 0.173333 -0.052952 -0.052191 -0.000761 1.000000 iter1_8_11
0.013333 0.600000 0.200000 0.186667 -0.033164 -0.036469 0.003305 1.000000 iter1_8
0.133333 0.600000 0.200000 0.066667 -0.054833 -0.059813 0.004981 1.000000 iter2_1_2_3_4_5_6_7_10_13_14
0.120000 0.600000 0.200000 0.080000 -0.063620 -0.068112 0.004493 1.000000 iter2_1_2_4_6_7_9_10_13_14
0.106667 0.600000 0.200000 0.093333 -0.067038 -0.072261 0.005223 1.000000 iter2_1_3_4_5_7_11_13_14
0.080000 0.600000 0.200000 0.120000 -0.074643 -0.077897 0.003254 1.000000 iter2_1_3_5_7_10_13
0.053333 0.600000 0.200000 0.146667 -0.072431 -0.072372 -0.000059 1.000000 iter2_2_9_11_14
0.066667 0.600000 0.200000 0.133333 -0.072998 -0.075523 0.002525 1.000000 iter2_3_5_7_11_14
0.146667 0.600000 0.200000 0.053333 -0.042776 -0.051416 0.008641 1.000000 iter3_0_1_2_3_4_5_10_11_12_13_14
0.173333 0.600000 0.200000 0.026667 -0.021221 -0.022313 0.001092 1.000000 iter3_0_1_2_3_4_6_7_8_10_11_12_13_14
0.106667 0.600000 0.200000 0.093333 -0.065378 -0.074206 0.008828 1.000000 iter3_0_1_2_3_5_6_7_8
0.080000 0.600000 0.200000 0.120000 -0.076229 -0.080244 0.004015 1.000000 iter3_0_1_8_10_11_13
0.120000 0.600000 0.200000 0.080000 -0.060606 -0.070346 0.009740 1.000000 iter3_0_2_3_4_10_11_12_13_14
0.160000 0.600000 0.200000 0.040000 -0.031971 -0.037382 0.005411 1.000000 iter3_1_2_5_6_7_8_9_10_11_12_13_14
0.120000 0.600000 0.200000 0.080000 -0.064348 -0.067437 0.003090 1.000000 iter4_0_1_2_7_8_9_10_11_14
0.093333 0.600000 0.200000 0.106667 -0.076142 -0.077887 0.001745 1.000000 iter4_0_1_4_6_7_13_14
0.106667 0.600000 0.200000 0.093333 -0.072568 -0.074027 0.001458 1.000000 iter4_0_1_4_8_9_11_12_13
0.040000 0.600000 0.200000 0.160000 -0.065389 -0.063259 -0.002129 1.000000 iter4_0_4_7
0.133333 0.600000 0.200000 0.066667 -0.054661 -0.061414 0.006753 1.000000 iter4_2_3_5_6_7_8_9_10_11_14
0.133333 0.600000 0.200000 0.066667 -0.053922 -0.061703 0.007781 1.000000 iter5_0_1_2_4_5_6_7_9_12_14
0.053333 0.600000 0.200000 0.146667 -0.069684 -0.069463 -0.000220 1.000000 iter6_0_2_4_5
0.053333 0.600000 0.200000 0.146667 -0.070485 -0.069705 -0.000779 1.000000 iter6_0_2_4_6
0.053333 0.600000 0.200000 0.146667 -0.073143 -0.072161 -0.000981 1.000000 iter6_0_2_4_7
0.053333 0.600000 0.200000 0.146667 -0.069447 -0.069818 0.000371 1.000000 iter6_0_2_6_9
0.053333 0.600000 0.200000 0.146667 -0.064756 -0.063245 -0.001511 1.000000 iter6_0_4_5_6
0.053333 0.600000 0.200000 0.146667 -0.070041 -0.069561 -0.000480 1.000000 iter6_0_4_5_7
0.053333 0.600000 0.200000 0.146667 -0.063225 -0.061562 -0.001663 1.000000 iter6_0_5_11_14
0.053333 0.600000 0.200000 0.146667 -0.069669 -0.069916 0.000248 1.000000 iter6_0_8_12_14
0.053333 0.600000 0.200000 0.146667 -0.072110 -0.069690 -0.002420 1.000000 iter6_1_12_13_14
0.053333 0.600000 0.200000 0.146667 -0.071620 -0.071127 -0.000493 1.000000 iter6_1_4_11_14
0.053333 0.600000 0.200000 0.146667 -0.066117 -0.065165 -0.000951 1.000000 iter6_1_4_5_11
0.053333 0.600000 0.200000 0.146667 -0.064033 -0.062452 -0.001580 1.000000 iter6_1_5_10_14
0.053333 0.600000 0.200000 0.146667 -0.060945 -0.057459 -0.003486 1.000000 iter6_1_5_6_11
0.053333 0.600000 0.200000 0.146667 -0.064640 -0.063147 -0.001493 1.000000 iter6_2_11_12_13
0.053333 0.600000 0.200000 0.146667 -0.072259 -0.069788 -0.002471 1.000000 iter6_2_3_5_6
0.053333 0.600000 0.200000 0.146667 -0.060531 -0.060305 -0.000226 1.000000 iter6_2_3_7_8
0.053333 0.600000 0.200000 0.146667 -0.066830 -0.065958 -0.000872 1.000000 iter6_2_3_7_9
0.053333 0.600000 0.200000 0.146667 -0.060757 -0.058607 -0.002150 1.000000 iter6_2_6_11_12
0.053333 0.600000 0.200000 0.146667 -0.069405 -0.068768 -0.000636 1.000000 iter6_2_6_11_14
0.053333 0.600000 0.200000 0.146667 -0.071956 -0.071224 -0.000732 1.000000 iter6_2_7_9_14
0.053333 0.600000 0.200000 0.146667 -0.070366 -0.069659 -0.000707 1.000000 iter6_2_9_11_12
0.053333 0.600000 0.200000 0.146667 -0.068083 -0.065845 -0.002238 1.000000 iter6_3_10_13_14
0.053333 0.600000 0.200000 0.146667 -0.069197 -0.066473 -0.002724 1.000000 iter6_3_8_10_13
0.053333 0.600000 0.200000 0.146667 -0.067475 -0.065150 -0.002325 1.000000 iter6_4_5_6_14
0.053333 0.600000 0.200000 0.146667 -0.067041 -0.066055 -0.000986 1.000000 iter6_4_7_13_14
0.053333 0.600000 0.200000 0.146667 -0.071094 -0.069901 -0.001193 1.000000 iter6_4_8_10_11
0.053333 0.600000 0.200000 0.146667 -0.072539 -0.069382 -0.003157 1.000000 iter6_5_7_8_9
0.053333 0.600000 0.200000 0.146667 -0.070857 -0.069803 -0.001054 1.000000 iter6_5_9_11_13
0.053333 0.600000 0.200000 0.146667 -0.072105 -0.072274 0.000169 1.000000 iter6_6_9_12_14
