0.000000 0.600000 0.200000 0.200000 -0.000000 -0.010704 0.010704 1.000000 0
0.200000 0.600000 0.200000 0.000000 -0.000000 0.003769 -0.003769 1.000000 1
0.100000 0.600000 0.200000 0.100000 -0.097780 -0.089821 -0.007958 1.000000 2
0.100000 0.600000 0.200000 0.100000 -0.115162 -0.115714 0.000552 1.000000 3
0.100000 0.600000 0.200000 0.100000 -0.073994 -0.072277 -0.001716 1.000000 4
0.133333 0.600000 0.200000 0.066667 -0.072479 -0.065784 -0.006695 1.000000 10
0.066667 0.600000 0.200000 0.133333 -0.079910 -0.067908 -0.012003 1.000000 5
0.133333 0.600000 0.200000 0.066667 -0.076499 -0.063083 -0.013416 1.000000 6
0.066667 0.600000 0.200000 0.133333 -0.103947 -0.106341 0.002394 1.000000 7
0.133333 0.600000 0.200000 0.066667 -0.084023 -0.084727 0.000704 1.000000 8
0.066667 0.600000 0.200000 0.133333 -0.081907 -0.085365 0.003458 1.000000 9
0.100000 0.600000 0.200000 0.100000 -0.076619 -0.053333 -0.023286 1.000000 12
0.050000 0.600000 0.200000 0.150000 -0.092077 -0.090495 -0.001582 1.000000 14
0.150000 0.600000 0.200000 0.050000 -0.067243 -0.064845 -0.002399 1.000000 16
0.050000 0.600000 0.200000 0.150000 -0.091437 -0.089558 -0.001879 1.000000 17
0.050000 0.600000 0.200000 0.150000 -0.068855 -0.066512 -0.002343 1.000000 28
0.150000 0.600000 0.200000 0.050000 -0.045558 -0.043638 -0.001920 1.000000 29
0.173333 0.600000 0.200000 0.026667 -0.023307 -0.028028 0.004720 1.000000 iter1_0_1_2_3_5_6_7_8_9_10_11_13_14
0.160000 0.600000 0.200000 0.040000 -0.034451 -0.042290 0.007839 1.000000 iter1_0_1_2_3_5_8_9_10_11_12_13_14
0.146667 0.600000 0.200000 0.053333 -0.046049 -0.055660 0.009611 1.000000 iter1_0_1_3_4_6_7_8_10_11_13_14
0.093333 0.600000 0.200000 0.106667 -0.076733 -0.085030 0.008297 1.000000 iter1_0_1_3_8_10_11_13
0.120000 0.600000 0.200000 0.080000 -0.063441 -0.073779 0.010338 1.000000 iter1_0_2_3_5_7_8_10_12_13
0.106667 0.600000 0.200000 0.093333 -0.071697 -0.080223 0.008525 1.000000 iter1_0_2_5_7_8_10_12_13
0.186667 0.600000 0.200000 0.013333 -0.008575 -0.012130 0.003554 1.000000 iter1_1_2_3_4_5_6_7_8_9_10_11_12_13_14
0.080000 0.600000 0.200000 0.120000 -0.077665 -0.085235 0.007570 1.000000 iter1_1_3_5_6_13_14
0.040000 0.600000 0.200000 0.160000 -0.064465 -0.065378 0.000913 1.000000 iter1_1_8_10
0.066667 0.600000 0.200000 0.133333 -0.076854 -0.081305 0.004451 1.000000 iter1_2_5_9_12_14
0.053333 0.600000 0.200000 0.146667 -0.073790 -0.074219 0.000430 1.000000 iter1_3_4_6_11
0.026667 0.600000 0.200000 0.173333 -0.052952 -0.050446 -0.002505 1.000000 iter1_8_11
0.013333 0.600000 0.200000 0.186667 -0.033164 -0.030575 -0.002589 1.000000 iter1_8
