0.333333 0.666667 0.000000 0.000000 0.003510 -0.003510 1.000000 0
0.000000 0.666667 0.333333 0.000000 0.010911 -0.010911 1.000000 1
0.166667 0.666667 0.166667 0.239004 0.242756 -0.003752 1.000000 2
0.166667 0.666667 0.166667 0.238815 0.240363 -0.001548 1.000000 3
0.250000 0.666667 0.083333 0.175782 0.170770 0.005012 1.000000 10
0.250000 0.666667 0.083333 0.175790 0.170740 0.005050 1.000000 11
0.166667 0.666667 0.166667 0.235659 0.246227 -0.010568 1.000000 12
0.083333 0.666667 0.250000 0.205486 0.199610 0.005876 1.000000 13
0.083333 0.666667 0.250000 0.205535 0.200104 0.005432 1.000000 14
0.250000 0.666667 0.083333 0.148663 0.148541 0.000122 1.000000 15
0.250000 0.666667 0.083333 0.148986 0.149058 -0.000072 1.000000 16
0.166667 0.666667 0.166667 0.202443 0.202316 0.000126 1.000000 17
0.083333 0.666667 0.250000 0.177515 0.177928 -0.000413 1.000000 18
0.083333 0.666667 0.250000 0.177751 0.177875 -0.000124 1.000000 19
0.250000 0.666667 0.083333 0.119129 0.126156 -0.007027 1.000000 4
0.250000 0.666667 0.083333 0.118996 0.123650 -0.004654 1.000000 5
0.166667 0.666667 0.166667 0.120871 0.129589 -0.008718 1.000000 6
0.166667 0.666667 0.166667 0.121022 0.128653 -0.007631 1.000000 7
0.083333 0.666667 0.250000 0.139186 0.128547 0.010639 1.000000 8
0.083333 0.666667 0.250000 0.139187 0.128660 0.010527 1.000000 9
0.222222 0.666667 0.111111 0.098824 0.087563 0.011261 1.000000 22
0.222222 0.666667 0.111111 0.098878 0.086939 0.011939 1.000000 24
0.166667 0.666667 0.166667 0.161797 0.166513 -0.004716 1.000000 28
0.166667 0.666667 0.166667 0.163077 0.165890 -0.002812 1.000000 34
0.018519 0.666667 0.314815 0.051701 0.052791 -0.001090 1.000000 dft_iter1_0_1_2_3_4_5_6_7_8_9_10_11_12_13_14_15_16
0.055556 0.666667 0.277778 0.082740 0.083200 -0.000461 1.000000 dft_iter1_0_1_2_4_5_6_7_8_9_10_11_14_15_16_17
0.074074 0.666667 0.259259 0.091454 0.092570 -0.001116 1.000000 dft_iter1_0_2_3_5_6_7_8_9_12_13_14_15_16_17
0.129630 0.666667 0.203704 0.098096 0.097612 0.000484 1.000000 dft_iter1_0_2_6_7_8_12_13_14_15_16_17
0.203704 0.666667 0.129630 0.094447 0.096649 -0.002202 1.000000 dft_iter1_0_6_7_8_15_16_17
0.037037 0.666667 0.296296 0.069348 0.072649 -0.003301 1.000000 dft_iter1_1_2_3_4_5_6_7_8_9_11_12_13_14_15_16_17
0.314815 0.666667 0.018519 0.042090 0.039412 0.002679 1.000000 dft_iter1_2
0.092593 0.666667 0.240741 0.102593 0.098445 0.004148 1.000000 dft_iter1_2_3_4_5_6_7_8_12_13_14_15_16_17
0.111111 0.666667 0.222222 0.084285 0.089406 -0.005121 1.000000 dft_iter1_3_4_5_6_7_8_9_10_11_12_13_14
0.148148 0.666667 0.185185 0.095194 0.097172 -0.001978 1.000000 dft_iter1_3_4_5_8_9_10_11_12_13_14
0.166667 0.666667 0.166667 0.092976 0.088085 0.004890 1.000000 dft_iter1_3_4_5_9_10_11_12_13_14
0.185185 0.666667 0.148148 0.094661 0.098322 -0.003662 1.000000 dft_iter1_3_4_5_9_10_12_13_14
0.240741 0.666667 0.092593 0.095275 0.094474 0.000801 1.000000 dft_iter1_3_4_9_10_11
0.259259 0.666667 0.074074 0.085318 0.084467 0.000851 1.000000 dft_iter1_7_8_14_17
0.296296 0.666667 0.037037 0.064113 0.062221 0.001893 1.000000 dft_iter1_8_12
0.277778 0.666667 0.055556 0.071561 0.074618 -0.003057 1.000000 dft_iter1_8_12_14
0.314815 0.666667 0.018519 0.037912 0.040619 -0.002708 1.000000 dft_iter2_17
0.074074 0.666667 0.259259 0.096917 0.094541 0.002376 1.000000 dft_iter2_1_3_4_5_6_7_8_10_11_12_13_14_16_17
0.129630 0.666667 0.203704 0.101867 0.099643 0.002224 1.000000 dft_iter2_3_4_5_6_7_8_9_10_12_13_14
0.148148 0.666667 0.185185 0.099925 0.099469 0.000456 1.000000 dft_iter2_3_4_5_6_7_8_9_12_13_14
0.092593 0.666667 0.240741 0.102652 0.100234 0.002418 1.000000 dft_iter2_3_4_5_6_7_8_9_12_13_14_15_16_17
0.240741 0.666667 0.092593 0.098345 0.096795 0.001550 1.000000 dft_iter2_6_7_8_13_14
0.203704 0.666667 0.129630 0.098548 0.098148 0.000400 1.000000 dft_iter2_6_7_8_14_15_16_17
