6.161700 0.000000 0.000000
0.000000 3.557800 0.000000
0.000000 0.000000 19.210000
0.000000 -1.000000 0.000000
1.000000 0.000000 0.000000
-0.000000 -0.000000 1.000000
0.166590 -0.500000 0.594000 Mo
0.664700 -1.000000 0.594000 Mo
0.999880 -1.000000 0.499830 Te
0.999880 -1.000000 0.688170 Te
0.499890 -0.500000 0.499790 Te
0.499890 -0.500000 0.688210 Te
end

6.161700 0.000000 0.000000
0.000000 3.557800 0.000000
0.000000 0.000000 19.210000
3.000000 0.000000 0.000000
-0.000000 3.000000 0.000000
-0.000000 -0.000000 1.000000
0.999879 -0.000000 0.499830 Te
0.999879 0.999999 0.499830 Te
0.999879 2.000001 0.499830 Te
1.999881 -0.000000 0.499830 Te
1.999881 0.999999 0.499830 Te
1.999881 2.000001 0.499830 Te
2.999880 -0.000000 0.499830 Te
2.999880 0.999999 0.499830 Te
2.999880 2.000001 0.499830 Te
0.999879 -0.000000 0.688170 Te
0.999879 0.999999 0.688170 Te
0.999879 2.000001 0.688170 Te
1.999881 -0.000000 0.688170 Te
1.999881 0.999999 0.688170 Te
1.999881 2.000001 0.688170 Te
2.999880 -0.000000 0.688170 Te
2.999880 0.999999 0.688170 Te
2.999880 2.000001 0.688170 Te
0.499890 0.500001 0.499790 Te
0.499890 1.500000 0.499790 Te
0.499890 2.499999 0.499790 Te
1.499889 0.500001 0.499790 Te
1.499889 1.500000 0.499790 Te
1.499889 2.499999 0.499790 Te
2.499891 0.500001 0.499790 Te
2.499891 1.500000 0.499790 Te
2.499891 2.499999 0.499790 Te
0.499890 0.500001 0.688210 Te
0.499890 1.500000 0.688210 Te
0.499890 2.499999 0.688210 Te
1.499889 0.500001 0.688210 Te
1.499889 1.500000 0.688210 Te
1.499889 2.499999 0.688210 Te
2.499891 0.500001 0.688210 Te
2.499891 1.500000 0.688210 Te
2.499891 2.499999 0.688210 Te
0.166590 0.500001 0.594000 Zr
0.166590 1.500000 0.594000 Zr
0.166590 2.499999 0.594000 Zr
1.166589 0.500001 0.594000 Zr
1.166589 1.500000 0.594000 Zr
1.166589 2.499999 0.594000 Zr
2.166591 0.500001 0.594000 Zr
2.166591 1.500000 0.594000 Zr
2.166591 2.499999 0.594000 Zr
0.664701 -0.000000 0.594000 Zr
0.664701 0.999999 0.594000 Zr
0.664701 2.000001 0.594000 Zr
1.664700 -0.000000 0.594000 Zr
1.664700 0.999999 0.594000 Zr
1.664700 2.000001 0.594000 Zr
2.664699 -0.000000 0.594000 Zr
2.664699 0.999999 0.594000 Zr
2.664699 2.000001 0.594000 Mo
end

