strain=
1.00000 0.00000 0.00000 
0.00000 1.00000 0.00000 
0.00000 0.00000 1.00001 

Ti_sv atom at 2.50000 1.50000 0.50000 mapped onto lattice site at 2.50000 1.50000 0.50000 distance= 0.00000
Ti_sv atom at 0.50000 1.50000 0.50000 mapped onto lattice site at 0.50000 1.50000 0.50000 distance= 0.00000
Ti_sv atom at 3.50000 1.50000 0.50000 mapped onto lattice site at 3.50000 1.50000 0.50000 distance= 0.00000
Ti_sv atom at 1.50000 1.50000 0.50000 mapped onto lattice site at 1.50000 1.50000 0.50000 distance= 0.00000
Nb_sv atom at 4.50000 1.50000 0.50000 mapped onto lattice site at 4.50000 1.50000 0.50000 distance= 0.00000
Nb_sv atom at 2.50000 0.50001 0.50000 mapped onto lattice site at 2.50000 0.50000 0.50000 distance= 0.00004
Ti_sv atom at 0.50000 0.50001 0.50000 mapped onto lattice site at 0.50000 0.50000 0.50000 distance= 0.00004
Ti_sv atom at 3.50000 0.50001 0.50000 mapped onto lattice site at 3.50000 0.50000 0.50000 distance= 0.00004
Ti_sv atom at 1.50000 0.50001 0.50000 mapped onto lattice site at 1.50000 0.50000 0.50000 distance= 0.00004
Ti_sv atom at 4.50000 0.50001 0.50000 mapped onto lattice site at 4.50000 0.50000 0.50000 distance= 0.00004
Ti_sv atom at 2.50000 2.49999 0.50000 mapped onto lattice site at 2.50000 2.50000 0.50000 distance= 0.00004
Ti_sv atom at 0.50000 2.49999 0.50000 mapped onto lattice site at 0.50000 2.50000 0.50000 distance= 0.00004
Ti_sv atom at 3.50000 2.49999 0.50000 mapped onto lattice site at 3.50000 2.50000 0.50000 distance= 0.00004
Nb_sv atom at 1.50000 2.49999 0.50000 mapped onto lattice site at 1.50000 2.50000 0.50000 distance= 0.00004
Nb_sv atom at 4.50000 2.49999 0.50000 mapped onto lattice site at 4.50000 2.50000 0.50000 distance= 0.00004
Sr_sv atom ignored at 5.00000 3.00000 1.00000
Sr_sv atom ignored at 1.00000 3.00000 1.00000
Sr_sv atom ignored at 2.00000 3.00000 1.00000
Sr_sv atom ignored at 3.00000 3.00000 1.00000
Sr_sv atom ignored at 4.00000 3.00000 1.00000
Sr_sv atom ignored at 5.00000 0.99999 1.00000
Sr_sv atom ignored at 1.00000 0.99999 1.00000
Sr_sv atom ignored at 2.00000 0.99999 1.00000
Sr_sv atom ignored at 3.00000 0.99999 1.00000
Sr_sv atom ignored at 4.00000 0.99999 1.00000
Sr_sv atom ignored at 5.00000 2.00001 1.00000
Sr_sv atom ignored at 1.00000 2.00001 1.00000
Sr_sv atom ignored at 2.00000 2.00001 1.00000
Sr_sv atom ignored at 3.00000 2.00001 1.00000
Sr_sv atom ignored at 4.00000 2.00001 1.00000
O atom ignored at 5.00000 0.50001 0.50000
O atom ignored at 0.50000 3.00000 0.50000
O atom ignored at 0.50000 0.50001 1.00000
O atom ignored at 1.00000 0.50001 0.50000
O atom ignored at 1.50000 3.00000 0.50000
O atom ignored at 1.50000 0.50001 1.00000
O atom ignored at 2.00000 0.50001 0.50000
O atom ignored at 2.50000 3.00000 0.50000
O atom ignored at 2.50000 0.50001 1.00000
O atom ignored at 3.00000 0.50001 0.50000
O atom ignored at 3.50000 3.00000 0.50000
O atom ignored at 3.50000 0.50001 1.00000
O atom ignored at 4.00000 0.50001 0.50000
O atom ignored at 4.50000 3.00000 0.50000
O atom ignored at 4.50000 0.50001 1.00000
O atom ignored at 5.00000 1.50000 0.50000
O atom ignored at 0.50000 0.99999 0.50000
O atom ignored at 0.50000 1.50000 1.00000
O atom ignored at 1.00000 1.50000 0.50000
O atom ignored at 1.50000 0.99999 0.50000
O atom ignored at 1.50000 1.50000 1.00000
O atom ignored at 2.00000 1.50000 0.50000
O atom ignored at 2.50000 0.99999 0.50000
O atom ignored at 2.50000 1.50000 1.00000
O atom ignored at 3.00000 1.50000 0.50000
O atom ignored at 3.50000 0.99999 0.50000
O atom ignored at 3.50000 1.50000 1.00000
O atom ignored at 4.00000 1.50000 0.50000
O atom ignored at 4.50000 0.99999 0.50000
O atom ignored at 4.50000 1.50000 1.00000
O atom ignored at 5.00000 2.49999 0.50000
O atom ignored at 0.50000 2.00001 0.50000
O atom ignored at 0.50000 2.49999 1.00000
O atom ignored at 1.00000 2.49999 0.50000
O atom ignored at 1.50000 2.00001 0.50000
O atom ignored at 1.50000 2.49999 1.00000
O atom ignored at 2.00000 2.49999 0.50000
O atom ignored at 2.50000 2.00001 0.50000
O atom ignored at 2.50000 2.49999 1.00000
O atom ignored at 3.00000 2.49999 0.50000
O atom ignored at 3.50000 2.00001 0.50000
O atom ignored at 3.50000 2.49999 1.00000
O atom ignored at 4.00000 2.49999 0.50000
O atom ignored at 4.50000 2.00001 0.50000
O atom ignored at 4.50000 2.49999 1.00000
