0.000000 0.600000 0.200000 0.200000 -0.000000 -0.014448 0.014448 1.000000 0
0.200000 0.600000 0.200000 0.000000 -0.000000 0.010459 -0.010459 1.000000 1
0.100000 0.600000 0.200000 0.100000 -0.097780 -0.085946 -0.011833 1.000000 2
0.100000 0.600000 0.200000 0.100000 -0.115162 -0.117309 0.002148 1.000000 3
0.100000 0.600000 0.200000 0.100000 -0.073994 -0.076366 0.002372 1.000000 4
0.133333 0.600000 0.200000 0.066667 -0.072479 -0.060010 -0.012470 1.000000 10
0.066667 0.600000 0.200000 0.133333 -0.079910 -0.069488 -0.010422 1.000000 5
0.133333 0.600000 0.200000 0.066667 -0.076499 -0.061186 -0.015314 1.000000 6
0.066667 0.600000 0.200000 0.133333 -0.103947 -0.105853 0.001906 1.000000 7
0.133333 0.600000 0.200000 0.066667 -0.084023 -0.087844 0.003822 1.000000 8
0.066667 0.600000 0.200000 0.133333 -0.081907 -0.077193 -0.004714 1.000000 9
0.100000 0.600000 0.200000 0.100000 -0.076619 -0.065493 -0.011126 1.000000 12
0.050000 0.600000 0.200000 0.150000 -0.092077 -0.085231 -0.006846 1.000000 14
0.150000 0.600000 0.200000 0.050000 -0.067243 -0.065498 -0.001746 1.000000 16
0.050000 0.600000 0.200000 0.150000 -0.091437 -0.084993 -0.006444 1.000000 17
0.050000 0.600000 0.200000 0.150000 -0.068855 -0.075514 0.006659 1.000000 28
0.150000 0.600000 0.200000 0.050000 -0.045558 -0.040032 -0.005526 1.000000 29
0.173333 0.600000 0.200000 0.026667 -0.023307 -0.023487 0.000180 1.000000 iter1_0_1_2_3_5_6_7_8_9_10_11_13_14
0.160000 0.600000 0.200000 0.040000 -0.034451 -0.039870 0.005419 1.000000 iter1_0_1_2_3_5_8_9_10_11_12_13_14
0.146667 0.600000 0.200000 0.053333 -0.046049 -0.054121 0.008072 1.000000 iter1_0_1_3_4_6_7_8_10_11_13_14
0.093333 0.600000 0.200000 0.106667 -0.076733 -0.080977 0.004244 1.000000 iter1_0_1_3_8_10_11_13
0.120000 0.600000 0.200000 0.080000 -0.063441 -0.071090 0.007649 1.000000 iter1_0_2_3_5_7_8_10_12_13
0.106667 0.600000 0.200000 0.093333 -0.071697 -0.076144 0.004447 1.000000 iter1_0_2_5_7_8_10_12_13
0.186667 0.600000 0.200000 0.013333 -0.008575 -0.006882 -0.001693 1.000000 iter1_1_2_3_4_5_6_7_8_9_10_11_12_13_14
0.080000 0.600000 0.200000 0.120000 -0.077665 -0.081459 0.003793 1.000000 iter1_1_3_5_6_13_14
0.040000 0.600000 0.200000 0.160000 -0.064465 -0.060903 -0.003562 1.000000 iter1_1_8_10
0.066667 0.600000 0.200000 0.133333 -0.076854 -0.077823 0.000968 1.000000 iter1_2_5_9_12_14
0.053333 0.600000 0.200000 0.146667 -0.073790 -0.072848 -0.000942 1.000000 iter1_3_4_6_11
0.026667 0.600000 0.200000 0.173333 -0.052952 -0.048856 -0.004095 1.000000 iter1_8_11
0.013333 0.600000 0.200000 0.186667 -0.033164 -0.032020 -0.001143 1.000000 iter1_8
0.133333 0.600000 0.200000 0.066667 -0.054833 -0.063084 0.008251 1.000000 iter2_1_2_3_4_5_6_7_10_13_14
0.120000 0.600000 0.200000 0.080000 -0.063620 -0.068079 0.004460 1.000000 iter2_1_2_4_6_7_9_10_13_14
0.106667 0.600000 0.200000 0.093333 -0.067038 -0.067787 0.000750 1.000000 iter2_1_3_4_5_7_11_13_14
0.080000 0.600000 0.200000 0.120000 -0.074643 -0.073543 -0.001101 1.000000 iter2_1_3_5_7_10_13
0.053333 0.600000 0.200000 0.146667 -0.072431 -0.069778 -0.002653 1.000000 iter2_2_9_11_14
0.066667 0.600000 0.200000 0.133333 -0.072998 -0.070574 -0.002423 1.000000 iter2_3_5_7_11_14
0.146667 0.600000 0.200000 0.053333 -0.042776 -0.049869 0.007093 1.000000 iter3_0_1_2_3_4_5_10_11_12_13_14
0.173333 0.600000 0.200000 0.026667 -0.021221 -0.024003 0.002781 1.000000 iter3_0_1_2_3_4_6_7_8_10_11_12_13_14
0.106667 0.600000 0.200000 0.093333 -0.065378 -0.072466 0.007088 1.000000 iter3_0_1_2_3_5_6_7_8
0.080000 0.600000 0.200000 0.120000 -0.076229 -0.080800 0.004571 1.000000 iter3_0_1_8_10_11_13
0.120000 0.600000 0.200000 0.080000 -0.060606 -0.067635 0.007029 1.000000 iter3_0_2_3_4_10_11_12_13_14
0.160000 0.600000 0.200000 0.040000 -0.031971 -0.038331 0.006360 1.000000 iter3_1_2_5_6_7_8_9_10_11_12_13_14
