81.0000 0.05 1
40
0
0
0
0
0
0
0
0
0
0
0
0
0
0
0
0
0
0
0
0
0
0
0
0
0
0
0
0
40
0
0
0
0
0
0
0
0
0
0
0
0
0
0
0
0
0
0
0
0
0
0
0
0
0
0
0
0
0
0
0
0
0
0
0
0
0
0
0
0
0
0
0
0
0
0
0
0
0
0
0
0
0
0
0
0
0
0
0
0
0
0
0
0
0
0
0
0
0
0
0
0
0
0
0
0
0
0
0
0
0
0
0
0
0
0
0
0
0
0
0
0
0
0
0
0
0
0
0
0
0
0
0
0
0
0
0
0
0
0
0
0
0
0
0
0
0
0
0
0
0
0
0
0
0
0
0
0
0
0
0
0
0
0
0
0
0
0
0
0
0
0
0
0
0
0
0
0
0
0
0
0
0
0
0
0
0
0
0
0
0
0
0
0
0
0
0
0
0
0
0
0
0
0
0
0
0
0
0
0
0
0
0
0
0
0
0
0
0
0
0
0
0
0
0
0
0
0
0
0
0
0
0
0
0
0
0
0
0
0
0
0
0
0
0
0
0
0
0
0
0
0
0
0
0
0
0
0
0
0
0
0
0
0
0
0
0
0
0
0
0
0
0
0
0
0
0
0
0
0
0
0
0
0
0
0
0
0
0
0
0
0
0
0
0
0
0
0
0
0
0
0
0
0
0
0
0
0
0
0
0
0
0
0
0
0
0
0
0
0
0
0
0
0
0
0
0
0
0
0
0
0
0
0
0
0
0
0
0
0
0
0
0
0
0
0
0
0
0
0
0
0
0
0
0
0
0
0
0
0
0
0
0
0
0
0
0
0
0
0
0
0
0
0
0
0
0
0
0
0
0
0
0
0
0
0
0
0
0
0
0
0
0
0
0
0
0
0
0
0
0
0
0
0
0
0
0
0
0
0
0
0
0
0
0
0
0
0
0
0
0
0
0
0
0
0
0
0
0
0
0
0
0
0
0
0
0
0
0
0
0
0
0
0
0
0
0
0
0
0
67.963
12.037
0
0
0
0
0
0
0
0
0
0
0
0
0
0
0
0
0
0
0
0
0
3.33333
116.667
0
0
0
0
0
0
0
0
0
0
0
0
0
0
0
0
0
0
0
0
0
0
0
0
0
0
0
0
0
0
120
0
0
0
0
0
0
0
0
0
0
0
0
0
0
0
0
0
0
0
0
0
0
0
0
0
0
0
0
0
0
0
0
0
0
0
0
0
0
0
0
0
0
0
0
0
0
0
0
0
0
0
0
0
0
0
0
0
0
0
0
0
0
0
0
0
0
0
0
0
0
0
0
0
0
0
0
0
0
0
0
0
0
0
0
0
0
0
0
0
0
0
0
0
0
0
0
0
0
0
0
0
0
0
0
0
0
0
0
0
0
0
0
0
0
0
0
0
0
0
0
0
0
0
0
0
0
0
0
0
0
0
0
0
0
0
0
0
0
0
0
0
0
0
0
0
0
0
0
0
0
0
0
0
0
0
0
0
0
0
0
0
0
0
0
0
0
0
0
0
0
0
0
0
0
0
0
0
0
0
0
0
0
0
0
0
0
0
0
0
0
0
0
0
0
0
0
0
0
0
0
0
0
0
0
0
0
0
0
0
0
0
0
0
0
0
0
0
0
0
0
0
0
0
0
0
0
0
0
0
0
0
0
0
0
0
0
0
0
0
0
0
0
0
0
0
0
0
0
0
0
0
0
0
0
0
0
0.555556
1.11111
4.44444
2.22222
10
3.88889
3.7037
17.7778
2.22222
0
2.96296
4.44444
5.18519
8.88889
0.555556
0
0
0
7.03704
35.5556
11.6667
0
16.6667
13.3333
20
13.3333
11.8519
21.8519
14.4444
2.22222
2.96296
1.11111
0
0
0
0
0
0
0
0
0
0
0
0
0.555556
2.22222
4.07407
8.88889
22.4074
47.037
19.8148
18.8889
20
11.1111
25.1852
20.7407
30.7407
5.55556
2.77778
0
0
0
0
0
0
0
0
0
0
0
0
0
0
0
0
0
0
0
0
0
0
0
0
0
0
0
0
0
0
0
0
0
0
0
0
0
0
0
0
0
0
0
0
0
0
0
0
0
0
0
0
0
0
0
0
0
0
0
0
0
0
0
0
0
0
0
0
0
0
0
0
0
0
0
0
0
0
0
0
0
0
0
0
0
0
0
0
0
0
0
0
0
0
0
0
0
0
0
0
0
0
0
0
0
0
0
0
0
0
0
0
0
0
0
0
0
0
0
0
0
0
0
0
0
0
0
0
0
0
0
0
0
0
0
0
0
0
0
0
0
0
0
0
0
0
0
0
0
0
0
0
0
0
0
0
0
0
0
0
0
0
0
0
0
0
0
0
0
0
0
0
0
0
0
0
0
0
0
0
0
0
0
0
0
0
0
0
0
0
0
0
0
0
0
0.555556
0
2.22222
0.555556
5.55556
6.66667
4.44444
9.07407
1.66667
12.5926
1.48148
14.0741
8.88889
12.5926
5
6.2963
11.1111
16.2963
8.14815
9.44444
2.96296
3.7037
24.4444
0.740741
3.7037
7.40741
4.44444
6.66667
4.44444
5.92593
15.5556
6.66667
10.3704
0
15.5556
8.88889
7.77778
3.7037
1.11111
18.5185
11.1111
17.7778
13.3333
24.4444
17.963
4.44444
2.77778
0
6.66667
6.66667
7.40741
4.44444
12.2222
0
4.44444
0
0
7.22222
13.3333
5.92593
7.77778
0
8.88889
7.77778
5.18519
11.6667
15.5556
3.33333
2.22222
11.1111
16.6667
9.44444
23.7037
8.88889
6.66667
21.4815
18.5185
0
11.1111
5.55556
6.66667
20
2.96296
6.66667
2.22222
7.22222
0
10.3704
0
9.62963
4.44444
2.03704
1.11111
1.66667
0
0
0
0
0
0
0
0
0
0
0
0
0
0
0
0
0
0
0
0
0
0
0
0
0
0
0
0
0
0
0
0
0
0
0
0
0
0
0
0
0
0
0
0
0.555556
0
1.11111
0
1.11111
0.555556
1.48148
2.96296
0
4.44444
4.44444
0
2.22222
2.22222
0
6.66667
2.22222
0
0
3.7037
0
2.96296
4.44444
2.22222
13.3333
0
0
13.3333
0
0
0
0
0
4.44444
9.62963
11.1111
10.3704
4.44444
0
8.88889
17.7778
0
3.33333
0
8.88889
6.66667
20
12.2222
11.1111
11.1111
0
0
2.22222
4.44444
6.66667
2.22222
6.66667
2.03704
4.07407
0
1.11111
3.14815
0.555556
0
0
0
0
0
14.0741
0
7.77778
0
0
0
0
2.22222
2.77778
8.88889
2.22222
0
4.44444
4.44444
4.44444
6.66667
4.07407
0
0
0
4.44444
0
0
4.44444
0
5.18519
0
0
0
0
0
0
0.740741
0
