1
0.000000
0

4
0.000000
1
0.067604 0.329489 0.347646 0 0

4
0.000000
1
0.448951 0.757336 0.477488 0 0

4
2.543688
2
0.932395 0.829489 0.152354 0 0
0.448951 0.742664 -0.022512 0 0

2
2.573756
2
0.067604 0.329489 0.347646 0 0
-0.067605 0.670511 0.652354 0 0

2
2.576104
2
0.551049 0.257336 0.022512 0 0
0.448951 0.742664 -0.022512 0 0

4
2.662899
2
0.551049 0.242664 0.522512 0 0
0.551049 0.257336 1.022512 0 0

2
2.725223
2
0.551049 0.257336 0.022512 0 0
0.448951 -0.257336 -0.022512 0 0

4
2.786775
2
0.932395 0.829489 0.152354 0 0
0.932395 0.670511 0.652354 0 0

4
2.838534
2
0.067604 0.329489 0.347646 0 0
-0.067605 0.829489 0.152354 0 0

4
2.940831
2
0.551049 0.242664 0.522512 0 0
1.067604 0.170511 0.847646 0 0

4
2.966125
2
0.932395 0.829489 0.152354 0 0
0.551049 1.257336 0.022512 0 0

4
2.990775
2
0.551049 0.257336 0.022512 0 0
1.067604 0.170511 -0.152354 0 0

4
3.278445
2
0.448951 0.742664 0.977488 0 0
0.932395 0.670511 0.652354 0 0

4
3.561672
2
0.551049 0.242664 0.522512 0 0
0.932395 -0.329489 0.652354 0 0

4
3.647190
2
0.551049 0.257336 0.022512 0 0
0.448951 -0.242664 0.477488 0 0

4
3.689876
2
0.932395 0.670511 0.652354 0 0
0.551049 0.257336 1.022512 0 0

4
3.862644
2
0.448951 0.742664 0.977488 0 0
0.551049 0.242664 1.522512 0 0

2
3.897431
2
0.067604 0.170511 0.847646 0 0
-0.067605 0.829489 1.152354 0 0

4
4.029551
2
0.932395 0.670511 0.652354 0 0
0.448951 0.742664 -0.022512 0 0

4
4.031692
2
0.067604 0.170511 0.847646 0 0
-0.551049 -0.257336 0.977488 0 0

2
4.056700
2
0.067604 0.170511 0.847646 0 0
-0.067605 -0.170511 0.152354 0 0

4
4.061738
2
0.067604 0.329489 0.347646 0 0
-0.551049 0.742664 -0.022512 0 0

4
4.181654
2
0.932395 0.829489 0.152354 0 0
0.551049 1.242664 -0.477488 0 0

4
4.277069
2
0.932395 0.670511 0.652354 0 0
0.551049 1.257336 1.022512 0 0

4
4.488001
2
0.067604 0.170511 0.847646 0 0
-0.551049 0.742664 0.977488 0 0

4
2.838534
3
0.067604 0.329489 0.347646 0 0
-0.067605 0.670511 0.652354 0 0
-0.067605 0.829489 0.152354 0 0

4
2.966125
3
0.932395 0.829489 0.152354 0 0
0.448951 0.742664 -0.022512 0 0
0.551049 1.257336 0.022512 0 0

4
2.966125
3
0.932395 0.829489 0.152354 0 0
1.067604 1.329489 0.347646 0 0
0.551049 1.257336 0.022512 0 0

4
2.990775
3
0.551049 0.257336 0.022512 0 0
0.551049 0.242664 -0.477488 0 0
1.067604 0.170511 -0.152354 0 0

4
2.990775
3
0.551049 0.257336 0.022512 0 0
1.067604 0.329489 0.347646 0 0
1.067604 0.170511 -0.152354 0 0

4
2.990775
3
0.551049 0.257336 0.022512 0 0
0.932395 -0.170511 0.152354 0 0
1.067604 0.170511 -0.152354 0 0

4
3.278445
3
0.448951 0.742664 0.977488 0 0
0.932395 0.829489 1.152354 0 0
0.932395 0.670511 0.652354 0 0

4
3.278445
3
0.448951 0.742664 0.977488 0 0
0.448951 0.757336 0.477488 0 0
0.932395 0.670511 0.652354 0 0

4
3.561672
3
0.551049 0.242664 0.522512 0 0
0.448951 -0.242664 0.477488 0 0
0.932395 -0.329489 0.652354 0 0

4
3.561672
3
0.551049 0.242664 0.522512 0 0
1.067604 0.170511 0.847646 0 0
0.932395 -0.329489 0.652354 0 0

