3.940523 0.000000 0.000000
0.000000 3.940523 0.000000
0.000000 0.000000 3.940523
1.000000 0.000000 0.000000
0.000000 1.000000 0.000000
0.000000 0.000000 1.000000
0.500000 0.500000 0.500000 Nb_sv
1.000000 1.000000 1.000000 Sr_sv
1.000000 0.500000 0.500000 O
0.500000 1.000000 0.500000 O
0.500000 0.500000 1.000000 O
end

3.940523 0.000000 0.000000
0.000000 3.940523 0.000000
0.000000 0.000000 3.940523
1.000000 -2.000000 1.000000
2.000000 -1.000000 1.000000
1.000000 -1.000000 2.000000
1.500000 -1.500000 1.500000 Nb_sv
3.000000 -3.000000 3.000000 Sr_sv
2.000000 -1.500000 1.500000 O
2.500000 -3.000000 2.500000 O
1.500000 -1.500000 2.000000 O
2.500000 -2.500000 2.500000 Nb_sv
4.000000 -4.000000 4.000000 Sr_sv
3.000000 -2.500000 2.500000 O
2.500000 -2.000000 2.500000 O
2.500000 -2.500000 3.000000 O
3.500000 -3.500000 3.500000 Nb_sv
1.000000 -1.000000 1.000000 Sr_sv
2.000000 -2.500000 2.500000 O
3.500000 -3.000000 3.500000 O
2.500000 -2.500000 2.000000 O
0.500000 -0.500000 0.500000 Ti_sv
2.000000 -2.000000 2.000000 Sr_sv
3.000000 -3.500000 3.500000 O
1.500000 -2.000000 1.500000 O
3.500000 -3.500000 3.000000 O
end

3.940523 0.000000 0.000000
0.000000 3.940523 0.000000
0.000000 0.000000 3.940523
-1.000000 -1.000000 0.000000
1.000000 0.000000 -1.000000
1.000000 -1.000000 1.000000
0.500000 -1.500000 -0.500000 Nb_sv
1.000000 -1.000000 0.000000 Sr_sv
0.000000 -1.500000 0.500000 O
0.500000 -1.000000 -0.500000 O
0.500000 -1.500000 0.000000 O
0.500000 -1.500000 0.500000 Nb_sv
1.000000 -2.000000 0.000000 Sr_sv
1.000000 -1.500000 0.500000 O
0.500000 -1.000000 0.500000 O
1.500000 -1.500000 0.000000 O
0.500000 -0.500000 -0.500000 Ti_sv
0.000000 -1.000000 0.000000 Sr_sv
1.000000 -0.500000 -0.500000 O
0.500000 -2.000000 0.500000 O
0.500000 -0.500000 0.000000 O
end

3.940523 0.000000 0.000000
0.000000 3.940523 0.000000
0.000000 0.000000 3.940523
1.000000 0.000000 -1.000000
1.000000 -1.000000 0.000000
0.000000 -1.000000 -1.000000
1.500000 -1.500000 -1.500000 Nb_sv
2.000000 -2.000000 -2.000000 Sr_sv
2.000000 -1.500000 -1.500000 O
1.500000 -1.000000 -1.500000 O
1.500000 -1.500000 -1.000000 O
0.500000 -0.500000 -0.500000 Ti_sv
1.000000 -1.000000 -1.000000 Sr_sv
1.000000 -1.500000 -1.500000 O
1.500000 -2.000000 -1.500000 O
1.500000 -1.500000 -2.000000 O
end

3.940523 0.000000 0.000000
0.000000 3.940523 0.000000
0.000000 0.000000 3.940523
-1.000000 -1.000000 0.000000
1.000000 0.000000 -1.000000
1.000000 -1.000000 1.000000
0.500000 -1.500000 -0.500000 Nb_sv
1.000000 -1.000000 0.000000 Sr_sv
0.000000 -1.500000 0.500000 O
0.500000 -1.000000 -0.500000 O
0.500000 -1.500000 0.000000 O
0.500000 -1.500000 0.500000 Ti_sv
1.000000 -2.000000 0.000000 Sr_sv
1.000000 -1.500000 0.500000 O
0.500000 -1.000000 0.500000 O
1.500000 -1.500000 0.000000 O
0.500000 -0.500000 -0.500000 Ti_sv
0.000000 -1.000000 0.000000 Sr_sv
1.000000 -0.500000 -0.500000 O
0.500000 -2.000000 0.500000 O
0.500000 -0.500000 0.000000 O
end

3.940523 0.000000 0.000000
0.000000 3.940523 0.000000
0.000000 0.000000 3.940523
1.000000 -2.000000 1.000000
2.000000 -1.000000 1.000000
1.000000 -1.000000 2.000000
1.500000 -1.500000 1.500000 Nb_sv
3.000000 -3.000000 3.000000 Sr_sv
2.000000 -1.500000 1.500000 O
2.500000 -3.000000 2.500000 O
1.500000 -1.500000 2.000000 O
2.500000 -2.500000 2.500000 Ti_sv
4.000000 -4.000000 4.000000 Sr_sv
3.000000 -2.500000 2.500000 O
2.500000 -2.000000 2.500000 O
2.500000 -2.500000 3.000000 O
3.500000 -3.500000 3.500000 Ti_sv
1.000000 -1.000000 1.000000 Sr_sv
2.000000 -2.500000 2.500000 O
3.500000 -3.000000 3.500000 O
2.500000 -2.500000 2.000000 O
0.500000 -0.500000 0.500000 Ti_sv
2.000000 -2.000000 2.000000 Sr_sv
3.000000 -3.500000 3.500000 O
1.500000 -2.000000 1.500000 O
3.500000 -3.500000 3.000000 O
end

3.940523 0.000000 0.000000
0.000000 3.940523 0.000000
0.000000 0.000000 3.940523
4.999996 0.000000 0.000000
-0.000000 3.000008 0.000000
-0.000000 -0.000000 0.999994
0.000000 0.000000 0.000000 Sr_sv
0.999999 0.000000 0.000000 Sr_sv
1.999998 0.000000 0.000000 Sr_sv
2.999998 0.000000 0.000000 Sr_sv
3.999997 0.000000 0.000000 Sr_sv
-0.000000 0.999993 0.000000 Sr_sv
0.999999 0.999993 0.000000 Sr_sv
1.999998 0.999993 0.000000 Sr_sv
2.999998 0.999993 0.000000 Sr_sv
3.999997 0.999993 0.000000 Sr_sv
-0.000000 2.000015 0.000000 Sr_sv
0.999999 2.000015 0.000000 Sr_sv
1.999998 2.000015 0.000000 Sr_sv
2.999998 2.000015 0.000000 Sr_sv
3.999997 2.000015 0.000000 Sr_sv
0.500000 0.500011 0.499997 Ti_sv
1.499999 0.500011 0.499997 Ti_sv
2.499998 0.500011 0.499997 Ti_sv
3.499997 0.500011 0.499997 Ti_sv
4.499996 0.500011 0.499997 Ti_sv
0.500000 1.500004 0.499997 Ti_sv
1.499999 1.500004 0.499997 Ti_sv
2.499998 1.500004 0.499997 Ti_sv
3.499997 1.500004 0.499997 Nb_sv
4.499996 1.500004 0.499997 Ti_sv
0.500000 2.499996 0.499997 Ti_sv
1.499999 2.499996 0.499997 Ti_sv
2.499998 2.499996 0.499997 Ti_sv
3.499997 2.499996 0.499997 Ti_sv
4.499996 2.499996 0.499997 Ti_sv
-0.000000 0.500011 0.499997 O
0.500000 -0.000000 0.499997 O
0.500000 0.500011 0.000000 O
0.999999 0.500011 0.499997 O
1.499999 -0.000000 0.499997 O
1.499999 0.500011 0.000000 O
1.999998 0.500011 0.499997 O
2.499998 -0.000000 0.499997 O
2.499998 0.500011 0.000000 O
2.999998 0.500011 0.499997 O
3.499997 -0.000000 0.499997 O
3.499997 0.500011 0.000000 O
3.999997 0.500011 0.499997 O
4.499996 -0.000000 0.499997 O
4.499996 0.500011 0.000000 O
-0.000000 1.500004 0.499997 O
0.500000 0.999993 0.499997 O
0.500000 1.500004 0.000000 O
0.999999 1.500004 0.499997 O
1.499999 0.999993 0.499997 O
1.499999 1.500004 0.000000 O
1.999998 1.500004 0.499997 O
2.499998 0.999993 0.499997 O
2.499998 1.500004 0.000000 O
2.999998 1.500004 0.499997 O
3.499997 0.999993 0.499997 O
3.499997 1.500004 0.000000 O
3.999997 1.500004 0.499997 O
4.499996 0.999993 0.499997 O
4.499996 1.500004 0.000000 O
-0.000000 2.499996 0.499997 O
0.500000 2.000015 0.499997 O
0.500000 2.499996 0.000000 O
0.999999 2.499996 0.499997 O
1.499999 2.000015 0.499997 O
1.499999 2.499996 0.000000 O
1.999998 2.499996 0.499997 O
2.499998 2.000015 0.499997 O
2.499998 2.499996 0.000000 O
2.999998 2.499996 0.499997 O
3.499997 2.000015 0.499997 O
3.499997 2.499996 0.000000 O
3.999997 2.499996 0.499997 O
4.499996 2.000015 0.499997 O
4.499996 2.499996 0.000000 O
end

3.940523 0.000000 0.000000
0.000000 3.940523 0.000000
0.000000 0.000000 3.940523
1.000000 0.000000 0.000000
0.000000 1.000000 0.000000
0.000000 0.000000 1.000000
0.500000 0.500000 0.500000 Ti_sv
1.000000 1.000000 1.000000 Sr_sv
1.000000 0.500000 0.500000 O
0.500000 1.000000 0.500000 O
0.500000 0.500000 1.000000 O
end

