0.000000 0.600000 0.200000 0.200000 -0.000000 -0.016122 0.016122 1.000000 0
0.200000 0.600000 0.200000 0.000000 -0.000000 0.009441 -0.009441 1.000000 1
0.100000 0.600000 0.200000 0.100000 -0.097780 -0.085154 -0.012625 1.000000 2
0.100000 0.600000 0.200000 0.100000 -0.115162 -0.117723 0.002561 1.000000 3
0.100000 0.600000 0.200000 0.100000 -0.073994 -0.076420 0.002426 1.000000 4
0.133333 0.600000 0.200000 0.066667 -0.072479 -0.057583 -0.014896 1.000000 10
0.066667 0.600000 0.200000 0.133333 -0.079910 -0.069786 -0.010124 1.000000 5
0.133333 0.600000 0.200000 0.066667 -0.076499 -0.061265 -0.015234 1.000000 6
0.066667 0.600000 0.200000 0.133333 -0.103947 -0.106211 0.002264 1.000000 7
0.133333 0.600000 0.200000 0.066667 -0.084023 -0.088588 0.004565 1.000000 8
0.066667 0.600000 0.200000 0.133333 -0.081907 -0.076315 -0.005592 1.000000 9
0.100000 0.600000 0.200000 0.100000 -0.076619 -0.063353 -0.013266 1.000000 12
0.050000 0.600000 0.200000 0.150000 -0.092077 -0.084342 -0.007735 1.000000 14
0.150000 0.600000 0.200000 0.050000 -0.067243 -0.064734 -0.002509 1.000000 16
0.050000 0.600000 0.200000 0.150000 -0.091437 -0.083754 -0.007683 1.000000 17
0.050000 0.600000 0.200000 0.150000 -0.068855 -0.076750 0.007895 1.000000 28
0.150000 0.600000 0.200000 0.050000 -0.045558 -0.039550 -0.006008 1.000000 29
0.173333 0.600000 0.200000 0.026667 -0.023307 -0.022635 -0.000673 1.000000 iter1_0_1_2_3_5_6_7_8_9_10_11_13_14
0.160000 0.600000 0.200000 0.040000 -0.034451 -0.037968 0.003517 1.000000 iter1_0_1_2_3_5_8_9_10_11_12_13_14
0.146667 0.600000 0.200000 0.053333 -0.046049 -0.051546 0.005497 1.000000 iter1_0_1_3_4_6_7_8_10_11_13_14
0.093333 0.600000 0.200000 0.106667 -0.076733 -0.080551 0.003818 1.000000 iter1_0_1_3_8_10_11_13
0.120000 0.600000 0.200000 0.080000 -0.063441 -0.070821 0.007380 1.000000 iter1_0_2_3_5_7_8_10_12_13
0.106667 0.600000 0.200000 0.093333 -0.071697 -0.075840 0.004143 1.000000 iter1_0_2_5_7_8_10_12_13
0.186667 0.600000 0.200000 0.013333 -0.008575 -0.006992 -0.001583 1.000000 iter1_1_2_3_4_5_6_7_8_9_10_11_12_13_14
0.080000 0.600000 0.200000 0.120000 -0.077665 -0.079425 0.001760 1.000000 iter1_1_3_5_6_13_14
0.040000 0.600000 0.200000 0.160000 -0.064465 -0.061077 -0.003388 1.000000 iter1_1_8_10
0.066667 0.600000 0.200000 0.133333 -0.076854 -0.076851 -0.000003 1.000000 iter1_2_5_9_12_14
0.053333 0.600000 0.200000 0.146667 -0.073790 -0.071644 -0.002146 1.000000 iter1_3_4_6_11
0.026667 0.600000 0.200000 0.173333 -0.052952 -0.049550 -0.003402 1.000000 iter1_8_11
0.013333 0.600000 0.200000 0.186667 -0.033164 -0.033232 0.000068 1.000000 iter1_8
0.133333 0.600000 0.200000 0.066667 -0.054833 -0.059908 0.005075 1.000000 iter2_1_2_3_4_5_6_7_10_13_14
0.120000 0.600000 0.200000 0.080000 -0.063620 -0.066596 0.002976 1.000000 iter2_1_2_4_6_7_9_10_13_14
0.106667 0.600000 0.200000 0.093333 -0.067038 -0.068068 0.001031 1.000000 iter2_1_3_4_5_7_11_13_14
0.080000 0.600000 0.200000 0.120000 -0.074643 -0.074202 -0.000441 1.000000 iter2_1_3_5_7_10_13
0.053333 0.600000 0.200000 0.146667 -0.072431 -0.070054 -0.002378 1.000000 iter2_2_9_11_14
0.066667 0.600000 0.200000 0.133333 -0.072998 -0.071375 -0.001623 1.000000 iter2_3_5_7_11_14
0.146667 0.600000 0.200000 0.053333 -0.042776 -0.049416 0.006640 1.000000 iter3_0_1_2_3_4_5_10_11_12_13_14
0.173333 0.600000 0.200000 0.026667 -0.021221 -0.023117 0.001896 1.000000 iter3_0_1_2_3_4_6_7_8_10_11_12_13_14
0.106667 0.600000 0.200000 0.093333 -0.065378 -0.072069 0.006691 1.000000 iter3_0_1_2_3_5_6_7_8
0.080000 0.600000 0.200000 0.120000 -0.076229 -0.079707 0.003479 1.000000 iter3_0_1_8_10_11_13
0.120000 0.600000 0.200000 0.080000 -0.060606 -0.067304 0.006698 1.000000 iter3_0_2_3_4_10_11_12_13_14
0.160000 0.600000 0.200000 0.040000 -0.031971 -0.037259 0.005288 1.000000 iter3_1_2_5_6_7_8_9_10_11_12_13_14
0.120000 0.600000 0.200000 0.080000 -0.064348 -0.068386 0.004039 1.000000 iter4_0_1_2_7_8_9_10_11_14
0.093333 0.600000 0.200000 0.106667 -0.076142 -0.078627 0.002485 1.000000 iter4_0_1_4_6_7_13_14
0.106667 0.600000 0.200000 0.093333 -0.072568 -0.074881 0.002313 1.000000 iter4_0_1_4_8_9_11_12_13
0.040000 0.600000 0.200000 0.160000 -0.065389 -0.061475 -0.003914 1.000000 iter4_0_4_7
0.133333 0.600000 0.200000 0.066667 -0.054661 -0.061155 0.006495 1.000000 iter4_2_3_5_6_7_8_9_10_11_14
0.133333 0.600000 0.200000 0.066667 -0.053922 -0.061465 0.007543 1.000000 iter5_0_1_2_4_5_6_7_9_12_14
