161.0000 0.05 1
120
0
0
0
0
0
0
0
0
0
0
0
0
0
0
0
0
0
0
0
0
0
0
0
0
0
0
0
0
40
0
0
0
0
0
0
0
0
0
0
0
0
0
0
0
0
0
0
0
0
0
0
0
0
0
0
0
0
0
0
0
0
0
0
0
0
0
0
0
0
0
0
0
0
0
0
0
0
0
0
0
0
0
0
0
0
0
0
0
0
0
0
0
0
0
0
0
0
0
0
0
0
0
0
0
0
0
0
0
0
0
0
0
0
0
0
0
0
0
0
0
0
0
0
0
0
0
0
0
0
0
0
0
0
0
0
0
0
0
0
0
0
0
0
0
0
0
0
0
0
0
0
0
0
0
0
0
0
0
0
0
0
0
0
0
0
0
0
0
0
0
0
0
0
0
0
0
0
0
0
0
0
0
0
0
0
0
0
0
0
0
0
0
0
0
0
0
0
0
0
0
0
0
0
0
0
0
0
0
0
0
0
0
0
0
0
0
0
0
0
0
0
0
0
0
0
0
0
0
0
0
0
0
0
0
0
0
0
0
0
0
0
0
0
0
0
0
0
0
0
0
0
0
0
0
0
0
0
0
0
0
0
0
0
0
0
0
0
0
0
0
0
0
0
0
0
0
0
0
0
0
0
0
0
0
0
0
0
0
0
0
0
0
0
0
0
0
0
0
0
0
0
0
0
0
0
0
0
0
0
0
0
0
0
0
0
0
0
0
0
0
0
0
0
0
0
0
0
0
0
0
0
0
0
0
0
0
0
0
0
0
0
0
0
0
0
0
0
0
0
0
0
0
0
0
0
0
0
0
0
0
0
0
0
0
0
0
0
0
0
0
0
0
0
0
0
0
0
0
0
0
0
0
0
0
0
0
0
0
0
0
0
0
0
0
0
0
0
0
0
0
0
0
0
0
0
0
0
0
0
0
0
0
0
0
0
0
0
0
0
0
0
0
0
0
0
0
0
0
0
0
0
0
0
0
0
0
0
0
0
0
0
0
0
0
0
0
0
0
0
0
0
0
0
0
0
0
0
0
0
0
121.92
38.08
0
0
0
0
0
0
0
0
0
0
120
120
120
0
0
0
0
0
0
0
0
0
0
0
0
0
0
0
0
0
0
0
0
0
0
0
0
0
0
0
0
120
0
0
0
0
0
0
0
0
0
0
0
0
0
0
0
0
0
0
0
0
0
0
0
0
0
0
0
0
0
0
0
0
0
0
0
0
0
0
0
0
0
0
0
0
0
0
0
0
0
0
0
0
0
0
0
0
0
0
0
0
0
0
0
0
0
0
0
0
0
0
0
0
0
0
0
0
0
0
0
0
0
0
0
0
0
0
0
0
0
0
0
0
0
0
0
0
0
0
0
0
0
0
0
0
0
0
0
0
0
0
0
0
0
0
0
0
0
0
0
0
0
0
0
0
0
0
0
0
0
0
0
0
0
0
0
0
0
0
0
0
0
0
0
0
0
0
0
0
0
0
0
0
0
0
0
0
0
0
0
0
0
0
0
0
0
0
0
0
0
0
0
0
0
0
0
0
0
0
0
0
0
0
0
0
0
0
0
0
0
0
0
0
0
0
0
0
0
0
0
0
0
0
0
0
0
0
0
0
0
0
0
0
0
0
0
0
0
0
0
0
0
0
0
0
0
0
0
0
0
0
0
0
0
0
0
0
0
0
0
0
0
0
0
0
0
0
0
0
0
0
0
0
0
0
0
0
0
0
0
0
0
0
1.92
0
2.56
7.68
1.92
23.04
9.28
2.56
7.68
7.68
1.92
23.04
7.68
6.4
16.64
6.4
7.68
5.76
11.52
12.8
11.52
7.68
8.96
28.16
5.76
14.08
23.04
22.08
25.6
39.04
12.16
19.84
15.36
52.48
11.52
12.8
5.76
0
0
0
0
0
0
0
0
0
0
0
0
0
1.92
11.52
16.64
12.16
39.36
88.64
55.04
24.96
24.96
56.32
14.08
47.04
31.36
36.48
15.68
1.92
1.92
0
0
0
0
0
0
0
0
0
0
0
0
0
0
0
0
0
0
0
0
0
0
0
0
0
0
0
0
0
0
0
0
0
0
0
0
0
0
0
0
0
0
0
0
0
0
0
0
0
0
0
0
0
0
0
0
0
0
0
0
0
0
0
0
0
0
0
0
0
0
0
0
0
0
0
0
0
0
0
0
0
0
0
0
0
0
0
0
0
0
0
0
0
0
0
0
0
0
0
0
0
0
0
0
0
0
0
0
0
0
0
0
0
0
0
0
0
0
0
0
0
0
0
0
0
0
0
0
0
0
0
0
0
0
0
0
0
0
0
0
0
0
0
0
0
0
0
0
0
0
0
0
0
0
0
0
0
0
0
0
0
0
0
0
0
0
0
0
0
0
0
0
0
0
0
0
0
0
0
0
0
0
0
0
0
0
0
0.64
1.92
13.44
3.84
1.92
13.44
6.08
7.68
7.68
11.84
9.6
0
8.32
7.68
12.8
26.88
7.68
7.68
10.88
10.24
16
35.2
20.48
17.92
16
1.92
7.68
17.6
5.12
11.52
2.56
23.04
7.68
7.68
22.4
26.88
14.72
37.12
19.2
17.92
5.12
34.56
24
44.16
7.68
51.84
38.4
19.84
7.68
14.72
15.36
18.56
9.6
11.52
1.92
11.52
2.56
7.68
3.84
0
30.72
11.52
32.64
0
6.72
15.68
11.52
17.92
19.2
4.8
7.68
16.64
26.88
8.96
15.36
7.68
30.72
15.36
26.24
27.84
26.88
15.36
28.16
24.96
15.36
29.44
0
15.36
12.8
11.52
19.2
19.2
7.36
7.68
8.96
11.52
3.84
15.04
1.92
1.92
0
0
0
0
0
0
0
0
0
0
0
0
0
0
0
0
0
0
0
0
0
0
0
0
0
0
0
0
0
0
0
0
0
0
0
0
0
0
0
0
0.96
1.92
0
1.92
3.84
0
3.84
7.68
7.68
7.68
0
7.68
0
0
0
7.68
0
26.88
0
15.36
7.68
0
3.84
2.56
5.12
0
7.68
11.52
11.52
19.2
23.04
0
12.8
8.96
0
16.64
26.88
7.68
27.84
26.88
19.2
27.84
11.52
15.36
7.68
15.36
11.52
11.52
0
15.36
10.24
5.12
13.12
1.92
3.84
5.76
7.68
1.92
1.92
2.56
3.84
11.52
0
5.12
0
9.92
8
0
0
3.84
7.68
13.44
3.84
7.68
1.92
0
0
7.68
0
0
12.8
0
7.68
3.84
2.56
7.68
0
3.84
1.92
0
10.24
0
2.56
0
