122.0000 0.05 1
40
0
0
0
0
0
0
0
0
0
0
0
0
0
0
0
0
0
0
0
0
0
0
0
0
0
0
0
0
0
0
0
0
63.6735
16.3265
0
0
0
0
0
0
0
0
0
0
0
0
0
0
0
0
0
0
0
0
0
0
0
0
0
0
0
0
0
0
0
0
0
0
0
0
0
0
0
0
0
0
0
0
0
0
0
0
0
0
0
0
0
0
0
0
0
0
0
0
0
0
0
0
0
0
0
0
0
0
0
0
0
0
0
0
0
0
0
0
0
0
0
0
0
0
0
0
0
0
0
0
0
0
0
0
0
0
0
0
0
0
0
0
0
0
0
0
0
0
0
0
0
0
0
0
0
0
0
0
0
0
0
0
0
0
0
0
0
0
0
0
0
0
0
0
0
0
0
0
0
0
0
0
0
0
0
0
0
0
0
0
0
0
0
0
0
0
0
0
0
0
0
0
0
0
0
0
0
0
0
0
0
0
0
0
0
0
0
0
0
0
0
0
0
0
0
0
0
0
0
0
0
0
0
0
0
0
0
0
0
0
0
0
0
0
0
0
0
0
0
0
0
0
0
0
0
0
0
0
0
0
0
0
0
0
0
0
0
0
0
0
0
0
0
0
0
0
0
0
0
0
0
0
0
0
0
0
0
0
0
0
0
0
0
0
0
0
0
0
0
0
0
0
0
0
0
0
0
0
0
0
0
0
0
0
0
0
0
0
0
0
0
0
0
0
0
0
0
0
0
0
0
0
0
0
0
0
0
0
0
0
0
0
0
0
0
0
0
0
0
0
0
0
0
0
0
0
0
0
0
0
0
0
0
0
0
0
0
0
0
0
0
0
0
0
0
0
0
0
0
0
0
0
0
0
0
0
0
0
0
0
0
0
0
0
0
0
0
0
0
0
0
0
0
0
0
0
0
0
0
0
0
0
0
0
0
0
0
0
0
0
0
0
0
0
0
0
0
0
0
0
0
0
0
0
0
0
0
0
0
0
0
0
0
0
0
0
0
40
0
0
0
0
0
27.7551
52.2449
0
0
0
0
0
0
0
0
0
0
0
0
0
0
0
0
0
0
0
0
0
22.8571
97.1429
0
0
0
0
0
0
0
0
0
0
0
0
0
0
0
0
0
0
0
0
0
0
0
0
0
0
0
0
0
0
0
0
45.7143
45.7143
40
108.571
0
0
0
0
0
0
0
0
0
0
0
0
0
0
0
0
0
0
0
0
0
0
0
0
0
0
0
0
0
0
0
0
0
0
0
0
0
0
0
0
0
0
0
0
0
0
0
0
0
0
0
0
0
0
0
0
0
0
0
0
0
0
0
0
0
0
0
0
0
0
0
0
0
0
0
0
0
0
0
0
0
0
0
0
0
0
0
0
0
0
0
0
0
0
0
0
0
0
0
0
0
0
0
0
0
0
0
0
0
0
0
0
0
0
0
0
0
0
0
0
0
0
0
0
0
0
0
0
0
0
0
0
0
0
0
0
0
0
0
0
0
0
0
0
0
0
0
0
0
0
0
0
0
0
0
0
0
0
0
0
0
0
0
0
0
0
0
0
0
0
0
0
0
0
0
0
0
0
0
0
0
0
0
0
0
0
0
0
0
0
0
0
0
0
0
0
0
0
0
0
0
0
0
0
0
0
0
0
0
0
0
0
0
0
0
0
0
0
0
0
0
0
0
0
0
0
0
0
0
0
0
0
0
0
0
0
0
0
0
0
0
0
0
0
0
0
0
0.544218
0.272109
3.26531
3.53741
7.07483
9.79592
9.79592
3.26531
2.17687
2.17687
10.8844
10.068
5.98639
5.44218
12.517
4.35374
16.3265
8.70748
7.61905
17.9592
4.62585
17.415
10.8844
15.2381
7.61905
13.0612
14.1497
26.6667
18.5034
16.3265
16.5986
14.4218
14.1497
20.6803
7.07483
0.816327
0
0
0
0
0
0
0
0
0
1.08844
10.3401
38.0952
9.79592
17.415
16.0544
16.3265
20.6803
42.9932
45.1701
32.1088
11.1565
6.53061
20.6803
9.79592
9.79592
10.8844
30.4762
10.6122
0
0
0
0
0
0
0
0
0
0
0
0
0
0
0
0
0
0
0
0
0
0
0
0
0
0
0
0
0
0
0
0
0
0
0
0
0
0
0
0
0
0
0
0
0
0
0
0
0
0
0
0
0
0
0
0
0
0
0
0
0
0
0
0
0
0
0
0
0
0
0
0
0
0
0
0
0
0
0
0
0
0
0
0
0
0
0
0
0
0
0
0
0
0
0
0
0
0
0
0
0
0
0
0
0
0
0
0
0
0
0
0
0
0
0
0
0
0
0
0
0
0
0
0
0
0
0
0
0
0
0
0
0
0
0
0
0
0
0
0
0
0
0
0
0
0
0
0
0
0
0
0
0
0
0
0
0
0
0
0
0
0
0
0
0
0
0
0
0
0
0
0
0
0
0
0
0
0
0
0
0
0
0
0
0
0
0
0
0
6.53061
0
18.5034
14.1497
3.26531
2.17687
4.35374
2.17687
0
7.61905
17.9592
8.70748
7.61905
2.17687
2.17687
23.1293
6.53061
6.53061
4.35374
9.79592
9.79592
19.5918
8.70748
7.61905
3.26531
13.0612
17.415
14.4218
11.9728
15.2381
8.70748
5.44218
16.3265
14.1497
8.70748
20.6803
0.544218
3.26531
20.6803
20.6803
7.61905
16.3265
14.1497
19.5918
19.5918
18.5034
7.61905
16.3265
27.2109
20.9524
7.34694
18.5034
9.79592
5.44218
4.35374
10.3401
7.61905
5.44218
10.8844
7.07483
16.3265
17.415
10.8844
3.26531
3.53741
4.35374
13.0612
4.35374
20.6803
25.034
22.8571
20.6803
15.2381
11.9728
14.6939
8.70748
5.98639
16.5986
8.16327
14.1497
14.1497
32.1088
16.8707
10.8844
15.2381
5.44218
4.35374
14.1497
5.44218
15.5102
9.79592
1.08844
1.08844
10.8844
5.98639
13.0612
0
0
0
0
3.26531
0
0
0
0
0
0
0
0
0
0
0
0
0
0
0
0
0
0
0
0
0
0
0
0
0
0
0
0
0
0
0
0
0
0
0
0
0
0.816327
0
0
0.816327
0.544218
1.08844
0
1.08844
0
1.08844
3.26531
3.26531
0
6.53061
4.08163
0
3.26531
6.53061
3.26531
2.17687
7.61905
7.61905
0
0
1.08844
3.26531
4.35374
2.17687
2.17687
4.35374
4.35374
0
7.61905
7.61905
7.61905
14.1497
4.35374
10.8844
4.89796
3.80952
9.79592
8.70748
5.44218
10.8844
2.17687
3.26531
18.5034
10.8844
11.9728
18.5034
14.1497
11.9728
11.9728
6.53061
2.17687
9.79592
8.70748
6.2585
10.8844
6.53061
3.26531
6.53061
1.08844
6.53061
5.71429
3.26531
0.544218
8.70748
6.2585
2.72109
1.63265
4.35374
4.35374
1.63265
6.53061
3.26531
1.08844
14.1497
0.544218
4.89796
2.17687
1.63265
2.17687
5.44218
4.35374
1.08844
4.35374
4.35374
4.35374
14.1497
0
16.3265
1.08844
5.44218
9.79592
4.35374
6.53061
14.1497
5.44218
9.79592
10.8844
19.5918
3.26531
10.8844
8.70748
11.9728
8.70748
7.61905
8.70748
6.53061
1.08844
4.35374
4.35374
2.17687
2.17687
0
