122.0000 0.05 1
40
0
0
0
0
0
0
0
0
0
0
0
0
0
0
0
0
0
0
0
0
0
0
0
0
0
0
0
0
0
80
0
0
0
0
0
0
0
0
0
0
0
0
0
0
0
0
0
0
0
0
0
0
0
0
0
0
0
0
0
0
0
0
0
0
0
0
0
0
0
0
0
0
0
0
0
0
0
0
0
0
0
0
0
0
0
0
0
0
0
0
0
0
0
0
0
0
0
0
0
0
0
0
0
0
0
0
0
0
0
0
0
0
0
0
0
0
0
0
0
0
0
0
0
0
0
0
0
0
0
0
0
0
0
0
0
0
0
0
0
0
0
0
0
0
0
0
0
0
0
0
0
0
0
0
0
0
0
0
0
0
0
0
0
0
0
0
0
0
0
0
0
0
0
0
0
0
0
0
0
0
0
0
0
0
0
0
0
0
0
0
0
0
0
0
0
0
0
0
0
0
0
0
0
0
0
0
0
0
0
0
0
0
0
0
0
0
0
0
0
0
0
0
0
0
0
0
0
0
0
0
0
0
0
0
0
0
0
0
0
0
0
0
0
0
0
0
0
0
0
0
0
0
0
0
0
0
0
0
0
0
0
0
0
0
0
0
0
0
0
0
0
0
0
0
0
0
0
0
0
0
0
0
0
0
0
0
0
0
0
0
0
0
0
0
0
0
0
0
0
0
0
0
0
0
0
0
0
0
0
0
0
0
0
0
0
0
0
0
0
0
0
0
0
0
0
0
0
0
0
0
0
0
0
0
0
0
0
0
0
0
0
0
0
0
0
0
0
0
0
0
0
0
0
0
0
0
0
0
0
0
0
0
0
0
0
0
0
0
0
0
0
0
0
0
0
0
0
0
0
0
0
0
0
0
0
0
0
0
0
0
0
0
0
0
0
0
0
0
0
0
0
0
0
0
0
0
0
0
0
0
0
0
0
0
0
0
0
0
0
0
0
0
0
0
0
0
0
0
0
0
0
0
0
0
0
0
0
0
0
0
0
0
40
0.277778
79.7222
0
0
0
0
0
0
0
0
0
0
0
0
0
0
0
0
0
0
0
0
0
0
0
0
0
0
0
80
40
0
0
0
0
0
0
0
0
0
0
0
0
0
0
0
0
0
0
0
0
0
0
0
0
0
0
0
0
0
0
120
120
0
0
0
0
0
0
0
0
0
0
0
0
0
0
0
0
0
0
0
0
0
0
0
0
0
0
0
0
0
0
0
0
0
0
0
0
0
0
0
0
0
0
0
0
0
0
0
0
0
0
0
0
0
0
0
0
0
0
0
0
0
0
0
0
0
0
0
0
0
0
0
0
0
0
0
0
0
0
0
0
0
0
0
0
0
0
0
0
0
0
0
0
0
0
0
0
0
0
0
0
0
0
0
0
0
0
0
0
0
0
0
0
0
0
0
0
0
0
0
0
0
0
0
0
0
0
0
0
0
0
0
0
0
0
0
0
0
0
0
0
0
0
0
0
0
0
0
0
0
0
0
0
0
0
0
0
0
0
0
0
0
0
0
0
0
0
0
0
0
0
0
0
0
0
0
0
0
0
0
0
0
0
0
0
0
0
0
0
0
0
0
0
0
0
0
0
0
0
0
0
0
0
0
0
0
0
0
0
0
0
0
0
0
0
0
0
0
0
0
0
0
0
0
0
0
0
0
0
0
0
0
0
0
0
0
0
0
0
0
0
0
0
0
0
0
0
0
0
0
0
0.833333
0
6.66667
5
11.6667
10.8333
5.55556
8.88889
10
7.77778
6.66667
2.5
5.55556
15.8333
2.5
1.66667
1.66667
24.7222
16.3889
10
8.33333
4.44444
15.2778
25.5556
21.6667
29.4444
30.8333
23.0556
26.6667
5.55556
10
2.77778
1.66667
0
0
0
0
0
0
0
0
0
0
0.555556
3.61111
6.11111
15.5556
30.2778
69.4444
33.6111
24.1667
25
27.5
38.6111
21.3889
46.1111
12.2222
5.83333
0
0
0
0
0
0
0
0
0
0
0
0
0
0
0
0
0
0
0
0
0
0
0
0
0
0
0
0
0
0
0
0
0
0
0
0
0
0
0
0
0
0
0
0
0
0
0
0
0
0
0
0
0
0
0
0
0
0
0
0
0
0
0
0
0
0
0
0
0
0
0
0
0
0
0
0
0
0
0
0
0
0
0
0
0
0
0
0
0
0
0
0
0
0
0
0
0
0
0
0
0
0
0
0
0
0
0
0
0
0
0
0
0
0
0
0
0
0
0
0
0
0
0
0
0
0
0
0
0
0
0
0
0
0
0
0
0
0
0
0
0
0
0
0
0
0
0
0
0
0
0
0
0
0
0
0
0
0
0
0
0
0
0
0
0
0
0
0
0
0
0
0
0
0
0
0
0
0
0
0
0
0
0
0
0
0
0
0
0
0
0
0
0
0
0
0
0
0.555556
1.66667
10.8333
4.44444
18.0556
8.33333
15
10.8333
11.6667
19.7222
23.0556
10
5.55556
6.66667
8.88889
15.5556
3.61111
7.77778
7.5
6.66667
7.22222
13.0556
4.72222
9.16667
8.33333
12.2222
19.7222
20.2778
9.16667
6.94444
21.1111
14.1667
12.5
20.5556
10.8333
13.6111
14.4444
18.3333
13.8889
13.6111
12.7778
15
22.7778
20.2778
26.6667
13.3333
10.8333
4.44444
7.5
7.5
3.33333
14.7222
3.33333
6.66667
0
6.66667
20.8333
6.94444
5.83333
17.7778
5
10
14.4444
9.44444
6.66667
21.3889
10
13.3333
18.3333
20
26.1111
18.8889
16.9444
20.2778
10.8333
22.2222
25.8333
6.94444
12.2222
11.1111
15.5556
7.22222
6.66667
9.44444
10.8333
5.83333
5
5.27778
12.7778
6.66667
4.72222
1.66667
0.833333
0
0
0
0
0
0
0
0
0
0
0
0
0
0
0
0
0
0
0
0
0
0
0
0
0
0
0
0
0
0
0
0
0
0
0
0
0
0
0
0
0
0
0
0
0
0.833333
0
0
1.66667
3.33333
0.833333
0.555556
0
6.11111
5
0
3.33333
5
6.66667
0
5
1.66667
3.33333
0
0.277778
6.66667
4.16667
0.555556
9.16667
6.38889
7.77778
5
0
6.66667
3.33333
8.33333
1.66667
6.66667
0
5
11.1111
4.44444
11.6667
5.27778
15
6.66667
7.5
11.6667
10
11.6667
8.33333
15.8333
20
10
7.5
9.16667
10
15.2778
8.88889
1.66667
1.66667
3.33333
15
1.66667
3.33333
6.11111
5.83333
3.05556
1.66667
1.66667
0
6.66667
3.33333
0
3.33333
1.66667
3.88889
12.7778
6.66667
3.33333
1.66667
13.3333
4.44444
0
8.33333
16.3889
6.66667
4.72222
4.16667
14.4444
5.27778
3.61111
0.833333
3.33333
5
6.66667
6.66667
4.44444
7.22222
11.6667
10.8333
13.3333
6.11111
10.8333
7.77778
13.3333
10.5556
11.1111
2.77778
8.61111
8.33333
1.94444
3.33333
0.555556
0
