-4.01863 -4.01863 0
4.01863 0 -4.01863
4.0244 -4.0244 4.0244
1 0 0
0 1 0
0 0 1
0.0000000000000000 0.0000000000000000 0.4951891686762693	Nb_sv
0.6666666666666643 0.3333333333333357 0.8381441646570664	Nb_sv
0.8333333333333357 0.1666666666666643 0.6666666666666643	O
0.6649598511635801 0.8324799255817936 0.3315844539188717	O
0.8333333333333357 0.6666666666666643 0.6666666666666643	O
0.4991465922484579 0.5008534077515421 0.0017488794144640	O
0.3333333333333357 0.1666666666666643 0.6666666666666643	O
0.4991465922484579 0.9982931844969158 0.0017488794144640	O
0.1675200744182064 0.8324799255817936 0.3315844539188717	O
0.0017068155030842 0.5008534077515421 0.0017488794144640	O
0.1675200744182064 0.3350401488364199 0.3315844539188717	O
0.3333333333333357 0.6666666666666643 0.6666666666666643	Sr_sv
0.0000000000000000 0.0000000000000000 0.0050152339730261	Sr_sv
0.6666666666666643 0.3333333333333357 0.3283180993603096	Sr_sv
0.3333333333333357 0.6666666666666643 0.1666666666666643	Ti_sv
