81.0000 0.05 1
40
0
0
0
0
0
0
0
0
0
0
0
0
0
0
0
0
0
0
0
0
0
0
0
0
0
0
0
0
0
0
0
40
0
0
0
0
0
0
0
0
0
0
0
0
0
0
0
0
0
0
0
0
0
0
0
0
0
0
0
0
0
0
0
0
0
0
0
0
0
0
0
0
0
0
0
0
0
0
0
0
0
0
0
0
0
0
0
0
0
0
0
0
0
0
0
0
0
0
0
0
0
0
0
0
0
0
0
0
0
0
0
0
0
0
0
0
0
0
0
0
0
0
0
0
0
0
0
0
0
0
0
0
0
0
0
0
0
0
0
0
0
0
0
0
0
0
0
0
0
0
0
0
0
0
0
0
0
0
0
0
0
0
0
0
0
0
0
0
0
0
0
0
0
0
0
0
0
0
0
0
0
0
0
0
0
0
0
0
0
0
0
0
0
0
0
0
0
0
0
0
0
0
0
0
0
0
0
0
0
0
0
0
0
0
0
0
0
0
0
0
0
0
0
0
0
0
0
0
0
0
0
0
0
0
0
0
0
0
0
0
0
0
0
0
0
0
0
0
0
0
0
0
0
0
0
0
0
0
0
0
0
0
0
0
0
0
0
0
0
0
0
0
0
0
0
0
0
0
0
0
0
0
0
0
0
0
0
0
0
0
0
0
0
0
0
0
0
0
0
0
0
0
0
0
0
0
0
0
0
0
0
0
0
0
0
0
0
0
0
0
0
0
0
0
0
0
0
0
0
0
0
0
0
0
0
0
0
0
0
0
0
0
0
0
0
0
0
0
0
0
0
0
0
0
0
0
0
0
0
0
0
0
0
0
0
0
0
0
0
0
0
0
0
0
0
0
0
0
0
0
0
0
0
0
0
0
0
0
0
0
0
0
0
0
0
0
0
0
0
0
0
0
0
0
0
0
0
0
0
0
0
0
0
0
0
0
0
0
0
0
0
0
0
0
0
0
0
0
0
0
0
0
0
0
0
0
0
0
0
0
0
0
0
0
0
0
0
0
0
0
0
0
76.875
3.125
0
0
0
0
0
0
0
0
0
0
0
0
0
0
0
0
0
0
30
90
0
0
0
0
0
0
0
0
0
0
0
0
0
0
0
0
0
0
0
0
0
0
0
0
0
0
0
0
0
0
0
30
60
20
10
0
0
0
0
0
0
0
0
0
0
0
0
0
0
0
0
0
0
0
0
0
0
0
0
0
0
0
0
0
0
0
0
0
0
0
0
0
0
0
0
0
0
0
0
0
0
0
0
0
0
0
0
0
0
0
0
0
0
0
0
0
0
0
0
0
0
0
0
0
0
0
0
0
0
0
0
0
0
0
0
0
0
0
0
0
0
0
0
0
0
0
0
0
0
0
0
0
0
0
0
0
0
0
0
0
0
0
0
0
0
0
0
0
0
0
0
0
0
0
0
0
0
0
0
0
0
0
0
0
0
0
0
0
0
0
0
0
0
0
0
0
0
0
0
0
0
0
0
0
0
0
0
0
0
0
0
0
0
0
0
0
0
0
0
0
0
0
0
0
0
0
0
0
0
0
0
0
0
0
0
0
0
0
0
0
0
0
0
0
0
0
0
0
0
0
0
0
0
0
0
0
0
0
0
0
0
0
0
0
0
0
0
0
0
0
0
0
0
0
0
0
0
0
0
0
0
0
0
0
0
0
0
0
0
0
0
0
0
0
0
0
0
0
0
0
0
0
0
0
0
0
0
0.46875
1.09375
2.5
3.125
6.5625
5
3.75
1.875
3.28125
4.21875
8.125
7.1875
4.0625
9.375
8.75
0
3.125
2.03125
10.3125
6.5625
5.625
9.84375
8.4375
8.75
10.3125
13.75
6.5625
20.7812
13.9062
10.625
16.25
19.6875
3.75
0.3125
0
0
0
0
0
0
0
0
0
0
0
0
0.15625
1.875
2.65625
6.875
10.625
25
43.125
29.2188
14.375
6.71875
16.25
15.625
15.3125
14.0625
21.0938
15
2.03125
0
0
0
0
0
0
0
0
0
0
0
0
0
0
0
0
0
0
0
0
0
0
0
0
0
0
0
0
0
0
0
0
0
0
0
0
0
0
0
0
0
0
0
0
0
0
0
0
0
0
0
0
0
0
0
0
0
0
0
0
0
0
0
0
0
0
0
0
0
0
0
0
0
0
0
0
0
0
0
0
0
0
0
0
0
0
0
0
0
0
0
0
0
0
0
0
0
0
0
0
0
0
0
0
0
0
0
0
0
0
0
0
0
0
0
0
0
0
0
0
0
0
0
0
0
0
0
0
0
0
0
0
0
0
0
0
0
0
0
0
0
0
0
0
0
0
0
0
0
0
0
0
0
0
0
0
0
0
0
0
0
0
0
0
0
0
0
0
0
0
0
0
0
0
0
0
0
0
0
0
0
0
0
0.625
0
2.5
6.25
0
0
0.46875
0.15625
0
2.65625
0.3125
13.2812
2.5
3.4375
1.25
1.25
3.125
6.71875
5.78125
3.125
0.9375
8.75
6.5625
15.9375
7.5
2.96875
4.375
2.8125
6.25
5.78125
6.5625
8.4375
12.0312
8.90625
8.125
7.03125
11.875
9.375
5
5.15625
2.5
10.625
10.625
7.96875
11.5625
5
11.875
1.25
11.875
8.75
24.6875
10.1562
11.4062
18.75
18.125
9.0625
6.25
4.84375
7.1875
3.4375
3.75
4.0625
5
1.875
8.125
7.1875
9.375
11.25
9.375
2.96875
1.875
3.4375
10.3125
3.75
9.0625
10.3125
10.3125
5
6.71875
11.25
17.5
14.6875
4.84375
9.375
10
10.9375
14.6875
6.5625
7.1875
11.25
10.625
5
13.75
4.375
11.875
7.1875
2.03125
2.8125
8.125
0.9375
8.75
1.25
3.4375
1.5625
1.875
0
0.625
0
0
0
0
0
0
0
0
0
0
0
0
0
0
0
0
0
0
0
0
0
0
0
0
0
0
0
0
0
0
0
0
0
0
0
0
0.625
0
0
0
0
0.3125
0.625
0.625
1.875
1.5625
0
0
2.34375
1.40625
3.125
5
1.25
2.5
2.5
3.75
2.5
1.25
2.5
0
0
0
0.625
3.4375
2.8125
3.4375
18.125
1.5625
5
10
0
0
0.625
3.125
2.5
2.5
1.875
5
11.875
14.375
8.75
11.25
10
7.1875
7.5
8.125
5
9.6875
0.625
10.625
2.5
3.125
6.25
0.3125
3.125
4.375
5
3.75
3.75
4.375
2.96875
2.5
2.5
1.25
3.75
6.875
0
0.3125
0
0
6.875
1.25
1.875
2.65625
2.5
0.625
0.625
0.625
2.03125
0
0
3.125
4.375
2.5
0.3125
1.25
3.4375
0.625
1.25
0
4.53125
1.875
5
0
2.1875
0.625
1.25
2.5
0
3.125
4.375
0
1.875
0
0
0
0
0.625
0
