0.000000 0.600000 0.200000 0.200000 -0.000000 -0.016084 0.016084 1.000000 0
0.200000 0.600000 0.200000 0.000000 -0.000000 0.009380 -0.009380 1.000000 1
0.100000 0.600000 0.200000 0.100000 -0.097780 -0.085995 -0.011784 1.000000 2
0.100000 0.600000 0.200000 0.100000 -0.115162 -0.117708 0.002547 1.000000 3
0.100000 0.600000 0.200000 0.100000 -0.073994 -0.076408 0.002414 1.000000 4
0.133333 0.600000 0.200000 0.066667 -0.072479 -0.057887 -0.014593 1.000000 10
0.066667 0.600000 0.200000 0.133333 -0.079910 -0.070309 -0.009601 1.000000 5
0.133333 0.600000 0.200000 0.066667 -0.076499 -0.061821 -0.014678 1.000000 6
0.066667 0.600000 0.200000 0.133333 -0.103947 -0.106325 0.002378 1.000000 7
0.133333 0.600000 0.200000 0.066667 -0.084023 -0.088436 0.004413 1.000000 8
0.066667 0.600000 0.200000 0.133333 -0.081907 -0.076126 -0.005781 1.000000 9
0.100000 0.600000 0.200000 0.100000 -0.076619 -0.063399 -0.013220 1.000000 12
0.050000 0.600000 0.200000 0.150000 -0.092077 -0.084458 -0.007619 1.000000 14
0.150000 0.600000 0.200000 0.050000 -0.067243 -0.064675 -0.002568 1.000000 16
0.050000 0.600000 0.200000 0.150000 -0.091437 -0.083797 -0.007640 1.000000 17
0.050000 0.600000 0.200000 0.150000 -0.068855 -0.076524 0.007669 1.000000 28
0.150000 0.600000 0.200000 0.050000 -0.045558 -0.039764 -0.005795 1.000000 29
0.173333 0.600000 0.200000 0.026667 -0.023307 -0.022946 -0.000361 1.000000 iter1_0_1_2_3_5_6_7_8_9_10_11_13_14
0.160000 0.600000 0.200000 0.040000 -0.034451 -0.038320 0.003869 1.000000 iter1_0_1_2_3_5_8_9_10_11_12_13_14
0.146667 0.600000 0.200000 0.053333 -0.046049 -0.051976 0.005926 1.000000 iter1_0_1_3_4_6_7_8_10_11_13_14
0.093333 0.600000 0.200000 0.106667 -0.076733 -0.081065 0.004331 1.000000 iter1_0_1_3_8_10_11_13
0.120000 0.600000 0.200000 0.080000 -0.063441 -0.071491 0.008050 1.000000 iter1_0_2_3_5_7_8_10_12_13
0.106667 0.600000 0.200000 0.093333 -0.071697 -0.076478 0.004781 1.000000 iter1_0_2_5_7_8_10_12_13
0.186667 0.600000 0.200000 0.013333 -0.008575 -0.007173 -0.001403 1.000000 iter1_1_2_3_4_5_6_7_8_9_10_11_12_13_14
0.080000 0.600000 0.200000 0.120000 -0.077665 -0.079468 0.001802 1.000000 iter1_1_3_5_6_13_14
0.040000 0.600000 0.200000 0.160000 -0.064465 -0.060877 -0.003589 1.000000 iter1_1_8_10
0.066667 0.600000 0.200000 0.133333 -0.076854 -0.076939 0.000085 1.000000 iter1_2_5_9_12_14
0.053333 0.600000 0.200000 0.146667 -0.073790 -0.071659 -0.002130 1.000000 iter1_3_4_6_11
0.026667 0.600000 0.200000 0.173333 -0.052952 -0.049421 -0.003531 1.000000 iter1_8_11
0.013333 0.600000 0.200000 0.186667 -0.033164 -0.033141 -0.000022 1.000000 iter1_8
0.133333 0.600000 0.200000 0.066667 -0.054833 -0.060070 0.005238 1.000000 iter2_1_2_3_4_5_6_7_10_13_14
0.120000 0.600000 0.200000 0.080000 -0.063620 -0.066869 0.003249 1.000000 iter2_1_2_4_6_7_9_10_13_14
0.106667 0.600000 0.200000 0.093333 -0.067038 -0.068107 0.001069 1.000000 iter2_1_3_4_5_7_11_13_14
0.080000 0.600000 0.200000 0.120000 -0.074643 -0.074207 -0.000437 1.000000 iter2_1_3_5_7_10_13
0.053333 0.600000 0.200000 0.146667 -0.072431 -0.070004 -0.002427 1.000000 iter2_2_9_11_14
0.066667 0.600000 0.200000 0.133333 -0.072998 -0.071098 -0.001900 1.000000 iter2_3_5_7_11_14
0.146667 0.600000 0.200000 0.053333 -0.042776 -0.049893 0.007118 1.000000 iter3_0_1_2_3_4_5_10_11_12_13_14
0.173333 0.600000 0.200000 0.026667 -0.021221 -0.023325 0.002104 1.000000 iter3_0_1_2_3_4_6_7_8_10_11_12_13_14
0.106667 0.600000 0.200000 0.093333 -0.065378 -0.072402 0.007025 1.000000 iter3_0_1_2_3_5_6_7_8
0.080000 0.600000 0.200000 0.120000 -0.076229 -0.079868 0.003639 1.000000 iter3_0_1_8_10_11_13
0.120000 0.600000 0.200000 0.080000 -0.060606 -0.067782 0.007176 1.000000 iter3_0_2_3_4_10_11_12_13_14
0.160000 0.600000 0.200000 0.040000 -0.031971 -0.037565 0.005594 1.000000 iter3_1_2_5_6_7_8_9_10_11_12_13_14
0.120000 0.600000 0.200000 0.080000 -0.064348 -0.068503 0.004155 1.000000 iter4_0_1_2_7_8_9_10_11_14
0.093333 0.600000 0.200000 0.106667 -0.076142 -0.078671 0.002529 1.000000 iter4_0_1_4_6_7_13_14
0.106667 0.600000 0.200000 0.093333 -0.072568 -0.075023 0.002455 1.000000 iter4_0_1_4_8_9_11_12_13
0.040000 0.600000 0.200000 0.160000 -0.065389 -0.061399 -0.003990 1.000000 iter4_0_4_7
0.133333 0.600000 0.200000 0.066667 -0.054661 -0.061409 0.006749 1.000000 iter4_2_3_5_6_7_8_9_10_11_14
