0.007289 0.000000 0.000000
-0.007289 -0.000000 0.000000
0.000000 0.000000 0.000000
-0.001071 0.000000 0.000000
-0.001071 0.000000 0.000000
0.004727 -0.000000 0.000000
0.001071 -0.000000 0.000000
0.001071 0.000000 -0.000000
0.000000 0.000000 0.000000
0.004424 0.000000 -0.000000
0.004424 0.000000 0.000000
-0.004727 -0.000000 0.000000
-0.004424 0.000000 0.000000
-0.004424 -0.000000 0.000000
0.000000 0.000000 0.000000
-0.004898 0.000000 0.000000
0.000000 0.000000 0.000000
0.004898 -0.000000 0.000000
0.005030 0.000000 0.000000
-0.005030 0.000000 0.000000
