4.02984 4.02984 -4.02984
4.02984 -4.02984 4.02984
-4.02984 -4.02984 -4.02984
1 0 0
0 1 0
0 0 1
0.5000000000000000 0.0000000000000000 0.0000000000000000	Nb_sv
0.0000000000000000 0.5000000000000000 0.0000000000000000	Nb_sv
0.0000000000000000 0.0000000000000000 0.5000000000000000	Nb_sv
0.7500000000000000 0.2500000000000000 0.0000000000000000	O
0.5000000000000000 0.7483917004371037 0.7483917004371037	O
0.2500000000000000 0.0000000000000000 0.7500000000000000	O
0.2500000000000000 0.7500000000000000 0.0000000000000000	O
0.0000000000000000 0.2500000000000000 0.7500000000000000	O
0.7483917004371037 0.5000000000000000 0.7483917004371037	O
0.2516082995628963 0.2516082995628963 0.5000000000000000	O
0.0000000000000000 0.7500000000000000 0.2500000000000000	O
0.7500000000000000 0.0000000000000000 0.2500000000000000	O
0.7483917004371037 0.7483917004371037 0.5000000000000000	O
0.5000000000000000 0.2516082995628963 0.2516082995628963	O
0.2516082995628963 0.5000000000000000 0.2516082995628963	O
0.5000000000000000 0.0000000000000000 0.5000000000000000	Sr_sv
0.0000000000000000 0.5000000000000000 0.5000000000000000	Sr_sv
0.0000000000000000 0.0000000000000000 0.0000000000000000	Sr_sv
0.5000000000000000 0.5000000000000000 0.0000000000000000	Sr_sv
0.5000000000000000 0.5000000000000000 0.5000000000000000	Ti_sv
