-0.000000 0.000000 -0.000000
0.002478 0.000000 -0.000000
-0.000000 -0.001502 -0.000000
-0.000000 0.000000 -0.001502
-0.007254 0.000000 -0.000000
-0.000000 0.000000 -0.000000
-0.000000 0.000000 -0.000000
0.007254 0.000000 -0.000000
-0.000000 0.001502 -0.000000
-0.000000 0.000000 0.001502
-0.002478 0.000000 -0.000000
-0.000000 -0.000000 -0.000000
-0.000000 -0.000000 -0.000000
-0.006589 0.000000 -0.000000
0.006589 0.000000 -0.000000
-0.006589 0.000000 -0.000000
0.006589 0.000000 -0.000000
-0.004989 0.000000 -0.000000
-0.000000 -0.000000 -0.000000
0.004989 0.000000 -0.000000
