19.7026004791 0.000000000 0.000000000 
0.000000000   11.8215999603 0.000000000
0.000000000 0.000000000 3.9405000210
1 0 0
0 1 0
0 0 1
0.000000000         0.000000000         0.000000000 Sr_sv 
0.200000003         0.000000000         0.000000000 Sr_sv
0.400000006         0.000000000         0.000000000 Sr_sv
0.600000024         0.000000000         0.000000000 Sr_sv
0.800000012         0.000000000         0.000000000 Sr_sv
0.000000000         0.333330005         0.000000000 Sr_sv
0.200000003         0.333330005         0.000000000 Sr_sv
0.400000006         0.333330005         0.000000000 Sr_sv
0.600000024         0.333330005         0.000000000 Sr_sv
0.800000012         0.333330005         0.000000000 Sr_sv
0.000000000         0.666670024         0.000000000 Sr_sv
0.200000003         0.666670024         0.000000000 Sr_sv
0.400000006         0.666670024         0.000000000 Sr_sv
0.600000024         0.666670024         0.000000000 Sr_sv
0.800000012         0.666670024         0.000000000 Sr_sv
0.100000001         0.166669995         0.500000000 Ti_sv 
0.300000012         0.166669995         0.500000000 Nb_sv
0.500000000         0.166669995         0.500000000 Ti_sv
0.699999988         0.166669995         0.500000000 Ti_sv
0.899999976         0.166669995         0.500000000 Ti_sv
0.100000001         0.500000000         0.500000000 Ti_sv
0.300000012         0.500000000         0.500000000 Ti_sv
0.500000000         0.500000000         0.500000000 Ti_sv
0.699999988         0.500000000         0.500000000 Nb_sv
0.899999976         0.500000000         0.500000000 Ti_sv
0.100000001         0.833329976         0.500000000 Nb_sv
0.300000012         0.833329976         0.500000000 Ti_sv
0.500000000         0.833329976         0.500000000 Ti_sv
0.699999988         0.833329976         0.500000000 Ti_sv
0.899999976         0.833329976         0.500000000 Ti_sv
0.000000000         0.166669995         0.500000000 O 
0.100000001         0.000000000         0.500000000 O
0.100000001         0.166669995         0.000000000 O
0.200000003         0.166669995         0.500000000 O
0.300000012         0.000000000         0.500000000 O
0.300000012         0.166669995         0.000000000 O
0.400000006         0.166669995         0.500000000 O
0.500000000         0.000000000         0.500000000 O
0.500000000         0.166669995         0.000000000 O
0.600000024         0.166669995         0.500000000 O
0.699999988         0.000000000         0.500000000 O
0.699999988         0.166669995         0.000000000 O
0.800000012         0.166669995         0.500000000 O
0.899999976         0.000000000         0.500000000 O
0.899999976         0.166669995         0.000000000 O
0.000000000         0.500000000         0.500000000 O
0.100000001         0.333330005         0.500000000 O
0.100000001         0.500000000         0.000000000 O
0.200000003         0.500000000         0.500000000 O
0.300000012         0.333330005         0.500000000 O
0.300000012         0.500000000         0.000000000 O
0.400000006         0.500000000         0.500000000 O
0.500000000         0.333330005         0.500000000 O
0.500000000         0.500000000         0.000000000 O
0.600000024         0.500000000         0.500000000 O
0.699999988         0.333330005         0.500000000 O
0.699999988         0.500000000         0.000000000 O
0.800000012         0.500000000         0.500000000 O
0.899999976         0.333330005         0.500000000 O
0.899999976         0.500000000         0.000000000 O
0.000000000         0.833329976         0.500000000 O
0.100000001         0.666670024         0.500000000 O
0.100000001         0.833329976         0.000000000 O
0.200000003         0.833329976         0.500000000 O
0.300000012         0.666670024         0.500000000 O
0.300000012         0.833329976         0.000000000 O
0.400000006         0.833329976         0.500000000 O
0.500000000         0.666670024         0.500000000 O
0.500000000         0.833329976         0.000000000 O
0.600000024         0.833329976         0.500000000 O
0.699999988         0.666670024         0.500000000 O
0.699999988         0.833329976         0.000000000 O
0.800000012         0.833329976         0.500000000 O
0.899999976         0.666670024         0.500000000 O
0.899999976         0.833329976         0.000000000 O
