0.333333 0.666667 0.000000 -0.000000 0.000950 -0.000950 1.000000 0
0.333333 0.500000 0.166667 0.007076 0.007413 -0.000337 1.000000 10
0.333333 0.500000 0.166667 0.024268 0.025328 -0.001060 1.000000 12
0.333333 0.500000 0.166667 -0.026042 -0.025466 -0.000576 1.000000 16
0.333333 0.500000 0.166667 -0.000932 -0.001696 0.000763 1.000000 24
0.333333 0.583333 0.083333 0.025107 0.024521 0.000587 1.000000 2
0.333333 0.500000 0.166667 0.015871 0.015734 0.000137 1.000000 34
0.333333 0.500000 0.166667 0.038658 0.038313 0.000345 1.000000 3
0.333333 0.500000 0.166667 0.009687 0.010446 -0.000759 1.000000 44
0.333333 0.500000 0.166667 0.036513 0.036778 -0.000265 1.000000 4
0.333333 0.500000 0.166667 0.021938 0.021099 0.000838 1.000000 5
0.333333 0.583333 0.083333 0.008391 0.007416 0.000975 1.000000 8
0.333333 0.500000 0.166667 -0.004736 -0.006282 0.001546 1.000000 9
0.333333 0.500000 0.166667 -0.010461 -0.008693 -0.001769 1.000000 136
0.333333 0.500000 0.166667 0.021169 0.020404 0.000765 1.000000 2143
0.333333 0.500000 0.166667 -0.005839 -0.006102 0.000263 1.000000 247
0.333333 0.583333 0.083333 0.004227 0.004977 -0.000749 1.000000 41462
0.333333 0.500000 0.166667 -0.034339 -0.033216 -0.001123 1.000000 49724
0.333333 0.500000 0.166667 -0.015280 -0.013527 -0.001753 1.000000 49774
0.333333 0.500000 0.166667 -0.039421 -0.038546 -0.000874 1.000000 669
0.333333 0.583333 0.083333 0.019661 0.018622 0.001039 1.000000 8417
0.333333 0.583333 0.083333 0.006441 0.006651 -0.000211 1.000000 8424
0.333333 0.583333 0.083333 0.001436 0.002285 -0.000849 1.000000 8439
0.333333 0.583333 0.083333 0.008935 0.007762 0.001173 1.000000 84
0.333333 0.583333 0.083333 0.015186 0.014258 0.000929 1.000000 86
0.333333 0.500000 0.166667 0.002641 0.002615 0.000026 1.000000 8942
0.333333 0.572917 0.093750 -0.002118 -0.000133 -0.001985 1.000000 10000010151
0.333333 0.583333 0.083333 -0.001908 -0.002361 0.000453 1.000000 10000010570
0.333333 0.572917 0.093750 0.000886 0.000765 0.000121 1.000000 10000010791
0.333333 0.562500 0.104167 -0.002540 -0.003809 0.001270 1.000000 10000012111
0.333333 0.572917 0.093750 0.000396 -0.001125 0.001521 1.000000 10000012861
0.333333 0.572917 0.093750 0.007157 0.007473 -0.000316 1.000000 10000013575
0.333333 0.583333 0.083333 0.001542 0.001278 0.000265 1.000000 10000014249
0.333333 0.562500 0.104167 -0.003439 -0.005705 0.002266 1.000000 10000014374
0.333333 0.583333 0.083333 0.001214 0.001991 -0.000777 1.000000 10000014803
0.333333 0.541667 0.125000 -0.008560 -0.011392 0.002831 1.000000 10000015392
0.333333 0.552083 0.114583 0.002816 0.002896 -0.000080 1.000000 10000015770
0.333333 0.531250 0.135417 -0.009674 -0.010628 0.000954 1.000000 10000015962
0.333333 0.500000 0.166667 -0.038615 -0.033221 -0.005394 1.000000 1000001
0.333333 0.583333 0.083333 -0.003994 -0.005736 0.001742 1.000000 1000002925
0.333333 0.562500 0.104167 -0.008890 -0.008649 -0.000241 1.000000 1000004008
0.333333 0.572917 0.093750 -0.000861 -0.002803 0.001942 1.000000 1000004137
0.333333 0.541667 0.125000 -0.014698 -0.017068 0.002370 1.000000 1000004912
0.333333 0.614583 0.052083 0.000085 0.001892 -0.001807 1.000000 1000005317
0.333333 0.572917 0.093750 0.001997 -0.000598 0.002594 1.000000 1000006075
0.333333 0.593750 0.072917 0.005371 0.005654 -0.000283 1.000000 1000006247
0.333333 0.593750 0.072917 -0.001910 -0.001826 -0.000084 1.000000 1000006265
0.333333 0.562500 0.104167 -0.002900 -0.001862 -0.001037 1.000000 1000006332
0.333333 0.604167 0.062500 -0.001371 -0.001555 0.000184 1.000000 1000006728
0.333333 0.583333 0.083333 -0.001836 -0.000961 -0.000875 1.000000 1000008099
0.333333 0.562500 0.104167 -0.006674 -0.008883 0.002209 1.000000 1000008283
0.333333 0.593750 0.072917 0.005042 0.006665 -0.001624 1.000000 1000009675
0.333333 0.541667 0.125000 -0.005126 -0.002181 -0.002945 1.000000 10000112176
0.333333 0.572917 0.093750 -0.000329 0.000038 -0.000368 1.000000 10000114294
0.333333 0.572917 0.093750 0.002562 0.001308 0.001253 1.000000 10000114622
0.333333 0.572917 0.093750 -0.002983 -0.003401 0.000419 1.000000 10000114834
0.333333 0.562500 0.104167 0.000109 -0.002252 0.002361 1.000000 10000115079
0.333333 0.541667 0.125000 -0.010760 -0.011742 0.000982 1.000000 10000115497
0.333333 0.500000 0.166667 -0.028741 -0.028304 -0.000437 1.000000 1000011
0.333333 0.583333 0.083333 -0.004982 -0.006349 0.001368 1.000000 1000014121
0.333333 0.583333 0.083333 0.006271 0.004826 0.001446 1.000000 1000015420
0.333333 0.583333 0.083333 -0.000474 0.000226 -0.000700 1.000000 1000016749
0.333333 0.583333 0.083333 -0.007036 -0.008804 0.001768 1.000000 1000016754
0.333333 0.531250 0.135417 -0.011150 -0.012350 0.001200 1.000000 1000017112
0.333333 0.552083 0.114583 -0.004028 -0.005055 0.001027 1.000000 1000017221
0.333333 0.583333 0.083333 0.006039 0.007171 -0.001132 1.000000 1000018218
0.333333 0.583333 0.083333 0.000582 0.001344 -0.000762 1.000000 1000018713
0.333333 0.593750 0.072917 0.001068 0.003559 -0.002491 1.000000 1000019810
0.333333 0.583333 0.083333 -0.004995 -0.003359 -0.001636 1.000000 1000021003
0.333333 0.541667 0.125000 -0.022947 -0.023569 0.000621 1.000000 1000021072
0.333333 0.583333 0.083333 -0.000129 0.000635 -0.000764 1.000000 10000210928
0.333333 0.572917 0.093750 0.000660 0.001373 -0.000714 1.000000 10000213050
0.333333 0.541667 0.125000 -0.010700 -0.011101 0.000401 1.000000 10000215343
0.333333 0.552083 0.114583 -0.005879 -0.004831 -0.001049 1.000000 10000215579
0.333333 0.583333 0.083333 0.005207 0.003824 0.001383 1.000000 10000215781
0.333333 0.562500 0.104167 -0.002209 -0.003345 0.001136 1.000000 10000215870
0.333333 0.562500 0.104167 -0.000687 -0.001625 0.000938 1.000000 10000215982
0.333333 0.562500 0.104167 0.000033 0.001192 -0.001159 1.000000 10000216188
0.333333 0.552083 0.114583 0.007744 0.006023 0.001721 1.000000 10000216485
0.333333 0.500000 0.166667 -0.029593 -0.028784 -0.000809 1.000000 1000021
0.333333 0.593750 0.072917 -0.002962 -0.003471 0.000508 1.000000 1000023479
0.333333 0.604167 0.062500 0.012733 0.012453 0.000279 1.000000 1000025197
0.333333 0.593750 0.072917 -0.001296 -0.002371 0.001075 1.000000 1000025583
0.333333 0.583333 0.083333 -0.005920 -0.006683 0.000763 1.000000 1000025663
0.333333 0.562500 0.104167 -0.004415 -0.002879 -0.001535 1.000000 1000025951
0.333333 0.562500 0.104167 -0.008030 -0.009145 0.001115 1.000000 1000026368
0.333333 0.583333 0.083333 0.003940 0.004134 -0.000195 1.000000 1000026449
0.333333 0.604167 0.062500 0.004763 0.008364 -0.003601 1.000000 100002684
0.333333 0.604167 0.062500 -0.000484 -0.000479 -0.000006 1.000000 100002710
0.333333 0.604167 0.062500 0.001546 0.000891 0.000655 1.000000 1000027546
0.333333 0.593750 0.072917 0.002900 0.002559 0.000342 1.000000 1000027939
0.333333 0.541667 0.125000 -0.014202 -0.015123 0.000921 1.000000 1000028672
0.333333 0.604167 0.062500 0.006965 0.006415 0.000550 1.000000 1000028859
0.333333 0.562500 0.104167 -0.011702 -0.011110 -0.000592 1.000000 1000028910
0.333333 0.572917 0.093750 -0.000495 -0.001737 0.001242 1.000000 1000029222
0.333333 0.593750 0.072917 0.001806 0.003486 -0.001681 1.000000 1000029522
0.333333 0.593750 0.072917 0.004877 0.005649 -0.000772 1.000000 1000029925
0.333333 0.572917 0.093750 0.000237 -0.002716 0.002953 1.000000 10000311096
0.333333 0.572917 0.093750 0.003369 0.001821 0.001548 1.000000 10000313008
0.333333 0.572917 0.093750 -0.002306 -0.001927 -0.000379 1.000000 10000313690
0.333333 0.614583 0.052083 0.000342 0.001071 -0.000729 1.000000 10000313857
0.333333 0.552083 0.114583 -0.010564 -0.009522 -0.001042 1.000000 10000314192
0.333333 0.572917 0.093750 -0.004574 -0.004059 -0.000515 1.000000 10000314774
0.333333 0.604167 0.062500 0.008470 0.007206 0.001264 1.000000 1000031491
0.333333 0.552083 0.114583 0.000433 -0.000614 0.001047 1.000000 10000315072
0.333333 0.614583 0.052083 0.007488 0.008004 -0.000516 1.000000 10000316505
0.333333 0.500000 0.166667 -0.027218 -0.028507 0.001290 1.000000 1000031
0.333333 0.593750 0.072917 0.002149 0.001685 0.000464 1.000000 10000320228
0.333333 0.572917 0.093750 -0.000421 -0.001058 0.000636 1.000000 10000323026
0.333333 0.562500 0.104167 -0.000695 0.000375 -0.001070 1.000000 10000324050
0.333333 0.572917 0.093750 0.001859 0.000820 0.001040 1.000000 10000325071
0.333333 0.593750 0.072917 -0.002002 -0.000144 -0.001858 1.000000 100003252
0.333333 0.552083 0.114583 -0.001847 -0.000520 -0.001327 1.000000 10000326528
0.333333 0.541667 0.125000 -0.006387 -0.005755 -0.000632 1.000000 10000327584
0.333333 0.593750 0.072917 0.002609 0.003046 -0.000437 1.000000 10000328750
0.333333 0.604167 0.062500 0.003630 0.004196 -0.000566 1.000000 10000329059
0.333333 0.541667 0.125000 -0.005611 -0.006255 0.000644 1.000000 10000330448
0.333333 0.562500 0.104167 -0.000836 -0.000796 -0.000041 1.000000 1000033070
0.333333 0.562500 0.104167 0.001799 0.005417 -0.003618 1.000000 10000332102
0.333333 0.541667 0.125000 -0.005065 -0.005189 0.000123 1.000000 10000332127
0.333333 0.572917 0.093750 -0.005646 -0.004584 -0.001061 1.000000 10000335758
0.333333 0.614583 0.052083 -0.000000 0.002712 -0.002712 1.000000 1000033650
0.333333 0.562500 0.104167 -0.005152 -0.005678 0.000526 1.000000 10000338140
0.333333 0.552083 0.114583 -0.005064 -0.003711 -0.001353 1.000000 10000338592
0.333333 0.562500 0.104167 -0.011049 -0.010586 -0.000463 1.000000 10000340540
0.333333 0.583333 0.083333 -0.003000 -0.002378 -0.000622 1.000000 10000340711
0.333333 0.562500 0.104167 -0.006975 -0.006878 -0.000097 1.000000 10000340818
0.333333 0.614583 0.052083 0.002631 0.002320 0.000311 1.000000 10000341030
0.333333 0.604167 0.062500 0.005302 0.006158 -0.000856 1.000000 10000341667
0.333333 0.541667 0.125000 -0.010343 -0.007082 -0.003261 1.000000 10000344672
0.333333 0.572917 0.093750 0.000289 -0.002699 0.002988 1.000000 10000345344
0.333333 0.583333 0.083333 0.005034 -0.001541 0.006575 1.000000 10000345851
0.333333 0.562500 0.104167 -0.013330 -0.012480 -0.000851 1.000000 10000348428
0.333333 0.541667 0.125000 -0.003910 -0.003652 -0.000259 1.000000 10000348893
0.333333 0.552083 0.114583 -0.008338 -0.005801 -0.002537 1.000000 10000349046
0.333333 0.552083 0.114583 -0.009264 -0.010733 0.001469 1.000000 10000350680
0.333333 0.572917 0.093750 0.001881 0.003174 -0.001292 1.000000 10000353792
0.333333 0.562500 0.104167 0.001584 -0.001244 0.002828 1.000000 10000355771
0.333333 0.552083 0.114583 -0.007717 -0.008978 0.001261 1.000000 10000356528
0.333333 0.604167 0.062500 -0.000968 0.002292 -0.003260 1.000000 10000357634
0.333333 0.604167 0.062500 0.006655 0.008360 -0.001705 1.000000 10000357986
0.333333 0.552083 0.114583 -0.000656 0.002422 -0.003079 1.000000 10000361087
0.333333 0.552083 0.114583 -0.005235 -0.005698 0.000464 1.000000 10000361245
0.333333 0.552083 0.114583 -0.008030 -0.008811 0.000780 1.000000 1000036136
0.333333 0.562500 0.104167 -0.005140 -0.007728 0.002588 1.000000 10000362435
0.333333 0.541667 0.125000 -0.002424 -0.001818 -0.000606 1.000000 10000363453
0.333333 0.520833 0.145833 -0.014835 -0.014515 -0.000320 1.000000 10000365272
0.333333 0.520833 0.145833 -0.018300 -0.016718 -0.001582 1.000000 10000365518
0.333333 0.583333 0.083333 0.001669 0.000821 0.000847 1.000000 1000036964
0.333333 0.593750 0.072917 -0.002663 -0.002278 -0.000385 1.000000 1000039138
0.333333 0.500000 0.166667 -0.038426 -0.037888 -0.000538 1.000000 20180602001
0.333333 0.500000 0.166667 -0.033223 -0.034690 0.001467 1.000000 20180602002
