0.333333 0.666667 0.000000 0.000000 0.003257 -0.003257 1.000000 0
0.000000 0.666667 0.333333 0.000000 0.008950 -0.008950 1.000000 1
0.166667 0.666667 0.166667 0.239004 0.242121 -0.003117 1.000000 2
0.166667 0.666667 0.166667 0.238815 0.240358 -0.001543 1.000000 3
0.250000 0.666667 0.083333 0.175782 0.170471 0.005311 1.000000 10
0.250000 0.666667 0.083333 0.175790 0.171099 0.004691 1.000000 11
0.166667 0.666667 0.166667 0.235659 0.246669 -0.011010 1.000000 12
0.083333 0.666667 0.250000 0.205486 0.199316 0.006171 1.000000 13
0.083333 0.666667 0.250000 0.205535 0.199795 0.005741 1.000000 14
0.250000 0.666667 0.083333 0.148663 0.148493 0.000170 1.000000 15
0.250000 0.666667 0.083333 0.148986 0.148996 -0.000009 1.000000 16
0.166667 0.666667 0.166667 0.202443 0.202588 -0.000145 1.000000 17
0.083333 0.666667 0.250000 0.177515 0.177212 0.000303 1.000000 18
0.083333 0.666667 0.250000 0.177751 0.177817 -0.000066 1.000000 19
0.250000 0.666667 0.083333 0.119129 0.125738 -0.006610 1.000000 4
0.250000 0.666667 0.083333 0.118996 0.125078 -0.006082 1.000000 5
0.166667 0.666667 0.166667 0.120871 0.130261 -0.009390 1.000000 6
0.166667 0.666667 0.166667 0.121022 0.129721 -0.008699 1.000000 7
0.083333 0.666667 0.250000 0.139186 0.128806 0.010380 1.000000 8
0.083333 0.666667 0.250000 0.139187 0.127703 0.011484 1.000000 9
0.222222 0.666667 0.111111 0.098824 0.087926 0.010898 1.000000 22
0.222222 0.666667 0.111111 0.098878 0.087566 0.011311 1.000000 24
0.166667 0.666667 0.166667 0.161797 0.166960 -0.005163 1.000000 28
0.166667 0.666667 0.166667 0.163077 0.166600 -0.003523 1.000000 34
0.018519 0.666667 0.314815 0.045809 0.049842 -0.004032 1.000000 dft_iter1_0_1_2_3_4_5_6_7_8_9_10_11_12_13_14_15_17
0.037037 0.666667 0.296296 0.069379 0.071005 -0.001625 1.000000 dft_iter1_0_1_2_3_4_5_6_8_9_10_11_12_13_14_15_16
0.129630 0.666667 0.203704 0.095496 0.097328 -0.001832 1.000000 dft_iter1_0_1_2_3_4_9_10_11_15_16_17
0.092593 0.666667 0.240741 0.094504 0.097719 -0.003215 1.000000 dft_iter1_0_1_2_5_6_7_8_9_10_11_15_16_17
0.148148 0.666667 0.185185 0.096659 0.096974 -0.000315 1.000000 dft_iter1_0_1_2_5_9_10_11_15_16_17
0.111111 0.666667 0.222222 0.091920 0.089824 0.002096 1.000000 dft_iter1_0_1_2_6_7_8_9_10_11_15_16_17
0.055556 0.666667 0.277778 0.085327 0.083556 0.001770 1.000000 dft_iter1_0_2_3_4_5_6_7_8_9_12_13_14_15_16_17
0.314815 0.666667 0.018519 0.035664 0.038693 -0.003029 1.000000 dft_iter1_0
0.074074 0.666667 0.259259 0.094907 0.094532 0.000375 1.000000 dft_iter1_1_2_3_4_5_7_8_9_10_11_12_13_14_17
0.185185 0.666667 0.148148 0.101905 0.097059 0.004846 1.000000 dft_iter1_3_4_5_10_11_12_13_14
0.203704 0.666667 0.129630 0.100394 0.096499 0.003895 1.000000 dft_iter1_3_4_5_8_12_13_14
0.240741 0.666667 0.092593 0.098353 0.094753 0.003601 1.000000 dft_iter1_3_5_9_10_11
0.259259 0.666667 0.074074 0.084515 0.085848 -0.001333 1.000000 dft_iter1_4_5_11_14
0.296296 0.666667 0.037037 0.061862 0.061114 0.000748 1.000000 dft_iter1_5_9
0.166667 0.666667 0.166667 0.086972 0.088401 -0.001430 1.000000 dft_iter1_6_7_8_12_13_14_15_16_17
0.277778 0.666667 0.055556 0.075304 0.074720 0.000584 1.000000 dft_iter1_8_12_14
