163.0000 0.05 1
40
0
0
0
0
0
0
0
0
0
0
0
0
0
0
0
0
0
0
0
0
0
0
0
0
0
0
0
0
0
0
80
0
40
0
0
0
0
0
0
0
0
0
0
0
0
0
0
0
0
0
0
0
0
0
0
0
0
0
0
0
0
0
0
0
0
0
0
0
0
0
0
0
0
0
0
0
0
0
0
0
0
0
0
0
0
0
0
0
0
0
0
0
0
0
0
0
0
0
0
0
0
0
0
0
0
0
0
0
0
0
0
0
0
0
0
0
0
0
0
0
0
0
0
0
0
0
0
0
0
0
0
0
0
0
0
0
0
0
0
0
0
0
0
0
0
0
0
0
0
0
0
0
0
0
0
0
0
0
0
0
0
0
0
0
0
0
0
0
0
0
0
0
0
0
0
0
0
0
0
0
0
0
0
0
0
0
0
0
0
0
0
0
0
0
0
0
0
0
0
0
0
0
0
0
0
0
0
0
0
0
0
0
0
0
0
0
0
0
0
0
0
0
0
0
0
0
0
0
0
0
0
0
0
0
0
0
0
0
0
0
0
0
0
0
0
0
0
0
0
0
0
0
0
0
0
0
0
0
0
0
0
0
0
0
0
0
0
0
0
0
0
0
0
0
0
0
0
0
0
0
0
0
0
0
0
0
0
0
0
0
0
0
0
0
0
0
0
0
0
0
0
0
0
0
0
0
0
0
0
0
0
0
0
0
0
0
0
0
0
0
0
0
0
0
0
0
0
0
0
0
0
0
0
0
0
0
0
0
0
0
0
0
0
0
0
0
0
0
0
0
0
0
0
0
0
0
0
0
0
0
0
0
0
0
0
0
0
0
0
0
0
0
0
0
0
0
0
0
0
0
0
0
0
0
0
0
0
0
0
0
0
0
0
0
0
0
0
0
0
0
0
0
0
0
0
0
0
0
0
0
0
0
0
0
0
0
0
0
0
0
0
0
0
0
0
0
0
0
0
0
0
0
0
0
0
0
0
0
0
0
0
80
0
11.2
68.8
0
0
0
0
0
0
0
0
0
0
0
0
0
0
0
0
0
0
0
0
0
0
0
0
0
0
0
32
88
0
0
0
0
0
0
0
0
0
0
0
0
0
0
0
0
0
0
0
0
0
0
0
0
0
0
0
0
0
0
0
120
120
0
120
0
0
0
0
0
0
0
0
0
0
0
0
0
0
0
0
0
0
0
0
0
0
0
0
0
0
0
0
0
0
0
0
0
0
0
0
0
0
0
0
0
0
0
0
0
0
0
0
0
0
0
0
0
0
0
0
0
0
0
0
0
0
0
0
0
0
0
0
0
0
0
0
0
0
0
0
0
0
0
0
0
0
0
0
0
0
0
0
0
0
0
0
0
0
0
0
0
0
0
0
0
0
0
0
0
0
0
0
0
0
0
0
0
0
0
0
0
0
0
0
0
0
0
0
0
0
0
0
0
0
0
0
0
0
0
0
0
0
0
0
0
0
0
0
0
0
0
0
0
0
0
0
0
0
0
0
0
0
0
0
0
0
0
0
0
0
0
0
0
0
0
0
0
0
0
0
0
0
0
0
0
0
0
0
0
0
0
0
0
0
0
0
0
0
0
0
0
0
0
0
0
0
0
0
0
0
0
0
0
0
0
0
0
0
0
0
0
0
0
0
0
0
0
0
0
0
0
0
0
0
0
0
0
0
0
0
0
0
0
0
0
0
0
0
0
0
0
0
3.84
5.76
13.44
16.96
3.84
7.68
13.44
14.08
14.08
13.44
6.08
3.84
8
1.92
10.24
26.24
15.36
19.2
11.52
21.76
24.32
15.36
21.12
21.12
31.36
42.24
40.32
26.24
7.68
15.36
3.2
0.96
0
0
0
0
0
0
0
0
0
0
2.24
10.88
23.04
36.48
72.64
58.24
40.96
30.72
28.8
49.28
39.04
16.64
51.84
17.28
1.92
0
0
0
0
0
0
0
0
0
0
0
0
0
0
0
0
0
0
0
0
0
0
0
0
0
0
0
0
0
0
0
0
0
0
0
0
0
0
0
0
0
0
0
0
0
0
0
0
0
0
0
0
0
0
0
0
0
0
0
0
0
0
0
0
0
0
0
0
0
0
0
0
0
0
0
0
0
0
0
0
0
0
0
0
0
0
0
0
0
0
0
0
0
0
0
0
0
0
0
0
0
0
0
0
0
0
0
0
0
0
0
0
0
0
0
0
0
0
0
0
0
0
0
0
0
0
0
0
0
0
0
0
0
0
0
0
0
0
0
0
0
0
0
0
0
0
0
0
0
0
0
0
0
0
0
0
0
0
0
0
0
0
0
0
0
0
0
0
0
0
0
0
0
0
0
0
0
0
0
0
0
0
0
0
0
0
0
0
0
0
0
0
0
0
0
0
0
1.92
11.52
19.84
18.56
30.08
13.44
11.52
13.76
12.16
16
7.68
5.76
4.48
14.4
17.28
6.4
16.32
19.84
13.44
15.36
9.6
30.08
16
11.52
19.52
17.28
25.6
8.96
11.52
24.96
4.48
10.24
16
21.12
14.08
28.8
18.56
21.76
23.36
14.08
22.72
28.8
23.04
23.04
24.32
27.2
13.44
11.52
7.68
15.36
2.56
7.04
11.52
9.6
3.84
11.52
11.52
9.6
15.36
24.96
12.8
23.68
9.6
15.36
13.44
13.44
28.16
23.04
27.84
30.08
13.44
28.8
16
36.48
17.92
18.56
30.72
17.28
15.68
21.76
9.6
11.2
5.44
8.96
13.44
4.48
18.56
9.6
5.76
5.76
7.68
3.2
0.32
0
0
0
0
0
0
0
0
0
0
0
0
0
0
0
0
0
0
0
0
0
0
0
0
0
0
0
0
0
0
0
0
0
0
0
0
0
0
0
0
0
0
0
0
0
0.96
1.92
0.64
3.2
3.84
0
1.92
1.92
2.56
1.28
3.84
13.44
0
9.6
3.84
3.84
1.92
6.4
1.92
3.2
11.52
1.92
1.92
0
0
9.6
3.84
8.32
16.64
1.92
9.6
3.84
19.2
7.68
0
17.28
1.92
5.76
11.52
11.52
5.76
3.84
21.12
11.52
9.6
11.52
26.88
26.88
26.88
15.36
15.36
7.68
7.68
5.76
1.92
0
7.68
9.6
7.68
17.28
7.36
7.68
6.4
2.56
1.92
2.56
3.2
1.92
12.48
0
10.88
3.84
2.56
3.84
11.52
12.8
11.52
3.84
5.12
7.68
7.68
9.6
17.28
4.48
0.96
1.92
17.28
7.68
5.76
13.44
3.84
5.76
9.6
11.52
21.12
11.52
7.68
23.04
13.44
9.6
9.6
9.6
3.84
3.84
0
