0.003690 -0.003690 0.003690
-0.000000 0.000000 -0.000000
-0.003690 0.003690 -0.003690
0.003734 0.002909 -0.002909
-0.003072 0.003235 -0.003072
-0.002909 0.002909 0.003734
-0.003235 0.003072 -0.003072
0.003072 -0.003235 0.003072
-0.003072 0.003072 -0.003235
0.003235 -0.003072 0.003072
0.002909 0.003734 0.002909
0.003072 -0.003072 0.003235
-0.003734 -0.002909 0.002909
-0.002909 -0.003734 -0.002909
0.002909 -0.002909 -0.003734
-0.001086 0.001086 -0.001086
0.002690 -0.002690 0.002690
-0.002690 0.002690 -0.002690
0.001086 -0.001086 0.001086
-0.000000 0.000000 -0.000000
