0 -3.63959 0
19.0396 0 0
0 0 19.21
1 0 0
0 1 0
0 0 1
0.5000000000000000 0.0406554884201519 0.5940000000000012	Mo
0.0000000000000000 0.5679867551374318 0.5940000000000012	Mo
0.5000000000000000 0.7287703739363323 0.5940000000000012	Mo
0.0000000000000000 0.8907822619867231 0.5940000000000012	Mo
0.0000000000000000 0.3295357854683307 0.4942103027580273	Te
0.0000000000000000 0.3295357854683307 0.6937896972419751	Te
0.5000000000000000 0.1509402064189418 0.4941066629824641	Te
0.5000000000000000 0.1509402064189418 0.6938933370175314	Te
0.0000000000000000 0.6759464215581638 0.5008125502920986	Te
0.0000000000000000 0.6759464215581638 0.6871874497079037	Te
0.5000000000000000 0.5130308183166101 0.5005715712387631	Te
0.5000000000000000 0.5130308183166101 0.6874284287612323	Te
0.0000000000000000 0.9948896618180236 0.4980012901356008	Te
0.0000000000000000 0.9948896618180236 0.6899987098644013	Te
0.5000000000000000 0.8366168855141919 0.5010948215201895	Te
0.5000000000000000 0.8366168855141919 0.6869051784798057	Te
0.0000000000000000 0.2077328159589344 0.5940000000000012	Zr
0.5000000000000000 0.3929827463719019 0.5940000000000012	Zr
