0.333333 0.666667 0.000000 -0.000000 -0.000008 0.000008 1.000000 0
0.333333 0.500000 0.166667 0.007076 0.006910 0.000165 1.000000 10
0.333333 0.500000 0.166667 0.024268 0.024671 -0.000403 1.000000 12
0.333333 0.500000 0.166667 -0.026042 -0.026220 0.000178 1.000000 16
0.333333 0.500000 0.166667 -0.000932 -0.001000 0.000068 1.000000 24
0.333333 0.583333 0.083333 0.025107 0.024986 0.000122 1.000000 2
0.333333 0.500000 0.166667 0.015871 0.015982 -0.000110 1.000000 34
0.333333 0.500000 0.166667 0.038658 0.038783 -0.000125 1.000000 3
0.333333 0.500000 0.166667 0.009687 0.010544 -0.000857 1.000000 44
0.333333 0.500000 0.166667 0.036513 0.036690 -0.000177 1.000000 4
0.333333 0.500000 0.166667 0.021938 0.021122 0.000816 1.000000 5
0.333333 0.583333 0.083333 0.008391 0.007386 0.001006 1.000000 8
0.333333 0.500000 0.166667 -0.004736 -0.005040 0.000303 1.000000 9
0.333333 0.500000 0.166667 -0.010461 -0.009868 -0.000593 1.000000 136
0.333333 0.500000 0.166667 0.021169 0.020866 0.000303 1.000000 2143
0.333333 0.500000 0.166667 -0.005839 -0.006244 0.000405 1.000000 247
0.333333 0.583333 0.083333 0.004227 0.004741 -0.000513 1.000000 41462
0.333333 0.500000 0.166667 -0.034339 -0.034001 -0.000338 1.000000 49724
0.333333 0.500000 0.166667 -0.015280 -0.014440 -0.000840 1.000000 49774
0.333333 0.500000 0.166667 -0.039421 -0.039153 -0.000268 1.000000 669
0.333333 0.583333 0.083333 0.019661 0.018962 0.000699 1.000000 8417
0.333333 0.583333 0.083333 0.006441 0.006959 -0.000518 1.000000 8424
0.333333 0.583333 0.083333 0.001436 0.001715 -0.000278 1.000000 8439
0.333333 0.583333 0.083333 0.008935 0.007402 0.001533 1.000000 84
0.333333 0.583333 0.083333 0.015186 0.014379 0.000807 1.000000 86
0.333333 0.500000 0.166667 0.002641 0.003317 -0.000676 1.000000 8942
0.333333 0.572917 0.093750 -0.002118 0.001209 -0.003327 1.000000 10000010151
0.333333 0.583333 0.083333 -0.001908 -0.002542 0.000635 1.000000 10000010570
0.333333 0.572917 0.093750 0.000886 0.000876 0.000010 1.000000 10000010791
0.333333 0.562500 0.104167 -0.002540 -0.002028 -0.000512 1.000000 10000012111
0.333333 0.572917 0.093750 0.000396 -0.000067 0.000463 1.000000 10000012861
0.333333 0.572917 0.093750 0.007157 0.007486 -0.000329 1.000000 10000013575
0.333333 0.583333 0.083333 0.001542 0.000783 0.000760 1.000000 10000014249
0.333333 0.562500 0.104167 -0.003439 -0.003861 0.000422 1.000000 10000014374
0.333333 0.583333 0.083333 0.001214 0.001094 0.000120 1.000000 10000014803
0.333333 0.541667 0.125000 -0.008560 -0.009793 0.001233 1.000000 10000015392
0.333333 0.552083 0.114583 0.002816 0.001399 0.001417 1.000000 10000015770
0.333333 0.531250 0.135417 -0.009674 -0.009956 0.000282 1.000000 10000015962
0.333333 0.500000 0.166667 -0.038615 -0.036145 -0.002470 1.000000 1000001
0.333333 0.583333 0.083333 -0.003994 -0.004418 0.000423 1.000000 1000002925
0.333333 0.562500 0.104167 -0.008890 -0.009278 0.000387 1.000000 1000004008
0.333333 0.572917 0.093750 -0.000861 -0.002986 0.002125 1.000000 1000004137
0.333333 0.541667 0.125000 -0.014698 -0.016416 0.001718 1.000000 1000004912
0.333333 0.614583 0.052083 0.000085 0.002260 -0.002175 1.000000 1000005317
0.333333 0.572917 0.093750 0.001997 0.000263 0.001734 1.000000 1000006075
0.333333 0.593750 0.072917 0.005371 0.006857 -0.001486 1.000000 1000006247
0.333333 0.593750 0.072917 -0.001910 -0.000537 -0.001373 1.000000 1000006265
0.333333 0.562500 0.104167 -0.002900 -0.001823 -0.001077 1.000000 1000006332
0.333333 0.604167 0.062500 -0.001371 -0.002005 0.000634 1.000000 1000006728
0.333333 0.583333 0.083333 -0.001836 -0.002585 0.000748 1.000000 1000008099
0.333333 0.562500 0.104167 -0.006674 -0.007928 0.001254 1.000000 1000008283
0.333333 0.593750 0.072917 0.005042 0.007638 -0.002596 1.000000 1000009675
0.333333 0.541667 0.125000 -0.005126 -0.002895 -0.002231 1.000000 10000112176
0.333333 0.572917 0.093750 -0.000329 -0.000250 -0.000079 1.000000 10000114294
0.333333 0.572917 0.093750 0.002562 0.001064 0.001498 1.000000 10000114622
0.333333 0.572917 0.093750 -0.002983 -0.003047 0.000064 1.000000 10000114834
0.333333 0.562500 0.104167 0.000109 -0.001970 0.002080 1.000000 10000115079
0.333333 0.541667 0.125000 -0.010760 -0.011102 0.000342 1.000000 10000115497
0.333333 0.500000 0.166667 -0.028741 -0.028017 -0.000724 1.000000 1000011
0.333333 0.583333 0.083333 -0.004982 -0.004127 -0.000855 1.000000 1000014121
0.333333 0.583333 0.083333 0.006271 0.003422 0.002849 1.000000 1000015420
0.333333 0.583333 0.083333 -0.000474 0.000843 -0.001317 1.000000 1000016749
0.333333 0.583333 0.083333 -0.007036 -0.008349 0.001313 1.000000 1000016754
0.333333 0.531250 0.135417 -0.011150 -0.012299 0.001149 1.000000 1000017112
0.333333 0.552083 0.114583 -0.004028 -0.004763 0.000735 1.000000 1000017221
0.333333 0.583333 0.083333 0.006039 0.007205 -0.001166 1.000000 1000018218
0.333333 0.583333 0.083333 0.000582 0.001099 -0.000517 1.000000 1000018713
0.333333 0.593750 0.072917 0.001068 0.003315 -0.002247 1.000000 1000019810
0.333333 0.583333 0.083333 -0.004995 -0.003932 -0.001063 1.000000 1000021003
0.333333 0.541667 0.125000 -0.022947 -0.022564 -0.000384 1.000000 1000021072
0.333333 0.583333 0.083333 -0.000129 -0.000643 0.000514 1.000000 10000210928
0.333333 0.572917 0.093750 0.000660 0.000766 -0.000106 1.000000 10000213050
0.333333 0.541667 0.125000 -0.010700 -0.011675 0.000976 1.000000 10000215343
0.333333 0.552083 0.114583 -0.005879 -0.005937 0.000058 1.000000 10000215579
0.333333 0.583333 0.083333 0.005207 0.002918 0.002290 1.000000 10000215781
0.333333 0.562500 0.104167 -0.002209 -0.002807 0.000598 1.000000 10000215870
0.333333 0.562500 0.104167 -0.000687 -0.000172 -0.000515 1.000000 10000215982
0.333333 0.562500 0.104167 0.000033 0.000073 -0.000040 1.000000 10000216188
0.333333 0.552083 0.114583 0.007744 0.007694 0.000050 1.000000 10000216485
0.333333 0.500000 0.166667 -0.029593 -0.029851 0.000258 1.000000 1000021
0.333333 0.593750 0.072917 -0.002962 -0.002397 -0.000565 1.000000 1000023479
0.333333 0.604167 0.062500 0.012733 0.012253 0.000480 1.000000 1000025197
0.333333 0.593750 0.072917 -0.001296 -0.002745 0.001449 1.000000 1000025583
0.333333 0.583333 0.083333 -0.005920 -0.007108 0.001188 1.000000 1000025663
0.333333 0.562500 0.104167 -0.004415 -0.002193 -0.002221 1.000000 1000025951
0.333333 0.562500 0.104167 -0.008030 -0.008022 -0.000008 1.000000 1000026368
0.333333 0.583333 0.083333 0.003940 0.004884 -0.000944 1.000000 1000026449
0.333333 0.604167 0.062500 0.004763 0.006049 -0.001286 1.000000 100002684
0.333333 0.604167 0.062500 -0.000484 -0.000293 -0.000191 1.000000 100002710
0.333333 0.604167 0.062500 0.001546 0.001539 0.000007 1.000000 1000027546
0.333333 0.593750 0.072917 0.002900 0.002425 0.000475 1.000000 1000027939
0.333333 0.541667 0.125000 -0.014202 -0.014701 0.000499 1.000000 1000028672
0.333333 0.604167 0.062500 0.006965 0.005887 0.001077 1.000000 1000028859
0.333333 0.562500 0.104167 -0.011702 -0.010721 -0.000981 1.000000 1000028910
0.333333 0.572917 0.093750 -0.000495 -0.002550 0.002055 1.000000 1000029222
0.333333 0.593750 0.072917 0.001806 0.002632 -0.000826 1.000000 1000029522
0.333333 0.593750 0.072917 0.004877 0.005844 -0.000967 1.000000 1000029925
0.333333 0.572917 0.093750 0.000237 0.000531 -0.000295 1.000000 10000311096
0.333333 0.572917 0.093750 0.003369 0.003130 0.000239 1.000000 10000313008
0.333333 0.572917 0.093750 -0.002306 -0.003162 0.000857 1.000000 10000313690
0.333333 0.614583 0.052083 0.000342 0.000854 -0.000512 1.000000 10000313857
0.333333 0.552083 0.114583 -0.010564 -0.011447 0.000883 1.000000 10000314192
0.333333 0.572917 0.093750 -0.004574 -0.004343 -0.000231 1.000000 10000314774
0.333333 0.604167 0.062500 0.008470 0.009179 -0.000709 1.000000 1000031491
0.333333 0.552083 0.114583 0.000433 -0.000697 0.001129 1.000000 10000315072
0.333333 0.614583 0.052083 0.007488 0.008576 -0.001088 1.000000 10000316505
0.333333 0.500000 0.166667 -0.027218 -0.026332 -0.000886 1.000000 1000031
0.333333 0.593750 0.072917 0.002149 0.000698 0.001451 1.000000 10000320228
0.333333 0.572917 0.093750 -0.000421 -0.001850 0.001428 1.000000 10000323026
0.333333 0.562500 0.104167 -0.000695 -0.000702 0.000007 1.000000 10000324050
0.333333 0.572917 0.093750 0.001859 0.001159 0.000700 1.000000 10000325071
0.333333 0.593750 0.072917 -0.002002 -0.003186 0.001184 1.000000 100003252
0.333333 0.552083 0.114583 -0.001847 -0.000495 -0.001352 1.000000 10000326528
0.333333 0.541667 0.125000 -0.006387 -0.007592 0.001205 1.000000 10000327584
0.333333 0.593750 0.072917 0.002609 0.003327 -0.000718 1.000000 10000328750
0.333333 0.604167 0.062500 0.003630 0.004572 -0.000942 1.000000 10000329059
0.333333 0.541667 0.125000 -0.005611 -0.006789 0.001177 1.000000 10000330448
0.333333 0.562500 0.104167 -0.000836 -0.001209 0.000373 1.000000 1000033070
0.333333 0.562500 0.104167 0.001799 0.002458 -0.000659 1.000000 10000332102
0.333333 0.541667 0.125000 -0.005065 -0.004103 -0.000962 1.000000 10000332127
0.333333 0.572917 0.093750 -0.005646 -0.004757 -0.000889 1.000000 10000335758
0.333333 0.614583 0.052083 -0.000000 0.002296 -0.002296 1.000000 1000033650
0.333333 0.562500 0.104167 -0.005152 -0.004154 -0.000999 1.000000 10000338140
0.333333 0.552083 0.114583 -0.005064 -0.004677 -0.000387 1.000000 10000338592
0.333333 0.562500 0.104167 -0.011049 -0.010749 -0.000300 1.000000 10000340540
0.333333 0.583333 0.083333 -0.003000 -0.003906 0.000907 1.000000 10000340711
0.333333 0.562500 0.104167 -0.006975 -0.006357 -0.000618 1.000000 10000340818
0.333333 0.614583 0.052083 0.002631 0.001875 0.000756 1.000000 10000341030
0.333333 0.604167 0.062500 0.005302 0.004140 0.001162 1.000000 10000341667
0.333333 0.541667 0.125000 -0.010343 -0.008550 -0.001793 1.000000 10000344672
0.333333 0.572917 0.093750 0.000289 -0.000073 0.000362 1.000000 10000345344
0.333333 0.583333 0.083333 0.005034 0.002253 0.002781 1.000000 10000345851
0.333333 0.562500 0.104167 -0.013330 -0.013361 0.000031 1.000000 10000348428
0.333333 0.541667 0.125000 -0.003910 -0.003506 -0.000405 1.000000 10000348893
0.333333 0.552083 0.114583 -0.008338 -0.007051 -0.001287 1.000000 10000349046
0.333333 0.552083 0.114583 -0.009264 -0.010128 0.000864 1.000000 10000350680
0.333333 0.572917 0.093750 0.001881 0.001951 -0.000070 1.000000 10000353792
0.333333 0.562500 0.104167 0.001584 0.000967 0.000617 1.000000 10000355771
0.333333 0.552083 0.114583 -0.007717 -0.009011 0.001294 1.000000 10000356528
0.333333 0.604167 0.062500 -0.000968 0.002060 -0.003028 1.000000 10000357634
0.333333 0.604167 0.062500 0.006655 0.007421 -0.000767 1.000000 10000357986
0.333333 0.552083 0.114583 -0.000656 -0.000127 -0.000529 1.000000 10000361087
0.333333 0.552083 0.114583 -0.005235 -0.005740 0.000505 1.000000 10000361245
0.333333 0.552083 0.114583 -0.008030 -0.007552 -0.000479 1.000000 1000036136
0.333333 0.562500 0.104167 -0.005140 -0.007313 0.002173 1.000000 10000362435
0.333333 0.541667 0.125000 -0.002424 -0.001045 -0.001378 1.000000 10000363453
0.333333 0.520833 0.145833 -0.014835 -0.015175 0.000340 1.000000 10000365272
0.333333 0.520833 0.145833 -0.018300 -0.017281 -0.001019 1.000000 10000365518
0.333333 0.583333 0.083333 0.001669 0.001462 0.000207 1.000000 1000036964
0.333333 0.593750 0.072917 -0.002663 -0.002125 -0.000538 1.000000 1000039138
