0.188350
-0.130999
-0.061235
-0.002324
0.029547
0.023673
0.019179
-0.018734
-0.049264
-0.034970
-0.009755
-0.030941
0.000983
-0.006056
0.019662
-0.000698
-0.016898
0.013744
0.002658
-0.002791
-0.015285
-0.010756
-0.009264
-0.032550
-0.049992
-0.009248
-0.017075
-0.003316
-0.011113
-0.001095
0.002926
0.009042
-0.006220
0.003390
0.009473
0.008945
0.010002
0.008297
-0.004500
-0.005199
0.003114
-0.002339
0.000176
-0.000562
-0.001158
-0.002358
0.002590
-0.002817
0.009417
0.005251
-0.002955
0.006582
0.001134
0.021142
-0.000022
-0.004344
-0.002388
