0 4.02309 -8.04226
0 -8.04226 4.02309
-4.02683 0 0
1 0 0
0 1 0
0 0 1
0.1660627137898487 0.8339372862101513 0.5000000000000000	Nb_sv
0.8339372862101513 0.1660627137898487 0.5000000000000000	Nb_sv
0.1653569127616734 0.8346430872383266 0.0000000000000000	O
0.0000000000000000 0.5000000000000000 0.5000000000000000	O
0.8301481987098640 0.6645116823447026 0.5000000000000000	O
0.8346430872383266 0.1653569127616734 0.0000000000000000	O
0.6645116823447026 0.8301481987098640 0.5000000000000000	O
0.5000000000000000 0.0000000000000000 0.5000000000000000	O
0.5000000000000000 0.5000000000000000 0.0000000000000000	O
0.3354883176552974 0.1698518012901360 0.5000000000000000	O
0.1698518012901360 0.3354883176552974 0.5000000000000000	O
0.6591126258056335 0.3408873741943665 0.0000000000000000	Sr_sv
0.3408873741943665 0.6591126258056335 0.0000000000000000	Sr_sv
0.0000000000000000 0.0000000000000000 0.0000000000000000	Sr_sv
0.5000000000000000 0.5000000000000000 0.5000000000000000	Ti_sv
