0.333333 0.666667 0.000000 0.000000 0.004190 -0.004190 1.000000 0
0.000000 0.666667 0.333333 0.000000 0.011813 -0.011813 1.000000 1
0.166667 0.666667 0.166667 0.239004 0.242686 -0.003682 1.000000 2
0.166667 0.666667 0.166667 0.238815 0.240292 -0.001477 1.000000 3
0.250000 0.666667 0.083333 0.175782 0.170701 0.005081 1.000000 10
0.250000 0.666667 0.083333 0.175790 0.171342 0.004448 1.000000 11
0.166667 0.666667 0.166667 0.235659 0.246038 -0.010379 1.000000 12
0.083333 0.666667 0.250000 0.205486 0.199442 0.006044 1.000000 13
0.083333 0.666667 0.250000 0.205535 0.200082 0.005453 1.000000 14
0.250000 0.666667 0.083333 0.148663 0.148743 -0.000080 1.000000 15
0.250000 0.666667 0.083333 0.148986 0.149407 -0.000420 1.000000 16
0.166667 0.666667 0.166667 0.202443 0.202145 0.000298 1.000000 17
0.083333 0.666667 0.250000 0.177515 0.177507 0.000008 1.000000 18
0.083333 0.666667 0.250000 0.177751 0.178124 -0.000373 1.000000 19
0.250000 0.666667 0.083333 0.119129 0.126268 -0.007139 1.000000 4
0.250000 0.666667 0.083333 0.118996 0.123777 -0.004781 1.000000 5
0.166667 0.666667 0.166667 0.120871 0.129617 -0.008746 1.000000 6
0.166667 0.666667 0.166667 0.121022 0.128605 -0.007584 1.000000 7
0.083333 0.666667 0.250000 0.139186 0.128786 0.010400 1.000000 8
0.083333 0.666667 0.250000 0.139187 0.128882 0.010304 1.000000 9
0.222222 0.666667 0.111111 0.098824 0.087808 0.011016 1.000000 22
0.222222 0.666667 0.111111 0.098878 0.087134 0.011744 1.000000 24
0.166667 0.666667 0.166667 0.161797 0.166509 -0.004712 1.000000 28
0.166667 0.666667 0.166667 0.163077 0.165834 -0.002757 1.000000 34
0.018519 0.666667 0.314815 0.051701 0.052719 -0.001017 1.000000 dft_iter1_0_1_2_3_4_5_6_7_8_9_10_11_12_13_14_15_16
0.055556 0.666667 0.277778 0.082740 0.083591 -0.000851 1.000000 dft_iter1_0_1_2_4_5_6_7_8_9_10_11_14_15_16_17
0.074074 0.666667 0.259259 0.091454 0.093597 -0.002143 1.000000 dft_iter1_0_2_3_5_6_7_8_9_12_13_14_15_16_17
0.129630 0.666667 0.203704 0.098096 0.097058 0.001038 1.000000 dft_iter1_0_2_6_7_8_12_13_14_15_16_17
0.203704 0.666667 0.129630 0.094447 0.096079 -0.001632 1.000000 dft_iter1_0_6_7_8_15_16_17
0.037037 0.666667 0.296296 0.069348 0.072487 -0.003139 1.000000 dft_iter1_1_2_3_4_5_6_7_8_9_11_12_13_14_15_16_17
0.314815 0.666667 0.018519 0.042090 0.039145 0.002945 1.000000 dft_iter1_2
0.092593 0.666667 0.240741 0.102593 0.097992 0.004602 1.000000 dft_iter1_2_3_4_5_6_7_8_12_13_14_15_16_17
0.111111 0.666667 0.222222 0.084285 0.089675 -0.005390 1.000000 dft_iter1_3_4_5_6_7_8_9_10_11_12_13_14
0.148148 0.666667 0.185185 0.095194 0.096614 -0.001419 1.000000 dft_iter1_3_4_5_8_9_10_11_12_13_14
0.166667 0.666667 0.166667 0.092976 0.088342 0.004633 1.000000 dft_iter1_3_4_5_9_10_11_12_13_14
0.185185 0.666667 0.148148 0.094661 0.097944 -0.003284 1.000000 dft_iter1_3_4_5_9_10_12_13_14
0.240741 0.666667 0.092593 0.095275 0.093888 0.001387 1.000000 dft_iter1_3_4_9_10_11
0.259259 0.666667 0.074074 0.085318 0.085513 -0.000195 1.000000 dft_iter1_7_8_14_17
0.296296 0.666667 0.037037 0.064113 0.061985 0.002128 1.000000 dft_iter1_8_12
0.277778 0.666667 0.055556 0.071561 0.075045 -0.003485 1.000000 dft_iter1_8_12_14
0.314815 0.666667 0.018519 0.037912 0.040545 -0.002633 1.000000 dft_iter2_17
0.074074 0.666667 0.259259 0.096917 0.095696 0.001221 1.000000 dft_iter2_1_3_4_5_6_7_8_10_11_12_13_14_16_17
0.129630 0.666667 0.203704 0.101867 0.099277 0.002590 1.000000 dft_iter2_3_4_5_6_7_8_9_10_12_13_14
0.148148 0.666667 0.185185 0.099925 0.099099 0.000826 1.000000 dft_iter2_3_4_5_6_7_8_9_12_13_14
0.092593 0.666667 0.240741 0.102652 0.099966 0.002686 1.000000 dft_iter2_3_4_5_6_7_8_9_12_13_14_15_16_17
0.240741 0.666667 0.092593 0.098345 0.096394 0.001951 1.000000 dft_iter2_6_7_8_13_14
0.203704 0.666667 0.129630 0.098548 0.097766 0.000782 1.000000 dft_iter2_6_7_8_14_15_16_17
0.129630 0.666667 0.203704 0.100586 0.103456 -0.002870 1.000000 dft_iter3_0_1_2_6_8_9_10_11_15_16_17
0.018519 0.666667 0.314815 0.053251 0.051604 0.001647 1.000000 dft_iter3_1_2_3_4_5_6_7_8_9_10_11_12_13_14_15_16_17
0.111111 0.666667 0.222222 0.093937 0.090349 0.003588 1.000000 dft_iter3_3_4_5_6_7_8_12_13_14_15_16_17
0.185185 0.666667 0.148148 0.092357 0.096523 -0.004166 1.000000 dft_iter3_3_4_5_7_8_12_13_14
0.259259 0.666667 0.074074 0.087769 0.084230 0.003538 1.000000 dft_iter3_4_7_13_14
