0 -3.63861 0
19.0275 0 0
0 0 19.21
1 0 0
0 1 0
0 0 1
0.5000000000000000 0.4008653624518049 0.5940000000000012	Mo
0.0000000000000000 0.5618939558163388 0.5940000000000012	Mo
0.5000000000000000 0.7242589526252387 0.5940000000000012	Mo
0.0000000000000000 0.8742505958412093 0.5940000000000012	Mo
0.0000000000000000 0.3461424692358886 0.5004496259607947	Te
0.0000000000000000 0.3461424692358886 0.6875503740392077	Te
0.5000000000000000 0.1631648787170187 0.4939949838901162	Te
0.5000000000000000 0.1631648787170187 0.6940050161098794	Te
0.0000000000000000 0.6698024882548579 0.5011617513940710	Te
0.0000000000000000 0.6698024882548579 0.6868382486059315	Te
0.5000000000000000 0.5088607455939761 0.5008263496932943	Te
0.5000000000000000 0.5088607455939761 0.6871736503067009	Te
0.0000000000000000 0.9845113662789718 0.4942771448655920	Te
0.0000000000000000 0.9845113662789718 0.6937228551344105	Te
0.5000000000000000 0.8284542985317764 0.4979277076245560	Te
0.5000000000000000 0.8284542985317764 0.6900722923754397	Te
0.5000000000000000 0.0413905456343676 0.5940000000000012	Zr
0.0000000000000000 0.2262980944060618 0.5940000000000012	Zr
