1
0.000000
0

1
0.000000
1
0.724475 0.371332 0.488744 0 0

1
0.000000
1
0.533802 0.585255 0.423823 0 0

1
0.000000
1
0.033802 0.664744 0.173823 0 0

1
0.000000
1
0.224475 0.371332 0.488744 0 0

1
0.000000
1
0.224475 0.378668 0.238744 0 0

1
0.000000
1
0.275525 0.121332 0.261256 0 0

1
0.000000
1
0.533802 0.664744 0.673823 0 0

1
0.000000
1
0.466197 0.414745 0.076177 0 0

1
0.000000
1
0.466197 0.335255 0.326177 0 0

1
0.000000
1
0.275525 0.128668 0.511256 0 0

1
0.000000
1
0.466197 0.835255 0.326177 0 0

1
0.000000
1
0.033802 0.585255 0.423823 0 0

1
0.000000
1
0.275525 0.621332 0.261256 0 0

1
0.000000
1
0.466197 0.414745 0.576177 0 0

1
0.000000
1
0.533802 0.664744 0.173823 0 0

1
0.000000
1
0.275525 0.628668 0.511256 0 0

1
2.543689
2
0.466197 0.335255 0.326177 0 0
0.224475 0.378668 0.238744 0 0

1
2.543689
2
0.224475 0.371332 0.488744 0 0
0.466197 0.414745 0.576177 0 0

1
2.543696
2
0.275525 0.621332 0.261256 0 0
0.033802 0.664744 0.173823 0 0

1
2.543698
2
0.275525 0.628668 0.511256 0 0
0.033802 0.585255 0.423823 0 0

1
2.573751
2
0.466197 0.414745 0.576177 0 0
0.533802 0.585255 0.423823 0 0

1
2.573758
2
0.533802 0.664744 0.173823 0 0
0.466197 0.835255 0.326177 0 0

1
2.576106
2
0.275525 0.621332 0.261256 0 0
0.224475 0.378668 0.238744 0 0

1
2.576106
2
0.275525 0.128668 0.511256 0 0
0.224475 0.371332 0.488744 0 0

1
2.662899
2
0.275525 0.628668 0.511256 0 0
0.275525 0.621332 0.261256 0 0

1
2.662899
2
0.275525 0.128668 0.511256 0 0
0.275525 0.121332 0.261256 0 0

1
2.662899
2
0.224475 0.378668 0.238744 0 0
0.224475 0.371332 0.488744 0 0

1
2.725225
2
0.275525 0.628668 0.511256 0 0
0.224475 0.371332 0.488744 0 0

1
2.725225
2
0.275525 0.121332 0.261256 0 0
0.224475 0.378668 0.238744 0 0

1
2.786775
2
0.533802 0.664744 0.673823 0 0
0.533802 0.585255 0.423823 0 0

1
2.786775
2
0.533802 0.664744 0.173823 0 0
0.533802 0.585255 0.423823 0 0

1
2.786775
2
0.033802 0.585255 0.423823 0 0
0.033802 0.664744 0.173823 0 0

1
2.786778
2
0.466197 0.335255 0.326177 0 0
0.466197 0.414745 0.076177 0 0

1
2.786778
2
0.466197 0.414745 0.576177 0 0
0.466197 0.335255 0.326177 0 0

1
2.838526
2
0.533802 0.664744 0.173823 0 0
0.466197 0.414745 0.076177 0 0

1
2.838526
2
0.466197 0.414745 0.576177 0 0
0.533802 0.664744 0.673823 0 0

1
2.838535
2
0.466197 0.335255 0.326177 0 0
0.533802 0.585255 0.423823 0 0

1
2.838535
2
0.466197 0.835255 0.326177 0 0
0.533802 0.585255 0.423823 0 0

1
2.940826
2
0.275525 0.628668 0.511256 0 0
0.533802 0.664744 0.673823 0 0

1
2.940827
2
0.275525 0.621332 0.261256 0 0
0.533802 0.585255 0.423823 0 0

1
2.940835
2
0.466197 0.335255 0.326177 0 0
0.724475 0.371332 0.488744 0 0

1
2.966115
2
0.466197 0.335255 0.326177 0 0
0.275525 0.121332 0.261256 0 0

1
2.966115
2
0.275525 0.628668 0.511256 0 0
0.466197 0.414745 0.576177 0 0

1
2.966115
2
0.275525 0.621332 0.261256 0 0
0.466197 0.835255 0.326177 0 0

1
2.966121
2
0.533802 0.585255 0.423823 0 0
0.724475 0.371332 0.488744 0 0

1
2.966121
2
0.033802 0.585255 0.423823 0 0
0.224475 0.371332 0.488744 0 0

1
2.990770
2
0.533802 0.664744 0.173823 0 0
0.275525 0.621332 0.261256 0 0

1
2.990771
2
0.275525 0.628668 0.511256 0 0
0.533802 0.585255 0.423823 0 0

1
2.990781
2
0.466197 0.414745 0.576177 0 0
0.724475 0.371332 0.488744 0 0

1
3.278446
2
0.466197 0.414745 0.076177 0 0
0.224475 0.378668 0.238744 0 0

1
3.278446
2
0.466197 0.335255 0.326177 0 0
0.224475 0.371332 0.488744 0 0

1
3.278455
2
0.275525 0.621332 0.261256 0 0
0.033802 0.585255 0.423823 0 0

1
3.561668
2
0.224475 0.378668 0.238744 0 0
0.033802 0.664744 0.173823 0 0

1
3.561671
2
0.275525 0.621332 0.261256 0 0
0.466197 0.335255 0.326177 0 0

1
3.561671
2
0.466197 0.414745 0.576177 0 0
0.275525 0.128668 0.511256 0 0

1
3.561671
2
0.275525 0.121332 0.261256 0 0
0.466197 -0.164745 0.326177 0 0

1
3.647192
2
0.275525 0.621332 0.261256 0 0
0.224475 0.371332 0.488744 0 0

1
3.647192
2
0.275525 0.121332 0.261256 0 0
0.224475 0.371332 0.488744 0 0

1
3.689866
2
0.275525 0.621332 0.261256 0 0
0.466197 0.414745 0.076177 0 0

1
3.689866
2
0.275525 0.128668 0.511256 0 0
0.466197 0.335255 0.326177 0 0

1
3.689866
2
0.275525 0.628668 0.511256 0 0
0.466197 0.835255 0.326177 0 0

1
3.689873
2
0.033802 0.585255 0.423823 0 0
0.224475 0.378668 0.238744 0 0

1
3.862645
2
0.275525 0.128668 0.511256 0 0
0.224475 0.378668 0.238744 0 0

1
3.862645
2
0.275525 0.628668 0.511256 0 0
0.224475 0.378668 0.238744 0 0

1
3.897433
2
0.533802 0.664744 0.173823 0 0
0.466197 0.335255 0.326177 0 0

1
4.029551
2
0.466197 0.414745 0.576177 0 0
0.224475 0.378668 0.238744 0 0

1
4.029555
2
0.275525 0.628668 0.511256 0 0
0.033802 0.664744 0.173823 0 0

1
4.031693
2
0.033802 0.585255 0.423823 0 0
-0.275525 0.371332 0.488744 0 0

1
4.031693
2
0.224475 0.371332 0.488744 0 0
0.533802 0.585255 0.423823 0 0

1
4.056695
2
0.466197 0.414745 0.076177 0 0
0.533802 0.585255 0.423823 0 0

1
4.056700
2
0.466197 0.835255 0.326177 0 0
0.533802 0.664744 0.673823 0 0

1
4.061739
2
0.224475 0.378668 0.238744 0 0
0.533802 0.585255 0.423823 0 0

1
4.181648
2
0.466197 0.414745 0.576177 0 0
0.275525 0.621332 0.261256 0 0

1
4.277066
2
0.533802 0.664744 0.673823 0 0
0.724475 0.371332 0.488744 0 0

1
4.277067
2
0.466197 0.414745 0.076177 0 0
0.275525 0.121332 0.261256 0 0

1
4.277067
2
0.466197 0.835255 0.326177 0 0
0.275525 1.128668 0.511256 0 0

1
4.277067
2
0.275525 0.628668 0.511256 0 0
0.466197 0.335255 0.326177 0 0

1
4.488001
2
0.533802 0.664744 0.173823 0 0
0.224475 0.378668 0.238744 0 0

