-0.448307
-0.176012
-0.160567
-0.027709
-0.094674
-0.076775
-0.126353
-0.059208
-0.066977
-0.173791
-0.090943
-0.135678
-0.102780
-0.145278
-0.091120
-0.058459
-0.169486
-0.016460
-0.021092
-0.046811
-0.049601
0.013588
-0.003972
0.009831
0.010383
0.005399
0.014211
0.025056
-0.001150
-0.013135
-0.059907
-0.046358
-0.049328
-0.050301
-0.056297
-0.014673
-0.030976
-0.011128
-0.034430
-0.031623
-0.005763
-0.022421
-0.064749
-0.036097
-0.047527
-0.030502
-0.042313
-0.014731
-0.009578
-0.023787
0.001147
-0.009032
-0.012436
-0.029003
0.000473
0.003962
-0.011877
-0.013815
-0.023541
-0.000004
-0.020413
-0.039042
-0.013967
0.001965
0.015187
-0.011580
0.009030
-0.007487
-0.043278
-0.021625
-0.027727
-0.011619
-0.015675
-0.032262
-0.056481
-0.055751
-0.098240
-0.018775
-0.051627
