2 2.543688 4 -0.002324
2 2.573756 2 0.029547
2 2.576104 2 0.023673
2 2.662899 4 0.019179
2 2.725223 2 -0.018734
2 2.786775 4 -0.049264
2 2.838534 4 -0.034970
2 2.940831 4 -0.009755
2 2.966125 4 -0.030941
2 2.990775 4 0.000983
2 3.278445 4 -0.006056
2 3.561672 4 0.019662
2 3.647190 4 -0.000698
2 3.689876 4 -0.016898
2 3.862644 4 0.013744
2 3.897431 2 0.002658
2 4.029551 4 -0.002791
2 4.031692 4 -0.015285
2 4.056700 2 -0.010756
2 4.061738 4 -0.009264
2 4.181654 4 -0.032550
2 4.277069 4 -0.049992
2 4.488001 4 -0.009248
3 2.838534 4 -0.017075
3 2.966125 4 -0.003316
3 2.966125 4 -0.011113
3 2.990775 4 -0.001095
3 2.990775 4 0.002926
3 2.990775 4 0.009042
3 3.278445 4 -0.006220
3 3.278445 4 0.003390
3 3.561672 4 0.009473
3 3.561672 4 0.008945
3 3.647190 4 0.010002
3 3.647190 4 0.008297
3 3.647190 4 -0.004500
3 3.647190 4 -0.005199
3 3.689876 4 0.003114
3 3.689876 4 -0.002339
3 3.689876 4 0.000176
3 3.689876 4 -0.000562
3 3.862644 4 -0.001158
3 3.862644 4 -0.002358
3 3.862644 4 0.002590
3 3.897431 4 -0.002817
3 3.897431 4 0.009417
3 4.029551 4 0.005251
3 4.029551 4 -0.002955
3 4.029551 4 0.006582
3 4.029551 4 0.001134
3 4.031692 4 0.021142
3 4.031692 4 -0.000022
3 4.031692 4 -0.004344
3 4.031692 4 -0.002388
