strain=
1.00000 0.00000 0.00000 
0.00000 1.00000 0.00000 
0.00000 0.00000 1.00000 

Mo atom at 0.11721 0.23423 0.03092 mapped onto lattice site at 0.16659 0.50000 0.59400 distance= 8.45183
Mo atom at 0.14415 3.00000 0.03092 mapped onto lattice site at 0.16659 2.50000 0.59400 distance= 8.58082
Mo atom at 0.00901 0.04685 0.03092 mapped onto lattice site at 2.66470 3.00000 0.59400 distance= 8.65884
Mo atom at 0.14415 0.09369 0.03092 mapped onto lattice site at 0.66470 3.00000 0.59400 distance= 8.99142
Mo atom at 0.00901 0.23423 0.03092 mapped onto lattice site at 2.66470 1.00000 0.59400 distance= 9.07582
Mo atom at 0.03596 3.00000 0.03092 mapped onto lattice site at 2.66470 2.00000 0.59400 distance= 9.39882
Mo atom at 0.14415 0.18738 0.03092 mapped onto lattice site at 0.66470 1.00000 0.59400 distance= 9.43892
Mo atom at 0.06311 0.23423 0.03092 mapped onto lattice site at 0.16659 1.50000 0.59400 distance= 9.54640
Mo atom at 0.09006 3.00000 0.03092 mapped onto lattice site at 0.66470 2.00000 0.59400 distance= 9.77967
Mo atom at 0.00901 0.14054 0.03092 mapped onto lattice site at 2.16659 0.50000 0.59400 distance= 9.95120
Mo atom at 0.03596 0.09369 0.03092 mapped onto lattice site at 2.16659 2.50000 0.59400 distance= 10.17858
Mo atom at 0.11721 0.14054 0.03092 mapped onto lattice site at 1.16659 0.50000 0.59400 distance= 10.67199
Mo atom at 0.11721 0.04685 0.03092 mapped onto lattice site at 1.16659 2.50000 0.59400 distance= 10.77223
Mo atom at 0.03596 0.18738 0.03092 mapped onto lattice site at 2.16659 1.50000 0.59400 distance= 10.99778
Zr atom at 0.09006 0.18738 0.03092 mapped onto lattice site at 1.16659 1.50000 0.59400 distance= 11.67289
Mo atom at 0.06311 0.04685 0.03092 mapped onto lattice site at 1.66470 3.00000 0.59400 distance= 12.02997
Mo atom at 0.06311 0.14054 0.03092 mapped onto lattice site at 1.66470 1.00000 0.59400 distance= 12.41138
Mo atom at 0.09006 0.09369 0.03092 mapped onto lattice site at 1.66470 2.00000 0.59400 distance= 12.75626
Te atom ignored at 0.05409 3.00000 0.02602
Te atom ignored at 0.05409 0.09369 0.02602
Te atom ignored at 0.05409 0.18738 0.02602
Te atom ignored at 0.10819 3.00000 0.02602
Te atom ignored at 0.10819 0.09369 0.02602
Te atom ignored at 0.10819 0.18738 0.02602
Te atom ignored at 0.16229 3.00000 0.02602
Te atom ignored at 0.16229 0.09369 0.02602
Te atom ignored at 0.16229 0.18738 0.02602
Te atom ignored at 0.05409 3.00000 0.03582
Te atom ignored at 0.05409 0.09369 0.03582
Te atom ignored at 0.05409 0.18738 0.03582
Te atom ignored at 0.10819 3.00000 0.03582
Te atom ignored at 0.10819 0.09369 0.03582
Te atom ignored at 0.10819 0.18738 0.03582
Te atom ignored at 0.16229 3.00000 0.03582
Te atom ignored at 0.16229 0.09369 0.03582
Te atom ignored at 0.16229 0.18738 0.03582
Te atom ignored at 0.02704 0.04685 0.02602
Te atom ignored at 0.02704 0.14054 0.02602
Te atom ignored at 0.02704 0.23423 0.02602
Te atom ignored at 0.08114 0.04685 0.02602
Te atom ignored at 0.08114 0.14054 0.02602
Te atom ignored at 0.08114 0.23423 0.02602
Te atom ignored at 0.13524 0.04685 0.02602
Te atom ignored at 0.13524 0.14054 0.02602
Te atom ignored at 0.13524 0.23423 0.02602
Te atom ignored at 0.02704 0.04685 0.03583
Te atom ignored at 0.02704 0.14054 0.03583
Te atom ignored at 0.02704 0.23423 0.03583
Te atom ignored at 0.08114 0.04685 0.03583
Te atom ignored at 0.08114 0.14054 0.03583
Te atom ignored at 0.08114 0.23423 0.03583
Te atom ignored at 0.13524 0.04685 0.03583
Te atom ignored at 0.13524 0.14054 0.03583
Te atom ignored at 0.13524 0.23423 0.03583
