2 2.543688 4 -0.023390
2 2.573756 2 0.016340
2 2.576104 2 0.014201
2 2.662899 4 0.004722
2 2.725223 2 -0.018145
2 2.786775 4 -0.046871
2 2.838534 4 -0.031739
2 2.940831 4 -0.008161
2 2.966125 4 -0.029226
2 2.990775 4 -0.002023
2 3.278445 4 0.002184
2 3.561672 4 0.010785
2 3.647190 4 0.000553
2 3.689876 4 -0.014533
2 3.862644 4 0.009798
2 3.897431 2 -0.020441
2 4.029551 4 -0.005928
2 4.031692 4 -0.022118
2 4.056700 2 -0.017538
2 4.061738 4 -0.016440
2 4.181654 4 -0.029647
2 4.277069 4 -0.049541
2 4.488001 4 -0.009599
3 2.838534 4 -0.013128
3 2.966125 4 -0.004947
3 2.966125 4 -0.012775
3 2.990775 4 -0.006821
3 2.990775 4 0.000989
3 2.990775 4 0.017037
3 3.278445 4 -0.001703
3 3.278445 4 0.005561
3 3.561672 4 0.010674
3 3.561672 4 0.010988
