0.333333 0.666667 0.000000 0.000000 0.001313 -0.001313 1.000000 0
0.333333 0.500000 0.166667 0.056600 0.056238 0.000362 1.000000 10
0.333333 0.500000 0.166667 0.073792 0.075268 -0.001475 1.000000 12
0.333333 0.500000 0.166667 0.023482 0.024259 -0.000777 1.000000 16
0.333333 0.500000 0.166667 0.048592 0.048206 0.000386 1.000000 24
0.333333 0.583333 0.083333 0.049870 0.052043 -0.002174 1.000000 2
0.333333 0.500000 0.166667 0.065395 0.066256 -0.000860 1.000000 34
0.333333 0.500000 0.166667 0.088183 0.088045 0.000137 1.000000 3
0.333333 0.500000 0.166667 0.059211 0.061888 -0.002677 1.000000 44
0.333333 0.500000 0.166667 0.086038 0.085950 0.000088 1.000000 4
0.333333 0.500000 0.166667 0.071462 0.069745 0.001717 1.000000 5
0.333333 0.583333 0.083333 0.033153 0.028609 0.004545 1.000000 8
0.333333 0.500000 0.166667 0.044788 0.043772 0.001016 1.000000 9
0.333333 0.500000 0.166667 0.039063 0.041146 -0.002083 1.000000 136
0.333333 0.500000 0.166667 0.070694 0.068924 0.001769 1.000000 2143
0.333333 0.500000 0.166667 0.043686 0.043347 0.000339 1.000000 247
0.333333 0.583333 0.083333 0.028990 0.028885 0.000104 1.000000 41462
0.333333 0.500000 0.166667 0.015185 0.019031 -0.003846 1.000000 49724
0.333333 0.500000 0.166667 0.034244 0.037890 -0.003645 1.000000 49774
0.333333 0.500000 0.166667 0.010104 0.011936 -0.001832 1.000000 669
0.333333 0.583333 0.083333 0.044423 0.042548 0.001874 1.000000 8417
0.333333 0.583333 0.083333 0.031203 0.030791 0.000412 1.000000 8424
0.333333 0.583333 0.083333 0.026198 0.026546 -0.000348 1.000000 8439
0.333333 0.583333 0.083333 0.033697 0.032083 0.001615 1.000000 84
0.333333 0.583333 0.083333 0.039948 0.038426 0.001523 1.000000 86
0.333333 0.500000 0.166667 0.052165 0.050228 0.001937 1.000000 8942
0.333333 0.572917 0.093750 0.025740 0.027118 -0.001378 1.000000 10000010151
0.333333 0.583333 0.083333 0.022855 0.021506 0.001348 1.000000 10000010570
0.333333 0.572917 0.093750 0.028743 0.028882 -0.000139 1.000000 10000010791
0.333333 0.562500 0.104167 0.028413 0.028766 -0.000353 1.000000 10000012111
0.333333 0.572917 0.093750 0.028253 0.026829 0.001425 1.000000 10000012861
0.333333 0.572917 0.093750 0.035014 0.032977 0.002037 1.000000 10000013575
0.333333 0.583333 0.083333 0.026305 0.025321 0.000983 1.000000 10000014249
0.333333 0.562500 0.104167 0.027514 0.026658 0.000856 1.000000 10000014374
0.333333 0.583333 0.083333 0.025976 0.026662 -0.000686 1.000000 10000014803
0.333333 0.541667 0.125000 0.028583 0.023268 0.005315 1.000000 10000015392
0.333333 0.552083 0.114583 0.036864 0.037899 -0.001035 1.000000 10000015770
0.333333 0.531250 0.135417 0.030564 0.029921 0.000643 1.000000 10000015962
0.333333 0.500000 0.166667 0.010910 0.015905 -0.004995 1.000000 1000001
0.333333 0.583333 0.083333 0.020768 0.019846 0.000922 1.000000 1000002925
0.333333 0.562500 0.104167 0.022063 0.021648 0.000414 1.000000 1000004008
0.333333 0.572917 0.093750 0.026997 0.025110 0.001886 1.000000 1000004137
0.333333 0.541667 0.125000 0.022445 0.017760 0.004685 1.000000 1000004912
0.333333 0.614583 0.052083 0.015561 0.017672 -0.002111 1.000000 1000005317
0.333333 0.572917 0.093750 0.029854 0.027633 0.002222 1.000000 1000006075
0.333333 0.593750 0.072917 0.027038 0.029736 -0.002698 1.000000 1000006247
0.333333 0.593750 0.072917 0.019757 0.021025 -0.001269 1.000000 1000006265
0.333333 0.562500 0.104167 0.028053 0.026426 0.001628 1.000000 1000006332
0.333333 0.604167 0.062500 0.017201 0.018353 -0.001152 1.000000 1000006728
0.333333 0.583333 0.083333 0.022926 0.024546 -0.001620 1.000000 1000008099
0.333333 0.562500 0.104167 0.024279 0.022979 0.001300 1.000000 1000008283
0.333333 0.593750 0.072917 0.026709 0.027605 -0.000896 1.000000 1000009675
0.333333 0.541667 0.125000 0.032017 0.035393 -0.003376 1.000000 10000112176
0.333333 0.572917 0.093750 0.027528 0.026928 0.000600 1.000000 10000114294
0.333333 0.572917 0.093750 0.030419 0.030606 -0.000186 1.000000 10000114622
0.333333 0.572917 0.093750 0.024875 0.022755 0.002120 1.000000 10000114834
0.333333 0.562500 0.104167 0.031062 0.028555 0.002507 1.000000 10000115079
0.333333 0.541667 0.125000 0.026383 0.024541 0.001842 1.000000 10000115497
0.333333 0.500000 0.166667 0.020783 0.023502 -0.002719 1.000000 1000011
0.333333 0.583333 0.083333 0.019780 0.019594 0.000186 1.000000 1000014121
0.333333 0.583333 0.083333 0.031034 0.030459 0.000574 1.000000 1000015420
0.333333 0.583333 0.083333 0.024288 0.025197 -0.000908 1.000000 1000016749
0.333333 0.583333 0.083333 0.017726 0.015376 0.002351 1.000000 1000016754
0.333333 0.531250 0.135417 0.029088 0.028140 0.000948 1.000000 1000017112
0.333333 0.552083 0.114583 0.030020 0.027416 0.002604 1.000000 1000017221
0.333333 0.583333 0.083333 0.030801 0.031506 -0.000705 1.000000 1000018218
0.333333 0.583333 0.083333 0.025345 0.025017 0.000327 1.000000 1000018713
0.333333 0.593750 0.072917 0.022735 0.025066 -0.002331 1.000000 1000019810
0.333333 0.583333 0.083333 0.019767 0.021442 -0.001675 1.000000 1000021003
0.333333 0.541667 0.125000 0.014196 0.015156 -0.000960 1.000000 1000021072
0.333333 0.583333 0.083333 0.024633 0.025934 -0.001300 1.000000 10000210928
0.333333 0.572917 0.093750 0.028517 0.030022 -0.001504 1.000000 10000213050
0.333333 0.541667 0.125000 0.026444 0.025077 0.001367 1.000000 10000215343
0.333333 0.552083 0.114583 0.028169 0.030097 -0.001929 1.000000 10000215579
0.333333 0.583333 0.083333 0.029970 0.028752 0.001217 1.000000 10000215781
0.333333 0.562500 0.104167 0.028744 0.028360 0.000384 1.000000 10000215870
0.333333 0.562500 0.104167 0.030265 0.028049 0.002216 1.000000 10000215982
0.333333 0.562500 0.104167 0.030986 0.032819 -0.001834 1.000000 10000216188
0.333333 0.552083 0.114583 0.041792 0.039082 0.002709 1.000000 10000216485
0.333333 0.500000 0.166667 0.019931 0.019627 0.000304 1.000000 1000021
0.333333 0.593750 0.072917 0.018705 0.019915 -0.001210 1.000000 1000023479
0.333333 0.604167 0.062500 0.031304 0.031192 0.000112 1.000000 1000025197
0.333333 0.593750 0.072917 0.020371 0.020138 0.000233 1.000000 1000025583
0.333333 0.583333 0.083333 0.018842 0.018105 0.000737 1.000000 1000025663
0.333333 0.562500 0.104167 0.026538 0.027948 -0.001410 1.000000 1000025951
0.333333 0.562500 0.104167 0.022923 0.022792 0.000131 1.000000 1000026368
0.333333 0.583333 0.083333 0.028702 0.029792 -0.001090 1.000000 1000026449
0.333333 0.604167 0.062500 0.023335 0.025597 -0.002262 1.000000 100002684
0.333333 0.604167 0.062500 0.018087 0.018872 -0.000785 1.000000 100002710
0.333333 0.604167 0.062500 0.020118 0.020470 -0.000353 1.000000 1000027546
0.333333 0.593750 0.072917 0.024567 0.024859 -0.000292 1.000000 1000027939
0.333333 0.541667 0.125000 0.022941 0.022986 -0.000045 1.000000 1000028672
0.333333 0.604167 0.062500 0.025536 0.027000 -0.001463 1.000000 1000028859
0.333333 0.562500 0.104167 0.019250 0.020824 -0.001574 1.000000 1000028910
0.333333 0.572917 0.093750 0.027363 0.026162 0.001200 1.000000 1000029222
0.333333 0.593750 0.072917 0.023473 0.025213 -0.001740 1.000000 1000029522
0.333333 0.593750 0.072917 0.026544 0.027076 -0.000532 1.000000 1000029925
0.333333 0.572917 0.093750 0.028094 0.026062 0.002032 1.000000 10000311096
0.333333 0.572917 0.093750 0.031226 0.029713 0.001513 1.000000 10000313008
0.333333 0.572917 0.093750 0.025552 0.024994 0.000557 1.000000 10000313690
0.333333 0.614583 0.052083 0.015818 0.016512 -0.000694 1.000000 10000313857
0.333333 0.552083 0.114583 0.023484 0.023995 -0.000511 1.000000 10000314192
0.333333 0.572917 0.093750 0.023284 0.024406 -0.001122 1.000000 10000314774
0.333333 0.604167 0.062500 0.027042 0.024602 0.002440 1.000000 1000031491
0.333333 0.552083 0.114583 0.034481 0.032701 0.001780 1.000000 10000315072
0.333333 0.614583 0.052083 0.022964 0.023524 -0.000560 1.000000 10000316505
0.333333 0.500000 0.166667 0.022307 0.020511 0.001795 1.000000 1000031
0.333333 0.593750 0.072917 0.023816 0.024488 -0.000673 1.000000 10000320228
0.333333 0.572917 0.093750 0.027436 0.026229 0.001207 1.000000 10000323026
0.333333 0.562500 0.104167 0.030258 0.031673 -0.001415 1.000000 10000324050
0.333333 0.572917 0.093750 0.029717 0.027385 0.002332 1.000000 10000325071
0.333333 0.593750 0.072917 0.019665 0.020226 -0.000561 1.000000 100003252
0.333333 0.552083 0.114583 0.032201 0.032492 -0.000291 1.000000 10000326528
0.333333 0.541667 0.125000 0.030756 0.029415 0.001341 1.000000 10000327584
0.333333 0.593750 0.072917 0.024276 0.025172 -0.000897 1.000000 10000328750
0.333333 0.604167 0.062500 0.022202 0.021849 0.000353 1.000000 10000329059
0.333333 0.541667 0.125000 0.031532 0.031017 0.000515 1.000000 10000330448
0.333333 0.562500 0.104167 0.030116 0.030304 -0.000188 1.000000 1000033070
0.333333 0.562500 0.104167 0.032752 0.035845 -0.003094 1.000000 10000332102
0.333333 0.541667 0.125000 0.032078 0.031093 0.000985 1.000000 10000332127
0.333333 0.572917 0.093750 0.022212 0.023816 -0.001605 1.000000 10000335758
0.333333 0.614583 0.052083 0.015476 0.018489 -0.003013 1.000000 1000033650
0.333333 0.562500 0.104167 0.025800 0.023802 0.001999 1.000000 10000338140
0.333333 0.552083 0.114583 0.028984 0.029047 -0.000063 1.000000 10000338592
0.333333 0.562500 0.104167 0.019904 0.021074 -0.001170 1.000000 10000340540
0.333333 0.583333 0.083333 0.021762 0.022938 -0.001175 1.000000 10000340711
0.333333 0.562500 0.104167 0.023978 0.025857 -0.001880 1.000000 10000340818
0.333333 0.614583 0.052083 0.018107 0.018401 -0.000293 1.000000 10000341030
0.333333 0.604167 0.062500 0.023873 0.025514 -0.001640 1.000000 10000341667
0.333333 0.541667 0.125000 0.026800 0.029067 -0.002266 1.000000 10000344672
0.333333 0.572917 0.093750 0.028147 0.024749 0.003397 1.000000 10000345344
0.333333 0.583333 0.083333 0.029796 0.022085 0.007711 1.000000 10000345851
0.333333 0.562500 0.104167 0.017622 0.020733 -0.003111 1.000000 10000348428
0.333333 0.541667 0.125000 0.033233 0.031101 0.002132 1.000000 10000348893
0.333333 0.552083 0.114583 0.025710 0.027779 -0.002069 1.000000 10000349046
0.333333 0.552083 0.114583 0.024784 0.023034 0.001750 1.000000 10000350680
0.333333 0.572917 0.093750 0.029739 0.030355 -0.000617 1.000000 10000353792
0.333333 0.562500 0.104167 0.032537 0.028890 0.003647 1.000000 10000355771
0.333333 0.552083 0.114583 0.026331 0.028090 -0.001759 1.000000 10000356528
0.333333 0.604167 0.062500 0.017604 0.019830 -0.002226 1.000000 10000357634
0.333333 0.604167 0.062500 0.025226 0.026231 -0.001004 1.000000 10000357986
0.333333 0.552083 0.114583 0.033392 0.035666 -0.002274 1.000000 10000361087
0.333333 0.552083 0.114583 0.028813 0.028101 0.000712 1.000000 10000361245
0.333333 0.552083 0.114583 0.026018 0.024220 0.001798 1.000000 1000036136
0.333333 0.562500 0.104167 0.025813 0.022012 0.003801 1.000000 10000362435
0.333333 0.541667 0.125000 0.034719 0.034503 0.000217 1.000000 10000363453
0.333333 0.520833 0.145833 0.028499 0.032288 -0.003789 1.000000 10000365272
0.333333 0.520833 0.145833 0.025034 0.027252 -0.002218 1.000000 10000365518
0.333333 0.583333 0.083333 0.026431 0.026154 0.000276 1.000000 1000036964
0.333333 0.593750 0.072917 0.019004 0.019754 -0.000750 1.000000 1000039138
0.333333 0.500000 0.166667 0.011098 0.012728 -0.001629 1.000000 20180602001
0.333333 0.500000 0.166667 0.016301 0.014803 0.001499 1.000000 20180602002
0.333333 0.500000 0.166667 0.000000 -0.000753 0.000753 1.000000 20180603001
0.333333 0.500000 0.166667 0.005851 0.005098 0.000753 1.000000 20180603002
0.333333 0.510417 0.156250 0.005955 0.006244 -0.000289 1.000000 20180605001
0.333333 0.510417 0.156250 0.004341 0.003408 0.000932 1.000000 20180605002
