162.0000 0.05 1
80
0
0
0
0
0
0
0
0
0
0
0
0
0
0
0
0
0
0
0
0
0
0
0
0
0
0
0
0
0
0
0
0
0
0
80
0
0
0
0
0
0
0
0
0
0
0
0
0
0
0
0
0
0
0
0
0
0
0
0
0
0
0
0
0
0
0
0
0
0
0
0
0
0
0
0
0
0
0
0
0
0
0
0
0
0
0
0
0
0
0
0
0
0
0
0
0
0
0
0
0
0
0
0
0
0
0
0
0
0
0
0
0
0
0
0
0
0
0
0
0
0
0
0
0
0
0
0
0
0
0
0
0
0
0
0
0
0
0
0
0
0
0
0
0
0
0
0
0
0
0
0
0
0
0
0
0
0
0
0
0
0
0
0
0
0
0
0
0
0
0
0
0
0
0
0
0
0
0
0
0
0
0
0
0
0
0
0
0
0
0
0
0
0
0
0
0
0
0
0
0
0
0
0
0
0
0
0
0
0
0
0
0
0
0
0
0
0
0
0
0
0
0
0
0
0
0
0
0
0
0
0
0
0
0
0
0
0
0
0
0
0
0
0
0
0
0
0
0
0
0
0
0
0
0
0
0
0
0
0
0
0
0
0
0
0
0
0
0
0
0
0
0
0
0
0
0
0
0
0
0
0
0
0
0
0
0
0
0
0
0
0
0
0
0
0
0
0
0
0
0
0
0
0
0
0
0
0
0
0
0
0
0
0
0
0
0
0
0
0
0
0
0
0
0
0
0
0
0
0
0
0
0
0
0
0
0
0
0
0
0
0
0
0
0
0
0
0
0
0
0
0
0
0
0
0
0
0
0
0
0
0
0
0
0
0
0
0
0
0
0
0
0
0
0
0
0
0
0
0
0
0
0
0
0
0
0
0
0
0
0
0
0
0
0
0
0
0
0
0
0
0
0
0
0
0
0
0
0
0
0
0
0
0
0
0
0
0
0
0
0
0
0
0
0
0
0
0
0
0
0
0
0
0
0
0
0
0
0
0
0
0
0
0
0
0
0
26.875
13.125
0
0
0
0
0
0
0
1.25
78.75
0
0
0
26.875
13.125
0
0
0
0
0
0
0
0
0
0
18.75
161.25
60
0
0
0
0
0
0
0
0
0
0
0
0
0
0
0
0
0
0
0
0
0
0
0
0
0
0
0
0
0
0
0
0
16.25
43.75
80
80
20
0
0
0
0
0
0
0
0
0
0
0
0
0
0
0
0
0
0
0
0
0
0
0
0
0
0
0
0
0
0
0
0
0
0
0
0
0
0
0
0
0
0
0
0
0
0
0
0
0
0
0
0
0
0
0
0
0
0
0
0
0
0
0
0
0
0
0
0
0
0
0
0
0
0
0
0
0
0
0
0
0
0
0
0
0
0
0
0
0
0
0
0
0
0
0
0
0
0
0
0
0
0
0
0
0
0
0
0
0
0
0
0
0
0
0
0
0
0
0
0
0
0
0
0
0
0
0
0
0
0
0
0
0
0
0
0
0
0
0
0
0
0
0
0
0
0
0
0
0
0
0
0
0
0
0
0
0
0
0
0
0
0
0
0
0
0
0
0
0
0
0
0
0
0
0
0
0
0
0
0
0
0
0
0
0
0
0
0
0
0
0
0
0
0
0
0
0
0
0
0
0
0
0
0
0
0
0
0
0
0
0
0
0
0
0
0
0
0
0
0
0
0
0
0
0
0
0
0
0
0
0
0
0
0
0
0
0
0
0
0
0
0
0
0
0
0
0
0
0.625
1.875
4.375
3.125
12.5
5
5
7.5
1.25
10
6.25
1.25
0.3125
8.4375
17.1875
20.3125
13.125
14.375
10
26.5625
10.9375
13.75
12.5
10
11.25
11.25
17.8125
5.625
17.1875
26.875
16.5625
15
20.3125
21.875
18.125
51.25
30
0.625
0
0
0
0
0
0
0
0.625
0
23.75
20
14.375
18.125
13.125
18.75
1.875
14.375
9.375
29.375
51.25
13.75
56.875
4.375
35.625
23.125
24.375
23.125
9.375
15.625
25.625
18.75
10.625
3.75
0
0
0
0
0
0
0
0
0
0
0
0
0
0
0
0
0
0
0
0
0
0
0
0
0
0
0
0
0
0
0
0
0
0
0
0
0
0
0
0
0
0
0
0
0
0
0
0
0
0
0
0
0
0
0
0
0
0
0
0
0
0
0
0
0
0
0
0
0
0
0
0
0
0
0
0
0
0
0
0
0
0
0
0
0
0
0
0
0
0
0
0
0
0
0
0
0
0
0
0
0
0
0
0
0
0
0
0
0
0
0
0
0
0
0
0
0
0
0
0
0
0
0
0
0
0
0
0
0
0
0
0
0
0
0
0
0
0
0
0
0
0
0
0
0
0
0
0
0
0
0
0
0
0
0
0
0
0
0
0
0
0
0
0
0
0
0
0
0
0
0
0
0
0
0
0
0
0.625
0.625
0
17.5
0
0
0.625
1.25
0
5
2.5
27.5
5
6.25
0.625
10
22.1875
8.125
14.375
3.75
2.8125
7.5
17.5
3.125
7.5
4.0625
3.125
4.0625
12.5
13.4375
19.0625
20
12.1875
10.625
18.125
22.5
20
18.4375
20
16.5625
16.25
12.8125
16.875
24.375
16.25
14.375
8.125
26.25
17.5
23.75
16.5625
16.875
26.5625
24.0625
20.3125
30.3125
23.125
26.25
13.125
18.75
14.375
10
10
16.875
6.875
7.1875
9.0625
21.5625
16.25
12.5
9.0625
11.875
13.75
31.25
22.5
12.1875
13.4375
6.25
20.625
23.125
10.625
21.25
18.75
23.125
21.875
12.8125
12.5
10.625
16.25
16.875
25.625
28.75
12.8125
18.125
14.375
10.625
18.125
15
19.0625
5.625
4.375
0
2.5
3.75
16.25
2.5
10.625
5.625
0
0.625
0.625
0
0
0
0
0
0
0
0
0
0
0
0
0
0
0
0
0
0
0
0
0
0
0
0
0
0
0
0
0
0
0
0
0.625
0
0.625
0
0
0
0.625
1.25
3.75
1.25
3.125
0
2.5
3.75
6.875
3.75
5
3.75
9.375
3.75
5
3.75
5
1.25
2.5
0
0
3.75
4.375
10.625
12.5
26.25
2.5
18.75
11.25
0
0
1.25
10
1.25
7.5
16.25
19.375
15.625
13.75
16.25
25
23.75
6.25
17.5
20
12.5
13.75
16.875
11.875
6.5625
9.0625
7.5
4.375
5.625
7.5
10
7.5
9.0625
3.125
3.75
1.5625
6.25
10.9375
6.5625
3.4375
12.5
2.8125
1.25
0.3125
1.25
4.375
10.3125
2.5
2.5
12.5
5.3125
5.625
3.75
2.5
2.5
6.5625
3.75
3.125
6.25
4.6875
4.0625
8.75
5.625
10.625
13.125
1.25
10.9375
6.25
13.75
12.8125
14.375
13.125
11.875
6.25
5
10
8.75
7.5
7.5
11.25
3.75
1.875
3.75
1.25
1.25
1.25
0.625
0
