4.03372 -8.0626 4.03372
8.0626 -4.03372 4.03372
4.03372 -4.03372 8.0626
1 0 0
0 1 0
0 0 1
0.3758054060939884 0.3758054060939884 0.3758054060939884	Nb_sv
0.6250000000000000 0.6250000000000000 0.6250000000000000	Nb_sv
0.8741945939060116 0.8741945939060116 0.8741945939060116	Nb_sv
0.2492558209431266 0.7527730017617174 0.2492558209431266	O
0.0008914358164205 0.4999550960671186 0.4999550960671186	O
0.2492558209431266 0.2492558209431266 0.7527730017617174	O
0.4999550960671186 0.0008914358164205 0.4999550960671186	O
0.2491085641835795 0.7500449039328814 0.7500449039328814	O
0.4999550960671186 0.4999550960671186 0.0008914358164205	O
0.7500449039328814 0.2491085641835795 0.7500449039328814	O
0.4972269982382826 0.0007441790568734 0.0007441790568734	O
0.7500449039328814 0.7500449039328814 0.2491085641835795	O
0.0007441790568734 0.4972269982382826 0.0007441790568734	O
0.7527730017617174 0.2492558209431266 0.2492558209431266	O
0.0007441790568734 0.0007441790568734 0.4972269982382826	O
0.7522839290143537 0.7522839290143537 0.7522839290143537	Sr_sv
0.0027404156331130 0.0027404156331130 0.0027404156331130	Sr_sv
0.2472595843668870 0.2472595843668870 0.2472595843668870	Sr_sv
0.4977160709856463 0.4977160709856463 0.4977160709856463	Sr_sv
0.1250000000000000 0.1250000000000000 0.1250000000000000	Ti_sv
