40.0000 0.05 1
40
0
0
0
0
0
0
0
0
0
0
0
0
0
0
0
0
0
0
0
0
0
0
0
0
0
0
0
0
0
0
0
0
0
0
0
0
0
0
0
0
0
0
0
0
0
0
0
0
0
0
0
0
0
0
0
0
0
0
0
0
0
0
0
0
0
0
0
0
0
0
0
0
0
0
0
0
0
0
0
0
0
0
0
0
0
0
0
0
0
0
0
0
0
0
0
0
0
0
0
0
0
0
0
0
0
0
0
0
0
0
0
0
0
0
0
0
0
0
0
0
0
0
0
0
0
0
0
0
0
0
0
0
0
0
0
0
0
0
0
0
0
0
0
0
0
0
0
0
0
0
0
0
0
0
0
0
0
0
0
0
0
0
0
0
0
0
0
0
0
0
0
0
0
0
0
0
0
0
0
0
0
0
0
0
0
0
0
0
0
0
0
0
0
0
0
0
0
0
0
0
0
0
0
0
0
0
0
0
0
0
0
0
0
0
0
0
0
0
0
0
0
0
0
0
0
0
0
0
0
0
0
0
0
0
0
0
0
0
0
0
0
0
0
0
0
0
0
0
0
0
0
0
0
0
0
0
0
0
0
0
0
0
0
0
0
0
0
0
0
0
0
0
0
0
0
0
0
0
0
0
0
0
0
0
0
0
0
0
0
0
0
0
0
0
0
0
0
0
0
0
0
0
0
0
0
0
0
0
0
0
0
0
0
0
0
0
0
0
0
0
0
0
0
0
0
0
0
0
0
0
0
0
0
0
0
0
0
0
0
0
0
0
0
0
0
0
0
0
0
0
0
0
0
0
0
0
0
0
0
0
0
0
0
0
0
0
0
0
0
0
0
0
0
0
0
0
0
0
0
0
0
0
0
0
0
0
0
0
0
0
0
0
0
0
0
0
0
0
0
0
0
0
0
0
0
0
0
0
0
0
0
0
0
0
0
0
0
0
0
0
0
0
0
0
0
0
0
0
0
0
0
0
0
0
0
0
0
0
0
0
0
0
0
0
0
0
0
0
0
0
0
0
0
0
0
0
0
0
0
0
0
0
0
0
0
0
0
0
0
0
0
7.26562
29.375
41.6406
68.2031
13.5156
0
0
0
0
0
0
0
0
0
0
0
0
0
0
0
0
0
0
0
0
0
0
0
0
0
0
0
0
0
0
0
0
0
0
0
0
0
0
0
0
0
0
0
0
0
0
0
0
0
0
0
0
0
0
0
0
0
0
0
0
0
0
0
0
0
0
0
0
0
0
0
0
0
0
0
0
0
0
0
0
0
0
0
0
0
0
0
0
0
0
0
0
0
0
0
0
0
0
0
0
0
0
0
0
0
0
0
0
0
0
0
0
0
0
0
0
0
0
0
0
0
0
0
0
0
0
0
0
0
0
0
0
0
0
0
0
0
0
0
0
0
0
0
0
0
0
0
0
0
0
0
0
0
0
0
0
0
0
0
0
0
0
0
0
0
0
0
0
0
0
0
0
0
0
0
0
0
0
0
0
0
0
0
0
0
0
0
0
0
0
0
0
0
0
0
0
0
0
0
0
0
0
0
0
0
0
0
0
0
0
0
0
0
0
0
0
0
0
0
0
0
0
0
0
0
0
0
0
0
0
0
0
0
0
0
0
0
0
0
0
0
0
0
0
0
0
0
0
0
0
0
0
0
0
0
0
0
0
0
0
0
0
0
0
0
0
0
0
0
0
0
0
0
0
0
0
0
0
0
0
0
0
0
0
0
0
0
0
0
0
0
0
0
0
0
0
0
0
0
0
0
0
0
0.234375
0.46875
0.9375
2.34375
5.23438
3.4375
1.875
3.75
5.625
0
0.625
0.9375
5.625
0
1.875
0
1.875
0.234375
1.875
0.46875
0.46875
3.4375
6.5625
12.5
20.8594
10.7812
15.9375
7.8125
2.8125
1.17188
0.234375
0
0
0
0
0
0
0
0
0
0
0
0
0
0
0
0
0
0
0.234375
1.40625
0
7.34375
2.8125
18.0469
16.5625
10.0781
10
4.375
10.3125
11.7188
9.375
10.4688
4.6875
2.34375
0.234375
0
0
0
0
0
0
0
0
0
0
0
0
0
0
0
0
0
0
0
0
0
0
0
0
0
0
0
0
0
0
0
0
0
0
0
0
0
0
0
0
0
0
0
0
0
0
0
0
0
0
0
0
0
0
0
0
0
0
0
0
0
0
0
0
0
0
0
0
0
0
0
0
0
0
0
0
0
0
0
0
0
0
0
0
0
0
0
0
0
0
0
0
0
0
0
0
0
0
0
0
0
0
0
0
0
0
0
0
0
0
0
0
0
0
0
0
0
0
0
0
0
0
0
0
0
0
0
0
0
0
0
0
0
0
0
0
0
0
0
0
0
0
0
0
0
0
0
0
0
0
0
0
0
0
0
0
0
0
0
0
0
0
0
0
0
0
0
0
0
0
0
0
0
0
0
0
0
0
0
0
0
0
0
0
0
0
0
0
0
0
0
0
0
0
0.078125
0.703125
1.17188
1.40625
5.625
1.875
9.29688
1.875
1.875
6.79688
5.78125
4.21875
1.5625
4.6875
9.84375
6.40625
0.9375
2.5
5.85938
2.8125
2.8125
1.71875
1.875
4.6875
5.625
14.375
4.375
0.9375
2.8125
3.28125
1.875
15.4688
6.5625
10.625
5.9375
13.8281
8.59375
2.8125
2.8125
0.9375
0
0.9375
1.875
2.10938
0.9375
6.09375
0.46875
2.34375
1.875
3.75
0.9375
5.625
3.75
0.234375
4.0625
2.34375
2.10938
0.9375
1.40625
7.5
2.8125
1.875
2.8125
1.875
2.8125
2.8125
14.2188
5.625
5.625
4.92188
5.625
7.5
3.4375
5.9375
4.21875
4.6875
3.59375
8.4375
2.8125
10.9375
0
2.8125
0.9375
1.25
1.17188
2.8125
2.8125
4.375
1.875
1.17188
0.9375
0.703125
0
0
0
0
0
0
0
0
0
0
0
0
0
0
0
0
0
0
0
0
0
0
0
0
0
0
0
0
0
0
0
0
0
0
0
0.234375
0.46875
0.46875
0.703125
0
0
0.9375
0.9375
2.8125
2.8125
0.625
0.9375
3.125
1.875
0.9375
0
0
0
0
0
1.875
3.75
9.375
0
7.5
0
0
0.9375
2.5
0
3.125
0.9375
5.625
13.125
3.75
1.875
3.75
9.375
7.5
4.6875
1.875
4.6875
2.8125
3.4375
4.0625
1.875
2.1875
3.04688
0.46875
0.46875
0.234375
0.9375
1.875
2.8125
0
0
0
0
0.9375
0
7.1875
0.9375
0
0
1.875
0.234375
0
0
0
1.875
5.625
0
0
0
3.75
0.46875
0
0
0
0
0
0
0
0
0
0
0
0
3.4375
0
0
0
0
0
4.21875
0
0
0
0
0
0
0.078125
0.46875
0
0
0
0.9375
0
0
0.625
0
