41.0000 0.05 1
40
0
0
0
0
0
0
0
0
0
0
0
0
0
0
0
0
0
0
0
0
0
0
0
0
0
0
0
0
0
0
0
0
0
0
0
0
0
0
0
0
0
0
0
0
0
0
0
0
0
0
0
0
0
0
0
0
0
0
0
0
0
0
0
0
0
0
0
0
0
0
0
0
0
0
0
0
0
0
0
0
0
0
0
0
0
0
0
0
0
0
0
0
0
0
0
0
0
0
0
0
0
0
0
0
0
0
0
0
0
0
0
0
0
0
0
0
0
0
0
0
0
0
0
0
0
0
0
0
0
0
0
0
0
0
0
0
0
0
0
0
0
0
0
0
0
0
0
0
0
0
0
0
0
0
0
0
0
0
0
0
0
0
0
0
0
0
0
0
0
0
0
0
0
0
0
0
0
0
0
0
0
0
0
0
0
0
0
0
0
0
0
0
0
0
0
0
0
0
0
0
0
0
0
0
0
0
0
0
0
0
0
0
0
0
0
0
0
0
0
0
0
0
0
0
0
0
0
0
0
0
0
0
0
0
0
0
0
0
0
0
0
0
0
0
0
0
0
0
0
0
0
0
0
0
0
0
0
0
0
0
0
0
0
0
0
0
0
0
0
0
0
0
0
0
0
0
0
0
0
0
0
0
0
0
0
0
0
0
0
0
0
0
0
0
0
0
0
0
0
0
0
0
0
0
0
0
0
0
0
0
0
0
0
0
0
0
0
0
0
0
0
0
0
0
0
0
0
0
0
0
0
0
0
0
0
0
0
0
0
0
0
0
0
0
0
0
0
0
0
0
0
0
0
0
0
0
0
0
0
0
0
0
0
0
0
0
0
0
0
0
0
0
0
0
0
0
0
0
0
0
0
0
0
0
0
0
0
0
0
0
0
0
0
0
0
0
0
0
0
0
0
0
40
0
0
0
0
0
0
0
0
0
0
0
0
0
0
0
0
0
0
0
0
0
0
0
0
0
0
0
0
0
0
0
0
0
0
0
0
0
0
0
0
0
0
0
0
0
0
0
0
0
0
0
0
0
0
0
0
0
0
0
0
0
0
0
0
0
0
0
0
0
12.8906
32.1094
30
45
0
0
0
0
0
0
0
0
0
0
0
0
0
0
0
0
0
0
0
0
0
0
0
0
0
0
0
0
0
0
0
0
0
0
0
0
0
0
0
0
0
0
0
0
0
0
0
0
0
0
0
0
0
0
0
0
0
0
0
0
0
0
0
0
0
0
0
0
0
0
0
0
0
0
0
0
0
0
0
0
0
0
0
0
0
0
0
0
0
0
0
0
0
0
0
0
0
0
0
0
0
0
0
0
0
0
0
0
0
0
0
0
0
0
0
0
0
0
0
0
0
0
0
0
0
0
0
0
0
0
0
0
0
0
0
0
0
0
0
0
0
0
0
0
0
0
0
0
0
0
0
0
0
0
0
0
0
0
0
0
0
0
0
0
0
0
0
0
0
0
0
0
0
0
0
0
0
0
0
0
0
0
0
0
0
0
0
0
0
0
0
0
0
0
0
0
0
0
0
0
0
0
0
0
0
0
0
0
0
0
0
0
0
0
0
0
0
0
0
0
0
0
0
0
0
0
0
0
0
0
0
0
0
0
0
0
0
0
0
0
0
0
0.234375
0.46875
0.9375
2.34375
0.9375
5.23438
6.25
0
3.75
3.75
0.9375
0.9375
2.73438
4.6875
0
0.46875
1.79688
8.28125
5.625
2.8125
5.625
12.1875
4.0625
6.71875
5.625
12.1875
4.6875
7.5
3.125
2.8125
2.8125
0
0.234375
0.234375
0
0
0
0
0
0
0
1.17188
0.46875
6.40625
11.4844
25.9375
8.20312
7.5
7.8125
10.7812
10.3125
18.4375
9.84375
1.64062
0
0
0
0
0
0
0
0
0
0
0
0
0
0
0
0
0
0
0
0
0
0
0
0
0
0
0
0
0
0
0
0
0
0
0
0
0
0
0
0
0
0
0
0
0
0
0
0
0
0
0
0
0
0
0
0
0
0
0
0
0
0
0
0
0
0
0
0
0
0
0
0
0
0
0
0
0
0
0
0
0
0
0
0
0
0
0
0
0
0
0
0
0
0
0
0
0
0
0
0
0
0
0
0
0
0
0
0
0
0
0
0
0
0
0
0
0
0
0
0
0
0
0
0
0
0
0
0
0
0
0
0
0
0
0
0
0
0
0
0
0
0
0
0
0
0
0
0
0
0
0
0
0
0
0
0
0
0
0
0
0
0
0
0
0
0
0
0
0
0
0
0
0
0
0
0
0
0
0
0
0
0
0
0
0
0
0
0
0
0
0
0
0
0
0
0
0
0
0
0
0
1.79688
5.85938
5.85938
1.17188
1.875
0
1.875
1.875
8.35938
11.7188
8.4375
0
3.90625
4.21875
3.75
0.234375
3.75
6.25
0.625
2.1875
0
1.875
6.5625
0
5.625
2.8125
6.875
6.09375
10.3125
0
4.6875
3.75
9.21875
7.5
1.875
2.34375
3.4375
11.25
1.875
5.3125
3.75
3.75
4.53125
7.03125
4.92188
4.6875
2.10938
5.625
0.9375
0.9375
0
0.9375
1.875
1.875
3.35938
12.1875
3.28125
1.875
2.8125
0.9375
6.5625
3.75
0.9375
0.9375
3.75
12.3438
7.73438
7.5
9.60938
6.5625
6.71875
6.875
1.25
1.875
4.6875
8.4375
3.28125
11.25
2.5
2.8125
1.17188
0
1.25
3.75
2.8125
3.4375
2.8125
1.17188
0.9375
0.703125
0
0
0
0
0
0
0
0
0
0
0
0
0
0
0
0
0
0
0
0
0
0
0
0
0
0
0
0
0
0
0
0
0
0
0
0
0
0
0
0
0
0
0
0
0
0
0
0.234375
0.46875
0
0.46875
0
0.46875
0.234375
0
1.875
0
2.8125
0
1.875
1.5625
0.9375
1.25
1.875
0
1.875
0.9375
0
0
0
0
0
0
3.75
0
1.875
7.5
1.875
0
5.625
1.875
0
0
0
0.9375
1.875
0
1.875
0
1.875
3.75
4.6875
5.625
3.75
5.625
0
0
1.875
7.5
6.5625
5.625
4.6875
0
0.9375
2.89062
0
3.75
2.8125
0.625
1.875
2.65625
0.9375
1.875
0
2.8125
0.9375
1.17188
1.40625
0
1.09375
0.46875
0.46875
0.234375
0
0
1.875
0
0.703125
0
1.95312
0
0.46875
0
0.9375
2.8125
0.46875
0.234375
2.8125
4.21875
1.875
3.4375
1.875
0
2.5
6.5625
1.875
0
0
1.875
0
0.9375
0
