0.000000 0.600000 0.200000 0.200000 -0.000000 -0.009633 0.009633 1.000000 0
0.200000 0.600000 0.200000 0.000000 -0.000000 0.004818 -0.004818 1.000000 1
0.100000 0.600000 0.200000 0.100000 -0.097780 -0.080071 -0.017709 1.000000 2
0.100000 0.600000 0.200000 0.100000 -0.115162 -0.116634 0.001472 1.000000 3
0.100000 0.600000 0.200000 0.100000 -0.073994 -0.074550 0.000557 1.000000 4
0.133333 0.600000 0.200000 0.066667 -0.072479 -0.054816 -0.017663 1.000000 10
0.066667 0.600000 0.200000 0.133333 -0.079910 -0.074862 -0.005048 1.000000 5
0.133333 0.600000 0.200000 0.066667 -0.076499 -0.070046 -0.006454 1.000000 6
0.066667 0.600000 0.200000 0.133333 -0.103947 -0.105535 0.001588 1.000000 7
0.133333 0.600000 0.200000 0.066667 -0.084023 -0.085194 0.001171 1.000000 8
0.066667 0.600000 0.200000 0.133333 -0.081907 -0.076427 -0.005480 1.000000 9
0.100000 0.600000 0.200000 0.100000 -0.076619 -0.068645 -0.007974 1.000000 12
0.050000 0.600000 0.200000 0.150000 -0.092077 -0.088369 -0.003709 1.000000 14
0.150000 0.600000 0.200000 0.050000 -0.067243 -0.063313 -0.003931 1.000000 16
0.050000 0.600000 0.200000 0.150000 -0.091437 -0.090958 -0.000479 1.000000 17
0.050000 0.600000 0.200000 0.150000 -0.068855 -0.068111 -0.000744 1.000000 28
0.150000 0.600000 0.200000 0.050000 -0.045558 -0.044919 -0.000640 1.000000 29
0.173333 0.600000 0.200000 0.026667 -0.023307 -0.024751 0.001444 1.000000 iter1_0_1_2_3_5_6_7_8_9_10_11_13_14
0.160000 0.600000 0.200000 0.040000 -0.034451 -0.039849 0.005398 1.000000 iter1_0_1_2_3_5_8_9_10_11_12_13_14
0.146667 0.600000 0.200000 0.053333 -0.046049 -0.052470 0.006420 1.000000 iter1_0_1_3_4_6_7_8_10_11_13_14
0.093333 0.600000 0.200000 0.106667 -0.076733 -0.084402 0.007669 1.000000 iter1_0_1_3_8_10_11_13
0.120000 0.600000 0.200000 0.080000 -0.063441 -0.074056 0.010615 1.000000 iter1_0_2_3_5_7_8_10_12_13
0.106667 0.600000 0.200000 0.093333 -0.071697 -0.078778 0.007081 1.000000 iter1_0_2_5_7_8_10_12_13
0.186667 0.600000 0.200000 0.013333 -0.008575 -0.010555 0.001980 1.000000 iter1_1_2_3_4_5_6_7_8_9_10_11_12_13_14
0.080000 0.600000 0.200000 0.120000 -0.077665 -0.081685 0.004020 1.000000 iter1_1_3_5_6_13_14
0.040000 0.600000 0.200000 0.160000 -0.064465 -0.062143 -0.002323 1.000000 iter1_1_8_10
0.066667 0.600000 0.200000 0.133333 -0.076854 -0.079268 0.002413 1.000000 iter1_2_5_9_12_14
0.053333 0.600000 0.200000 0.146667 -0.073790 -0.072649 -0.001141 1.000000 iter1_3_4_6_11
0.026667 0.600000 0.200000 0.173333 -0.052952 -0.048784 -0.004168 1.000000 iter1_8_11
0.013333 0.600000 0.200000 0.186667 -0.033164 -0.029796 -0.003368 1.000000 iter1_8
0.133333 0.600000 0.200000 0.066667 -0.054833 -0.061159 0.006326 1.000000 iter2_1_2_3_4_5_6_7_10_13_14
0.120000 0.600000 0.200000 0.080000 -0.063620 -0.068781 0.005161 1.000000 iter2_1_2_4_6_7_9_10_13_14
0.106667 0.600000 0.200000 0.093333 -0.067038 -0.072471 0.005434 1.000000 iter2_1_3_4_5_7_11_13_14
0.080000 0.600000 0.200000 0.120000 -0.074643 -0.078450 0.003807 1.000000 iter2_1_3_5_7_10_13
0.053333 0.600000 0.200000 0.146667 -0.072431 -0.072711 0.000279 1.000000 iter2_2_9_11_14
0.066667 0.600000 0.200000 0.133333 -0.072998 -0.076176 0.003179 1.000000 iter2_3_5_7_11_14
