0 0 -4.02333
0 4.02333 0
12.0613 0 0
1 0 0
0 1 0
0 0 1
0.5000000000000000 0.5000000000000000 0.1642302740200847	Nb_sv
0.5000000000000000 0.5000000000000000 0.5024363926465796	Nb_sv
0.5000000000000000 0.5000000000000000 0.3333333333333357	O
0.5000000000000000 0.0000000000000000 0.1668309895993261	O
0.0000000000000000 0.5000000000000000 0.1668309895993261	O
0.5000000000000000 0.5000000000000000 0.6684296942379646	O
0.5000000000000000 0.0000000000000000 0.4998356770673382	O
0.0000000000000000 0.5000000000000000 0.4998356770673382	O
0.5000000000000000 0.5000000000000000 0.9982369724286997	O
0.5000000000000000 0.0000000000000000 0.8333333333333357	O
0.0000000000000000 0.5000000000000000 0.8333333333333357	O
0.0000000000000000 0.0000000000000000 0.3333333333333357	Sr_sv
0.0000000000000000 0.0000000000000000 0.6796935088503346	Sr_sv
0.0000000000000000 0.0000000000000000 0.9869731578163297	Sr_sv
0.5000000000000000 0.5000000000000000 0.8333333333333357	Ti_sv
