0.333333 0.666667 0.000000 0.000000 0.001460 -0.001460 1.000000 0
0.000000 0.666667 0.333333 0.000000 0.009578 -0.009578 1.000000 1
0.166667 0.666667 0.166667 0.239004 0.240152 -0.001148 1.000000 2
0.166667 0.666667 0.166667 0.238815 0.238434 0.000380 1.000000 3
0.250000 0.666667 0.083333 0.175782 0.173245 0.002536 1.000000 10
0.250000 0.666667 0.083333 0.175790 0.173379 0.002411 1.000000 11
0.166667 0.666667 0.166667 0.235659 0.241065 -0.005406 1.000000 12
0.083333 0.666667 0.250000 0.205486 0.202492 0.002995 1.000000 13
0.083333 0.666667 0.250000 0.205535 0.202666 0.002869 1.000000 14
0.250000 0.666667 0.083333 0.148663 0.151200 -0.002536 1.000000 15
0.250000 0.666667 0.083333 0.148986 0.151397 -0.002411 1.000000 16
0.166667 0.666667 0.166667 0.202443 0.197037 0.005406 1.000000 17
0.083333 0.666667 0.250000 0.177515 0.180510 -0.002995 1.000000 18
0.083333 0.666667 0.250000 0.177751 0.180620 -0.002869 1.000000 19
0.250000 0.666667 0.083333 0.119129 0.124468 -0.005339 1.000000 4
0.250000 0.666667 0.083333 0.118996 0.123542 -0.004546 1.000000 5
0.166667 0.666667 0.166667 0.120871 0.129387 -0.008516 1.000000 6
0.166667 0.666667 0.166667 0.121022 0.129938 -0.008916 1.000000 7
0.083333 0.666667 0.250000 0.139186 0.128460 0.010726 1.000000 8
0.083333 0.666667 0.250000 0.139187 0.127668 0.011519 1.000000 9
0.222222 0.666667 0.111111 0.098824 0.086745 0.012079 1.000000 22
0.222222 0.666667 0.111111 0.098878 0.087112 0.011765 1.000000 24
0.166667 0.666667 0.166667 0.161797 0.165736 -0.003939 1.000000 28
0.166667 0.666667 0.166667 0.163077 0.166103 -0.003026 1.000000 34
