1
0.000000
0

1
0.000000
1
0.166590 0.500000 0.594000 0 0

1
0.000000
1
0.664700 1.000000 0.594000 0 0

2
3.547464
2
0.166590 0.500000 0.594000 0 0
0.664700 0.000000 0.594000 0 0

1
3.557800
2
0.664700 1.000000 0.594000 0 0
0.664700 0.000000 0.594000 0 0

1
3.557800
2
0.166590 0.500000 0.594000 0 0
0.166590 -0.500000 0.594000 0 0

2
3.567634
2
0.166590 0.500000 0.594000 0 0
-0.335300 0.000000 0.594000 0 0

2
6.156329
2
0.166590 0.500000 0.594000 0 0
0.664700 -1.000000 0.594000 0 0

1
6.161700
2
0.664700 1.000000 0.594000 0 0
1.664700 1.000000 0.594000 0 0

1
6.161700
2
0.166590 0.500000 0.594000 0 0
-0.833410 0.500000 0.594000 0 0

2
6.167973
2
0.166590 0.500000 0.594000 0 0
-0.335300 -1.000000 0.594000 0 0

2
7.115089
2
0.664700 1.000000 0.594000 0 0
1.664700 0.000000 0.594000 0 0

2
7.115089
2
0.166590 0.500000 0.594000 0 0
-0.833410 -0.500000 0.594000 0 0

1
7.115600
2
0.166590 0.500000 0.594000 0 0
0.166590 -1.500000 0.594000 0 0

1
7.115600
2
0.664700 1.000000 0.594000 0 0
0.664700 -1.000000 0.594000 0 0

1
3.557800
3
0.664700 1.000000 0.594000 0 0
0.166590 0.500000 0.594000 0 0
0.664700 0.000000 0.594000 0 0

1
3.557800
3
0.166590 0.500000 0.594000 0 0
0.664700 0.000000 0.594000 0 0
0.166590 -0.500000 0.594000 0 0

1
3.567634
3
0.166590 0.500000 0.594000 0 0
0.166590 -0.500000 0.594000 0 0
-0.335300 0.000000 0.594000 0 0

1
3.567634
3
0.166590 0.500000 0.594000 0 0
-0.335300 1.000000 0.594000 0 0
-0.335300 0.000000 0.594000 0 0

2
6.156329
3
0.166590 0.500000 0.594000 0 0
0.664700 0.000000 0.594000 0 0
0.664700 -1.000000 0.594000 0 0

2
6.156329
3
0.166590 0.500000 0.594000 0 0
0.166590 -0.500000 0.594000 0 0
0.664700 -1.000000 0.594000 0 0

2
6.156329
4
0.166590 0.500000 0.594000 0 0
0.664700 0.000000 0.594000 0 0
0.166590 -0.500000 0.594000 0 0
0.664700 -1.000000 0.594000 0 0

