121.0000 0.05 1
80
0
0
0
0
0
0
0
0
0
0
0
0
0
0
0
0
0
0
0
0
0
0
0
0
0
0
0
0
0
0
0
0
40
0
0
0
0
0
0
0
0
0
0
0
0
0
0
0
0
0
0
0
0
0
0
0
0
0
0
0
0
0
0
0
0
0
0
0
0
0
0
0
0
0
0
0
0
0
0
0
0
0
0
0
0
0
0
0
0
0
0
0
0
0
0
0
0
0
0
0
0
0
0
0
0
0
0
0
0
0
0
0
0
0
0
0
0
0
0
0
0
0
0
0
0
0
0
0
0
0
0
0
0
0
0
0
0
0
0
0
0
0
0
0
0
0
0
0
0
0
0
0
0
0
0
0
0
0
0
0
0
0
0
0
0
0
0
0
0
0
0
0
0
0
0
0
0
0
0
0
0
0
0
0
0
0
0
0
0
0
0
0
0
0
0
0
0
0
0
0
0
0
0
0
0
0
0
0
0
0
0
0
0
0
0
0
0
0
0
0
0
0
0
0
0
0
0
0
0
0
0
0
0
0
0
0
0
0
0
0
0
0
0
0
0
0
0
0
0
0
0
0
0
0
0
0
0
0
0
0
0
0
0
0
0
0
0
0
0
0
0
0
0
0
0
0
0
0
0
0
0
0
0
0
0
0
0
0
0
0
0
0
0
0
0
0
0
0
0
0
0
0
0
0
0
0
0
0
0
0
0
0
0
0
0
0
0
0
0
0
0
0
0
0
0
0
0
0
0
0
0
0
0
0
0
0
0
0
0
0
0
0
0
0
0
0
0
0
0
0
0
0
0
0
0
0
0
0
0
0
0
0
0
0
0
0
0
0
0
0
0
0
0
0
0
0
0
0
0
0
0
0
0
0
0
0
0
0
0
0
0
0
0
0
0
0
0
0
0
0
0
0
0
0
0
0
0
0
0
0
0
0
0
0
0
0
0
0
0
0
0
0
0
0
0
0
0
0
0
0
0
0
0
0
0
0
0
0
0
0
0
0
0
0
0
0
0
0
0
0
0
0
0
0
0
0
0
0
80
0
0
26.9388
13.0612
0
0
0
0
0
0
0
0
0
19.5918
157.551
62.8571
0
0
0
0
0
0
0
0
0
0
0
0
0
0
0
0
0
0
0
0
0
0
0
0
0
0
0
0
0
0
0
22.8571
62.8571
22.8571
11.4286
0
0
0
0
0
0
0
0
0
0
0
0
0
0
0
0
0
0
0
0
0
0
0
0
0
0
0
0
0
0
0
0
0
0
0
0
0
0
0
0
0
0
0
0
0
0
0
0
0
0
0
0
0
0
0
0
0
0
0
0
0
0
0
0
0
0
0
0
0
0
0
0
0
0
0
0
0
0
0
0
0
0
0
0
0
0
0
0
0
0
0
0
0
0
0
0
0
0
0
0
0
0
0
0
0
0
0
0
0
0
0
0
0
0
0
0
0
0
0
0
0
0
0
0
0
0
0
0
0
0
0
0
0
0
0
0
0
0
0
0
0
0
0
0
0
0
0
0
0
0
0
0
0
0
0
0
0
0
0
0
0
0
0
0
0
0
0
0
0
0
0
0
0
0
0
0
0
0
0
0
0
0
0
0
0
0
0
0
0
0
0
0
0
0
0
0
0
0
0
0
0
0
0
0
0
0
0
0
0
0
0
0
0
0
0
0
0
0
0
0
0
0
0
0
0
0
0
0
0
0
0
0
0
0
0
0
0
0
0
0
0
0
0
0
0
0
0
0
0
0
0
0
0
0
0.816327
0
3.26531
3.26531
3.26531
3.26531
2.17687
10.8844
0
0.816327
6.53061
10.3401
14.1497
18.5034
10.8844
0
5.44218
6.53061
8.70748
6.53061
6.53061
5.44218
12.517
10.068
8.70748
8.70748
8.70748
18.5034
16.3265
27.2109
25.5782
30.4762
39.1837
20.6803
5.98639
0
0
0
0
0
0
0
0
0
0
0
0
0
0
0
0
3.26531
9.79592
4.35374
28.2993
46.8027
31.8367
41.9048
13.6054
40.2721
17.9592
21.7687
24.2177
17.415
28.2993
16.3265
10.068
3.80952
0
0
0
0
0
0
0
0
0
0
0
0
0
0
0
0
0
0
0
0
0
0
0
0
0
0
0
0
0
0
0
0
0
0
0
0
0
0
0
0
0
0
0
0
0
0
0
0
0
0
0
0
0
0
0
0
0
0
0
0
0
0
0
0
0
0
0
0
0
0
0
0
0
0
0
0
0
0
0
0
0
0
0
0
0
0
0
0
0
0
0
0
0
0
0
0
0
0
0
0
0
0
0
0
0
0
0
0
0
0
0
0
0
0
0
0
0
0
0
0
0
0
0
0
0
0
0
0
0
0
0
0
0
0
0
0
0
0
0
0
0
0
0
0
0
0
0
0
0
0
0
0
0
0
0
0
0
0
0
0
0
0
0
0
0
0
0
0
0
0
0
0
0
0
0
0
0
0
0
3.26531
0
0
6.53061
9.79592
0
0
3.26531
0
0
3.26531
0
0
0
0
2.17687
0
11.9728
8.70748
6.53061
13.0612
11.4286
5.44218
6.53061
19.8639
8.70748
4.35374
3.26531
10.8844
5.44218
7.61905
11.9728
15.2381
18.5034
5.44218
8.70748
23.1293
5.44218
10.8844
7.61905
15.2381
14.1497
10.8844
9.2517
21.7687
16.3265
14.1497
25.034
8.70748
10.8844
21.7687
10.3401
22.8571
33.1973
14.966
29.932
7.61905
11.4286
2.17687
14.1497
7.89116
15.2381
6.53061
3.80952
14.1497
6.53061
7.07483
4.62585
13.6054
8.97959
8.70748
3.26531
11.9728
9.79592
8.70748
6.53061
14.4218
17.415
6.53061
13.0612
22.8571
11.9728
23.4014
8.16327
5.44218
12.2449
7.07483
26.1224
21.7687
20.6803
15.2381
28.8435
7.61905
8.70748
5.44218
7.61905
10.8844
13.6054
11.9728
10.068
7.61905
2.72109
5.44218
0
15.2381
0
6.53061
0
0
0
0
0
0
0
0
0
0
0
0
0
0
0
0
0
0
0
0
0
0
0
0
0
0
0
0
0
0
0
0
0
0
0
0.816327
0
0
0
0
0
0
0.544218
1.08844
1.08844
1.90476
3.26531
0.816327
3.26531
2.17687
3.26531
1.08844
3.26531
8.70748
7.61905
2.17687
4.35374
4.35374
3.26531
3.26531
3.26531
2.17687
2.17687
4.35374
2.17687
4.35374
4.35374
7.61905
15.2381
9.79592
10.8844
2.17687
8.16327
4.89796
11.9728
5.44218
10.8844
8.70748
10.8844
17.415
18.5034
9.79592
9.79592
22.8571
8.70748
13.0612
10.8844
13.0612
7.61905
0
10.6122
0.816327
0
2.17687
4.35374
11.1565
6.53061
8.70748
5.44218
4.35374
1.63265
0
5.44218
0
3.26531
2.17687
16.3265
7.61905
1.08844
0
2.17687
0
1.08844
0
0
6.53061
2.17687
9.79592
2.17687
2.17687
0
2.17687
0
2.17687
1.08844
4.35374
0
2.17687
0
0
0
0
2.17687
4.35374
6.53061
2.17687
3.26531
4.35374
2.17687
0
1.08844
4.35374
2.17687
0
