0 0 -4.0049
0 4.0049 0
16.0135 0 0
1 0 0
0 1 0
0 0 1
0.5000000000000000 0.5000000000000000 0.1222042557348431	Nb_sv
0.5000000000000000 0.5000000000000000 0.3777957442651569	Nb_sv
0.5000000000000000 0.5000000000000000 0.2500000000000000	O
0.5000000000000000 0.0000000000000000 0.1248173285943182	O
0.0000000000000000 0.5000000000000000 0.1248173285943182	O
0.5000000000000000 0.5000000000000000 0.5024197559517134	O
0.5000000000000000 0.0000000000000000 0.3751826714056818	O
0.0000000000000000 0.5000000000000000 0.3751826714056818	O
0.5000000000000000 0.5000000000000000 0.7500000000000000	O
0.5000000000000000 0.0000000000000000 0.6259113072557057	O
0.0000000000000000 0.5000000000000000 0.6259113072557057	O
0.5000000000000000 0.5000000000000000 0.9975802440482866	O
0.5000000000000000 0.0000000000000000 0.8740886927442943	O
0.0000000000000000 0.5000000000000000 0.8740886927442943	O
0.0000000000000000 0.0000000000000000 0.2500000000000000	Sr_sv
0.0000000000000000 0.0000000000000000 0.5141458674580122	Sr_sv
0.0000000000000000 0.0000000000000000 0.7500000000000000	Sr_sv
0.0000000000000000 0.0000000000000000 0.9858541325419878	Sr_sv
0.5000000000000000 0.5000000000000000 0.6283853325354372	Ti_sv
0.5000000000000000 0.5000000000000000 0.8716146674645628	Ti_sv
