-0.567851
-0.179543
-0.142863
0.014287
0.044396
0.020887
0.029882
-0.008707
-0.026117
-0.001097
0.000016
-0.026772
-0.010505
-0.008929
0.016958
0.000461
0.006572
0.004770
-0.014751
0.003513
-0.010990
0.004877
-0.002342
-0.025910
-0.044587
-0.015326
-0.000782
-0.011155
0.005696
0.003162
0.009072
-0.003496
0.004031
0.007026
0.011259
0.007878
0.012376
-0.010961
0.000512
0.024966
0.005189
0.011858
-0.002966
0.000626
-0.002949
-0.003518
0.010237
0.015891
0.004784
-0.004859
0.002089
0.006459
0.015918
0.003997
-0.006279
0.000653
0.011205
0.013142
0.001729
0.031566
0.001761
0.000414
0.003202
-0.009400
-0.009954
-0.004786
0.006603
0.010769
-0.000862
-0.008590
0.004548
-0.002254
0.002547
0.008564
0.025401
