-0.000000 -0.000000 0.000000
-0.082571 -0.000000 0.000000
0.000000 -0.082571 0.000000
0.000000 -0.000000 -0.082571
0.082571 -0.000000 -0.000000
0.000000 -0.000000 0.000000
0.000000 -0.000000 0.000000
-0.000000 -0.000000 0.000000
-0.000000 -0.000000 0.000000
0.000000 -0.000000 0.082571
0.000000 -0.000000 0.000000
0.000000 0.082571 0.000000
-0.000000 -0.000000 0.000000
0.000000 -0.000000 0.000000
-0.000000 -0.000000 0.000000
0.000000 -0.000000 0.000000
0.000000 -0.000000 0.000000
-0.000000 -0.000000 0.000000
-0.000000 -0.000000 0.000000
-0.000000 -0.000000 0.000000
