121.0000 0.05 1
80
0
0
0
0
0
0
0
0
0
0
0
0
0
0
0
0
0
0
0
0
0
0
0
0
0
0
0
0
0
40
0
0
0
0
0
0
0
0
0
0
0
0
0
0
0
0
0
0
0
0
0
0
0
0
0
0
0
0
0
0
0
0
0
0
0
0
0
0
0
0
0
0
0
0
0
0
0
0
0
0
0
0
0
0
0
0
0
0
0
0
0
0
0
0
0
0
0
0
0
0
0
0
0
0
0
0
0
0
0
0
0
0
0
0
0
0
0
0
0
0
0
0
0
0
0
0
0
0
0
0
0
0
0
0
0
0
0
0
0
0
0
0
0
0
0
0
0
0
0
0
0
0
0
0
0
0
0
0
0
0
0
0
0
0
0
0
0
0
0
0
0
0
0
0
0
0
0
0
0
0
0
0
0
0
0
0
0
0
0
0
0
0
0
0
0
0
0
0
0
0
0
0
0
0
0
0
0
0
0
0
0
0
0
0
0
0
0
0
0
0
0
0
0
0
0
0
0
0
0
0
0
0
0
0
0
0
0
0
0
0
0
0
0
0
0
0
0
0
0
0
0
0
0
0
0
0
0
0
0
0
0
0
0
0
0
0
0
0
0
0
0
0
0
0
0
0
0
0
0
0
0
0
0
0
0
0
0
0
0
0
0
0
0
0
0
0
0
0
0
0
0
0
0
0
0
0
0
0
0
0
0
0
0
0
0
0
0
0
0
0
0
0
0
0
0
0
0
0
0
0
0
0
0
0
0
0
0
0
0
0
0
0
0
0
0
0
0
0
0
0
0
0
0
0
0
0
0
0
0
0
0
0
0
0
0
0
0
0
0
0
0
0
0
0
0
0
0
0
0
0
0
0
0
0
0
0
0
0
0
0
0
0
0
0
0
0
0
0
0
0
0
0
0
0
0
0
0
0
0
0
0
0
0
0
0
0
0
0
0
0
0
0
0
0
0
0
0
0
0
0
0
0
0
0
0
0
0
0
0
0
0
0
0
0
0
0
0
0
0
0
0
0
0
0
0
22.2222
17.7778
0
27.7778
52.2222
0
0
0
0
0
0
0
0
0
0
0
0
77.7778
117.778
44.4444
0
0
0
0
0
0
0
0
0
0
0
0
0
0
0
0
0
0
0
0
0
0
0
0
0
0
0
0
8.88889
8.88889
88.8889
13.3333
0
0
0
0
0
0
0
0
0
0
0
0
0
0
0
0
0
0
0
0
0
0
0
0
0
0
0
0
0
0
0
0
0
0
0
0
0
0
0
0
0
0
0
0
0
0
0
0
0
0
0
0
0
0
0
0
0
0
0
0
0
0
0
0
0
0
0
0
0
0
0
0
0
0
0
0
0
0
0
0
0
0
0
0
0
0
0
0
0
0
0
0
0
0
0
0
0
0
0
0
0
0
0
0
0
0
0
0
0
0
0
0
0
0
0
0
0
0
0
0
0
0
0
0
0
0
0
0
0
0
0
0
0
0
0
0
0
0
0
0
0
0
0
0
0
0
0
0
0
0
0
0
0
0
0
0
0
0
0
0
0
0
0
0
0
0
0
0
0
0
0
0
0
0
0
0
0
0
0
0
0
0
0
0
0
0
0
0
0
0
0
0
0
0
0
0
0
0
0
0
0
0
0
0
0
0
0
0
0
0
0
0
0
0
0
0
0
0
0
0
0
0
0
0
0
0
0
0
0
0
0
0
0
0
0
0
0
0
0
0
0
0
0
0
0
0
0
0
0
0
0
0
0
0
0
1.11111
2.22222
2.22222
3.33333
2.22222
2.77778
0
3.88889
8.33333
5.55556
3.88889
7.77778
7.5
6.66667
11.3889
7.5
7.77778
9.16667
6.11111
5.55556
13.8889
1.66667
12.5
4.44444
14.4444
15.5556
11.6667
13.0556
7.5
13.3333
27.7778
23.3333
15
23.8889
32.7778
19.1667
2.77778
2.22222
0
0
0
0
0
0
0
0
0
0
0
0
0
2.22222
3.33333
13.8889
22.2222
24.1667
37.7778
46.6667
27.5
23.8889
23.3333
36.9444
16.1111
23.0556
20
20
15
3.88889
0
0
0
0
0
0
0
0
0
0
0
0
0
0
0
0
0
0
0
0
0
0
0
0
0
0
0
0
0
0
0
0
0
0
0
0
0
0
0
0
0
0
0
0
0
0
0
0
0
0
0
0
0
0
0
0
0
0
0
0
0
0
0
0
0
0
0
0
0
0
0
0
0
0
0
0
0
0
0
0
0
0
0
0
0
0
0
0
0
0
0
0
0
0
0
0
0
0
0
0
0
0
0
0
0
0
0
0
0
0
0
0
0
0
0
0
0
0
0
0
0
0
0
0
0
0
0
0
0
0
0
0
0
0
0
0
0
0
0
0
0
0
0
0
0
0
0
0
0
0
0
0
0
0
0
0
0
0
0
0
0
0
0
0
0
0
0
0
0
0
0
0
0
0
0
0
0
0
0
0
8.88889
0
0
0
0
0
0
0
0
0
0
0.555556
9.44444
1.11111
0
2.5
10
16.1111
4.72222
13.8889
6.66667
11.1111
15
11.3889
7.77778
15
8.88889
8.05556
2.22222
8.61111
5.55556
3.88889
10.5556
12.2222
15
10
9.72222
6.66667
10.5556
15
11.3889
18.3333
9.44444
18.0556
11.9444
16.6667
16.1111
17.2222
9.44444
15.5556
24.4444
21.9444
13.6111
19.4444
47.2222
12.2222
8.33333
12.2222
3.88889
13.3333
8.05556
9.44444
5
6.11111
4.16667
8.88889
12.2222
2.5
10.2778
3.61111
10
13.0556
12.7778
12.5
7.5
8.88889
9.72222
16.1111
9.72222
10
18.8889
10
10.5556
13.6111
22.2222
15.8333
21.6667
13.3333
17.7778
10
22.2222
8.33333
16.1111
17.7778
21.6667
8.61111
10.8333
1.94444
5.55556
8.33333
7.5
5
7.22222
7.22222
6.38889
7.22222
1.66667
0
0
0
0
0
0
0
0
0
0
0
0
0
0
0
0
0
0
0
0
0
0
0
0
0
0
0
0
0
0
0
0
0
0
0
0
0
0
0
0
0
0.555556
0.833333
1.66667
0.555556
3.33333
0
2.77778
4.44444
2.22222
5.55556
1.38889
3.33333
3.05556
0.833333
3.33333
6.38889
4.44444
2.22222
3.05556
6.38889
2.77778
4.44444
7.22222
9.44444
10.5556
2.77778
5.55556
2.22222
0
2.22222
2.22222
5.55556
15
20.2778
15.8333
7.77778
6.66667
8.88889
2.77778
21.6667
20.5556
10.2778
15
11.3889
13.3333
7.77778
9.44444
10
6.66667
7.77778
5
7.77778
1.11111
6.66667
5
8.61111
3.88889
6.38889
1.11111
4.44444
0.555556
7.22222
5.55556
1.38889
1.11111
3.61111
4.44444
10
0
0.555556
2.77778
6.94444
3.33333
4.44444
1.66667
0
2.22222
5.55556
5.55556
1.66667
1.66667
1.11111
2.22222
0
0
0.555556
6.11111
2.22222
2.22222
0
2.22222
0.555556
2.22222
1.11111
0.555556
2.22222
3.33333
3.33333
2.77778
0
3.33333
1.11111
0
