161.0000 0.05 1
120
0
0
0
0
0
0
0
0
0
0
0
0
0
0
0
0
0
0
0
0
0
0
0
0
0
0
0
0
0
40
0
0
0
0
0
0
0
0
0
0
0
0
0
0
0
0
0
0
0
0
0
0
0
0
0
0
0
0
0
0
0
0
0
0
0
0
0
0
0
0
0
0
0
0
0
0
0
0
0
0
0
0
0
0
0
0
0
0
0
0
0
0
0
0
0
0
0
0
0
0
0
0
0
0
0
0
0
0
0
0
0
0
0
0
0
0
0
0
0
0
0
0
0
0
0
0
0
0
0
0
0
0
0
0
0
0
0
0
0
0
0
0
0
0
0
0
0
0
0
0
0
0
0
0
0
0
0
0
0
0
0
0
0
0
0
0
0
0
0
0
0
0
0
0
0
0
0
0
0
0
0
0
0
0
0
0
0
0
0
0
0
0
0
0
0
0
0
0
0
0
0
0
0
0
0
0
0
0
0
0
0
0
0
0
0
0
0
0
0
0
0
0
0
0
0
0
0
0
0
0
0
0
0
0
0
0
0
0
0
0
0
0
0
0
0
0
0
0
0
0
0
0
0
0
0
0
0
0
0
0
0
0
0
0
0
0
0
0
0
0
0
0
0
0
0
0
0
0
0
0
0
0
0
0
0
0
0
0
0
0
0
0
0
0
0
0
0
0
0
0
0
0
0
0
0
0
0
0
0
0
0
0
0
0
0
0
0
0
0
0
0
0
0
0
0
0
0
0
0
0
0
0
0
0
0
0
0
0
0
0
0
0
0
0
0
0
0
0
0
0
0
0
0
0
0
0
0
0
0
0
0
0
0
0
0
0
0
0
0
0
0
0
0
0
0
0
0
0
0
0
0
0
0
0
0
0
0
0
0
0
0
0
0
0
0
0
0
0
0
0
0
0
0
0
0
0
0
0
0
0
0
0
0
0
0
0
0
0
0
0
0
0
0
0
0
0
0
0
0
0
0
0
0
0
0
0
0
0
0
0
0
0
0
0
0
0
0
0
0
0
0
0
0
0
0
0
0
0
0
0.64
79.36
40
40
0
0
0
0
0
0
0
0
0
0
240
120
0
0
0
0
0
0
0
0
0
0
0
0
0
0
0
0
0
0
0
0
0
0
0
0
0
0
0
0
0
0
120
0
0
0
0
0
0
0
0
0
0
0
0
0
0
0
0
0
0
0
0
0
0
0
0
0
0
0
0
0
0
0
0
0
0
0
0
0
0
0
0
0
0
0
0
0
0
0
0
0
0
0
0
0
0
0
0
0
0
0
0
0
0
0
0
0
0
0
0
0
0
0
0
0
0
0
0
0
0
0
0
0
0
0
0
0
0
0
0
0
0
0
0
0
0
0
0
0
0
0
0
0
0
0
0
0
0
0
0
0
0
0
0
0
0
0
0
0
0
0
0
0
0
0
0
0
0
0
0
0
0
0
0
0
0
0
0
0
0
0
0
0
0
0
0
0
0
0
0
0
0
0
0
0
0
0
0
0
0
0
0
0
0
0
0
0
0
0
0
0
0
0
0
0
0
0
0
0
0
0
0
0
0
0
0
0
0
0
0
0
0
0
0
0
0
0
0
0
0
0
0
0
0
0
0
0
0
0
0
0
0
0
0
0
0
0
0
0
0
0
0
0
0
0
0
0
0
0
0
0
0
0
0
0
0
0
0
0
0
0
0
0
0
0
0
0
0
0
0
0
0
0
0
0
0
0
0
0
0
0
0
0
0
0
0
3.84
3.84
9.6
20.48
6.08
7.68
9.6
10.24
21.76
11.52
0.32
9.92
3.84
5.76
2.56
9.6
11.52
22.4
3.84
25.6
13.44
21.12
13.44
26.88
35.84
58.88
55.04
32
15.36
5.76
2.24
0
0
0
0
0
0
0
0
0
0
0
0
0
0
0
0.96
5.12
11.52
16.64
34.56
72.64
58.88
36.48
34.56
32.64
43.52
46.72
14.72
44.16
15.36
11.52
0
0
0
0
0
0
0
0
0
0
0
0
0
0
0
0
0
0
0
0
0
0
0
0
0
0
0
0
0
0
0
0
0
0
0
0
0
0
0
0
0
0
0
0
0
0
0
0
0
0
0
0
0
0
0
0
0
0
0
0
0
0
0
0
0
0
0
0
0
0
0
0
0
0
0
0
0
0
0
0
0
0
0
0
0
0
0
0
0
0
0
0
0
0
0
0
0
0
0
0
0
0
0
0
0
0
0
0
0
0
0
0
0
0
0
0
0
0
0
0
0
0
0
0
0
0
0
0
0
0
0
0
0
0
0
0
0
0
0
0
0
0
0
0
0
0
0
0
0
0
0
0
0
0
0
0
0
0
0
0
0
0
0
0
0
0
0
0
0
0
0
0
0
0
0
0
0
0
0
0
0
0
0
0
0
0
0
0
0
0
0
0
0
0
3.84
11.52
17.28
7.68
6.08
16
7.68
21.76
12.8
9.6
14.08
24
15.36
7.68
13.44
9.6
0
8.32
18.88
16
19.2
13.44
21.44
19.84
7.68
28.16
26.88
18.56
12.8
23.68
12.8
11.52
14.08
13.44
35.2
19.2
17.28
30.08
33.6
43.2
35.2
18.24
15.36
9.6
18.56
13.44
13.44
1.92
9.6
17.28
8.32
1.92
7.04
7.68
3.84
17.28
3.84
19.2
15.36
7.68
13.44
11.52
24.96
11.52
23.04
5.76
15.36
18.56
21.12
23.04
24.64
25.6
26.88
19.2
35.2
12.16
34.56
12.8
24.96
19.2
19.2
8.96
13.44
5.12
8
17.92
0
16
10.88
11.52
3.84
7.68
4.48
0.96
0
0
0
0
0
0
0
0
0
0
0
0
0
0
0
0
0
0
0
0
0
0
0
0
0
0
0
0
0
0
0
0
0
0
0
0
0
0
0
0
0
0.96
1.92
1.92
3.84
1.92
3.84
0
2.56
5.12
1.92
11.52
9.6
7.68
0
4.48
5.76
3.2
13.44
1.92
0
0
5.76
10.24
13.44
10.88
7.68
9.6
21.12
1.92
15.36
4.16
0.96
16
17.28
0
23.04
19.2
23.04
25.6
14.72
7.68
17.28
32.64
21.12
5.76
1.92
11.52
9.6
17.28
7.68
15.36
4.48
3.84
5.76
9.6
0.32
0
0
0
20.48
9.6
3.84
3.84
3.84
3.84
0.64
0
5.12
7.68
5.76
1.92
1.92
0
18.56
11.52
0
1.92
0
3.84
3.84
7.68
5.76
5.76
9.6
7.68
0
0
0
0
1.92
0
