0.000000 -0.000000 0.000000
-0.003237 0.001536 -0.001536
0.001536 -0.003237 0.001536
-0.001536 0.001536 -0.003237
0.003237 -0.001536 0.001536
0.000123 -0.001824 0.000123
0.001536 -0.001536 0.003237
0.001824 -0.000123 0.000123
-0.000123 0.001824 -0.000123
0.000123 -0.000123 0.001824
-0.001824 0.000123 -0.000123
-0.001536 0.003237 -0.001536
-0.000123 0.000123 -0.001824
-0.001849 0.001849 -0.001849
0.001849 -0.001849 0.001849
0.001706 -0.001706 0.001706
-0.001706 0.001706 -0.001706
0.003915 -0.003915 0.003915
0.000000 -0.000000 0.000000
-0.003915 0.003915 -0.003915
