10.2794 10.38076 10.64724 90.00 99.6234 90.00
1.0 0.0 0.0
0.0 1.0 0.0
0.0 0.0 1.0
  0.137933000000   0.021315000000   0.103939000000  Hf_pv  
  0.637934000000   0.728685000000   0.853939000000  Hf_pv 
  0.637934000000   0.728685000000   0.353939000000  Hf_pv 
  0.637934000000   0.228685000000   0.353939000000  Hf_pv 
  0.137933000000   0.728685000000   0.853939000000  Hf_pv 
  0.137933000000   0.728685000000   0.353939000000  Hf_pv 
  0.137933000000   0.228685000000   0.853939000000  Hf_pv 
  0.137933000000   0.228685000000   0.353939000000  Hf_pv 
  0.862066000000   0.771315000000   0.646061000000  Hf_pv 
  0.862066000000   0.771315000000   0.146061000000  Hf_pv 
  0.862066000000   0.271315000000   0.646061000000  Hf_pv 
  0.862066000000   0.271315000000   0.146061000000  Hf_pv 
  0.362067000000   0.771315000000   0.646061000000  Hf_pv 
  0.362067000000   0.771315000000   0.146061000000  Hf_pv 
  0.362067000000   0.271315000000   0.646061000000  Hf_pv 
  0.362067000000   0.271315000000   0.146061000000  Hf_pv 
  0.637934000000   0.228685000000   0.853939000000  Hf_pv 
  0.862066000000   0.978685000000   0.396061000000  Hf_pv 
  0.862066000000   0.978685000000   0.896061000000  Hf_pv 
  0.137933000000   0.021315000000   0.603939000000  Hf_pv 
  0.137933000000   0.521315000000   0.603939000000  Hf_pv 
  0.637934000000   0.021315000000   0.103939000000  Hf_pv 
  0.637934000000   0.021315000000   0.603939000000  Hf_pv 
  0.637934000000   0.521315000000   0.103939000000  Hf_pv 
  0.137933000000   0.521315000000   0.103939000000  Hf_pv 
  0.362067000000   0.478685000000   0.396061000000  Hf_pv 
  0.362067000000   0.478685000000   0.896061000000  Hf_pv 
  0.362067000000   0.978685000000   0.396061000000  Hf_pv 
  0.362067000000   0.978685000000   0.896061000000  Hf_pv 
  0.862066000000   0.478685000000   0.396061000000  Hf_pv 
  0.637934000000   0.521315000000   0.603939000000  Hf_pv 
  0.862066000000   0.478685000000   0.896061000000  Hf_pv 
  0.275525000000   0.121332000000   0.761256000000  O 
  0.724475000000   0.878668000000   0.738744000000  O
  0.724475000000   0.878668000000   0.238744000000  O
  0.724475000000   0.378668000000   0.738744000000  O
  0.224475000000   0.878668000000   0.238744000000  O
  0.224475000000   0.878668000000   0.738744000000  O
  0.224475000000   0.378668000000   0.738744000000  O
  0.533802000000   0.585255000000   0.923823000000  O
  0.275525000000   0.621332000000   0.761256000000  O
  0.533802000000   0.085255000000   0.923823000000  O
  0.724475000000   0.378668000000   0.238744000000  O
  0.775525000000   0.121332000000   0.261256000000  Vac
  0.775525000000   0.628668000000   0.011256000000  O
  0.775525000000   0.621332000000   0.261256000000  Vac
  0.775525000000   0.621332000000   0.761256000000  Vac
  0.275525000000   0.128668000000   0.011256000000  O
  0.275525000000   0.628668000000   0.011256000000  O
  0.775525000000   0.128668000000   0.011256000000  O
  0.775525000000   0.128668000000   0.511256000000  O
  0.775525000000   0.628668000000   0.511256000000  O
  0.224475000000   0.371332000000   0.988744000000  Vac
  0.224475000000   0.871332000000   0.488744000000  Vac
  0.224475000000   0.871332000000   0.988744000000  Vac
  0.724475000000   0.371332000000   0.988744000000  O
  0.533802000000   0.085255000000   0.423823000000  O
  0.775525000000   0.121332000000   0.761256000000  Vac
  0.033802000000   0.585255000000   0.923823000000  O
  0.966198000000   0.835255000000   0.826177000000  O
  0.033802000000   0.085255000000   0.923823000000  O
  0.033802000000   0.164744000000   0.173823000000  Vac
  0.033802000000   0.164744000000   0.673823000000  Vac
  0.033802000000   0.664744000000   0.673823000000  Vac
  0.533802000000   0.164744000000   0.173823000000  O
  0.533802000000   0.164744000000   0.673823000000  O
  0.466197000000   0.335255000000   0.826177000000  O
  0.466197000000   0.835255000000   0.826177000000  O
  0.966198000000   0.335255000000   0.826177000000  O
  0.966198000000   0.835255000000   0.326177000000  O
  0.724475000000   0.871332000000   0.488744000000  O
  0.966198000000   0.335255000000   0.326177000000  O
  0.724475000000   0.871332000000   0.988744000000  O
  0.033802000000   0.085255000000   0.423823000000  O
  0.466197000000   0.914745000000   0.076177000000  O
  0.466197000000   0.914745000000   0.576177000000  O
  0.966198000000   0.414745000000   0.076177000000  Vac
  0.966198000000   0.414745000000   0.576177000000  Vac
  0.966198000000   0.914745000000   0.576177000000  Vac
  0.966198000000   0.914745000000   0.076177000000  Vac
  0.724475000000   0.371332000000   0.488744000000  O
  0.533802000000   0.585255000000   0.423823000000  O
  0.033802000000   0.664744000000   0.173823000000  Vac
  0.224475000000   0.371332000000   0.488744000000  Vac
  0.224475000000   0.378668000000   0.238744000000  O
  0.275525000000   0.121332000000   0.261256000000  O
  0.533802000000   0.664744000000   0.673823000000  O
  0.466197000000   0.414745000000   0.076177000000  O
  0.466197000000   0.335255000000   0.326177000000  O
  0.275525000000   0.128668000000   0.511256000000  O
  0.466197000000   0.835255000000   0.326177000000  O
  0.033802000000   0.585255000000   0.423823000000  O
  0.275525000000   0.621332000000   0.261256000000  O
  0.466197000000   0.414745000000   0.576177000000  O
  0.533802000000   0.664744000000   0.173823000000  O
  0.275525000000   0.628668000000   0.511256000000  O
