-0.621575
-0.235565
-0.165457
-0.004042
0.030688
0.025082
0.018872
-0.017598
-0.048249
-0.036099
-0.009317
-0.032307
-0.000046
-0.006403
0.022575
-0.001442
-0.018760
0.013270
0.001169
-0.000901
-0.016149
-0.009491
-0.013028
-0.032996
-0.050341
-0.009579
-0.016524
-0.003267
-0.011801
-0.001736
0.003430
0.008634
-0.006940
0.004126
0.009769
0.010833
0.009315
0.009099
-0.004534
-0.004875
0.002997
-0.004056
-0.000898
-0.000477
-0.000749
-0.001982
0.000215
-0.002753
0.010391
0.005133
-0.001467
0.007249
0.001807
0.021214
-0.000484
-0.005568
-0.002387
