0 -3.7156 0
19.2294 0 0
0 0 19.21
1 0 0
0 1 0
0 0 1
0.5000000000000000 0.3959485669405337 0.5940000000000012	Mo
0.5000000000000000 0.7332276640536755 0.5940000000000012	Mo
0.0000000000000000 0.8801594560809267 0.5940000000000012	Mo
0.0000000000000000 0.3420077438689987 0.5018590580119814	Te
0.0000000000000000 0.3420077438689987 0.6861409419880210	Te
0.5000000000000000 0.1611001532539503 0.4946099945443930	Te
0.5000000000000000 0.1611001532539503 0.6933900054556020	Te
0.0000000000000000 0.6762581668783574 0.5022929925853330	Te
0.0000000000000000 0.6762581668783574 0.6857070074146695	Te
0.5000000000000000 0.5004267194465225 0.4930238937961572	Te
0.5000000000000000 0.5004267194465225 0.6949761062038379	Te
0.0000000000000000 0.9881458207856654 0.4938603261685440	Te
0.0000000000000000 0.9881458207856654 0.6941396738314584	Te
0.5000000000000000 0.8352278921736784 0.4983041423052738	Te
0.5000000000000000 0.8352278921736784 0.6896958576947211	Te
0.5000000000000000 0.0407049911191490 0.5940000000000012	Zr
0.0000000000000000 0.2204147972695832 0.5940000000000012	Zr
0.0000000000000000 0.5540415317217847 0.5940000000000012	Zr
