2 2.543688 4 -0.023167
2 2.573756 2 0.016520
2 2.576104 2 0.014098
2 2.662899 4 0.004783
2 2.725223 2 -0.018013
2 2.786775 4 -0.046868
2 2.838534 4 -0.031522
2 2.940831 4 -0.008056
2 2.966125 4 -0.029055
2 2.990775 4 -0.001964
2 3.278445 4 0.002416
2 3.561672 4 0.010738
2 3.647190 4 0.000631
2 3.689876 4 -0.014573
2 3.862644 4 0.009763
2 3.897431 2 -0.020303
2 4.029551 4 -0.005939
2 4.031692 4 -0.022079
2 4.056700 2 -0.017483
2 4.061738 4 -0.016116
2 4.181654 4 -0.029912
2 4.277069 4 -0.049761
2 4.488001 4 -0.009693
3 2.838534 4 -0.013009
3 2.966125 4 -0.004934
3 2.966125 4 -0.012617
3 2.990775 4 -0.006779
3 2.990775 4 0.000932
3 2.990775 4 0.017152
3 3.278445 4 -0.001565
3 3.278445 4 0.005597
3 3.561672 4 0.010663
3 3.561672 4 0.011014
