0 -3.71477 0
19.2847 0 0
0 0 19.21
1 0 0
0 1 0
0 0 1
0.5000000000000000 0.0496386839694543 0.5940000000000012	Mo
0.5000000000000000 0.3819491456287344 0.5940000000000012	Mo
0.0000000000000000 0.9043269905014132 0.5940000000000012	Mo
0.0000000000000000 0.3348214263566984 0.4998463006841821	Te
0.0000000000000000 0.3348214263566984 0.6881536993158203	Te
0.5000000000000000 0.1587785724739202 0.4954797735152055	Te
0.5000000000000000 0.1587785724739202 0.6925202264847898	Te
0.0000000000000000 0.6662930429020890 0.4949452596130958	Te
0.0000000000000000 0.6662930429020890 0.6930547403869068	Te
0.5000000000000000 0.4909407003980213 0.4949934404535870	Te
0.5000000000000000 0.4909407003980213 0.6930065595464083	Te
0.0000000000000000 0.0053845020037565 0.4977870535984966	Te
0.0000000000000000 0.0053845020037565 0.6902129464015057	Te
0.5000000000000000 0.8469024085398561 0.5021335679317637	Te
0.5000000000000000 0.8469024085398561 0.6858664320682315	Te
0.0000000000000000 0.2159180133836559 0.5940000000000012	Zr
0.0000000000000000 0.5462551047194996 0.5940000000000012	Zr
0.5000000000000000 0.7265007564485595 0.5940000000000012	Zr
