81.0000 0.05 1
40
0
0
0
0
0
0
0
0
0
0
0
0
0
0
0
0
0
0
0
0
0
0
0
0
0
0
0
0
40
0
0
0
0
0
0
0
0
0
0
0
0
0
0
0
0
0
0
0
0
0
0
0
0
0
0
0
0
0
0
0
0
0
0
0
0
0
0
0
0
0
0
0
0
0
0
0
0
0
0
0
0
0
0
0
0
0
0
0
0
0
0
0
0
0
0
0
0
0
0
0
0
0
0
0
0
0
0
0
0
0
0
0
0
0
0
0
0
0
0
0
0
0
0
0
0
0
0
0
0
0
0
0
0
0
0
0
0
0
0
0
0
0
0
0
0
0
0
0
0
0
0
0
0
0
0
0
0
0
0
0
0
0
0
0
0
0
0
0
0
0
0
0
0
0
0
0
0
0
0
0
0
0
0
0
0
0
0
0
0
0
0
0
0
0
0
0
0
0
0
0
0
0
0
0
0
0
0
0
0
0
0
0
0
0
0
0
0
0
0
0
0
0
0
0
0
0
0
0
0
0
0
0
0
0
0
0
0
0
0
0
0
0
0
0
0
0
0
0
0
0
0
0
0
0
0
0
0
0
0
0
0
0
0
0
0
0
0
0
0
0
0
0
0
0
0
0
0
0
0
0
0
0
0
0
0
0
0
0
0
0
0
0
0
0
0
0
0
0
0
0
0
0
0
0
0
0
0
0
0
0
0
0
0
0
0
0
0
0
0
0
0
0
0
0
0
0
0
0
0
0
0
0
0
0
0
0
0
0
0
0
0
0
0
0
0
0
0
0
0
0
0
0
0
0
0
0
0
0
0
0
0
0
0
0
0
0
0
0
0
0
0
0
0
0
0
0
0
0
0
0
0
0
0
0
0
0
0
0
0
0
0
0
0
0
0
0
0
0
0
0
0
0
0
0
0
0
0
0
0
0
0
0
0
0
0
0
0
0
0
0
0
0
0
0
0
0
0
0
0
0
0
0
0
0
0
0
0
0
0
0
0
0
0
0
0
0
0
0
0
25.6
54.4
0
0
0
0
0
0
0
0
0
0
0
0
0
0
0
0
0
0
0
0
0
49.6
45.4
25
0
0
0
0
0
0
0
0
0
0
0
0
0
0
0
0
0
0
0
0
0
0
0
0
0
0
0
15
10
90
5
0
0
0
0
0
0
0
0
0
0
0
0
0
0
0
0
0
0
0
0
0
0
0
0
0
0
0
0
0
0
0
0
0
0
0
0
0
0
0
0
0
0
0
0
0
0
0
0
0
0
0
0
0
0
0
0
0
0
0
0
0
0
0
0
0
0
0
0
0
0
0
0
0
0
0
0
0
0
0
0
0
0
0
0
0
0
0
0
0
0
0
0
0
0
0
0
0
0
0
0
0
0
0
0
0
0
0
0
0
0
0
0
0
0
0
0
0
0
0
0
0
0
0
0
0
0
0
0
0
0
0
0
0
0
0
0
0
0
0
0
0
0
0
0
0
0
0
0
0
0
0
0
0
0
0
0
0
0
0
0
0
0
0
0
0
0
0
0
0
0
0
0
0
0
0
0
0
0
0
0
0
0
0
0
0
0
0
0
0
0
0
0
0
0
0
0
0
0
0
0
0
0
0
0
0
0
0
0
0
0
0
0
0
0
0
0
0
0
0
0
0
0
0
0
0
0
0
0
0
0
0
0
0
0
0
0
0
0
0
0
0
0
0
0
0
0
0
0
0
0
0.8
0
1.6
2.4
0.8
4.2
3.8
1.6
3.2
3.2
9.6
0
1.6
4
9.2
7.4
3.2
5.6
4.4
0
4
7.2
12.8
13.6
9.8
7.8
5.2
8.4
15.2
5.6
5.8
16.8
10.4
4.8
5.6
6.6
14.8
10
5.6
0.4
1.6
0.8
0.4
0
0.2
0
0
0
0
0.4
1.4
4.8
12.4
15.2
32.2
31.8
19.6
14.4
16
21.2
23.2
12.8
17.6
10.4
1.8
4.8
0
0
0
0
0
0
0
0
0
0
0
0
0
0
0
0
0
0
0
0
0
0
0
0
0
0
0
0
0
0
0
0
0
0
0
0
0
0
0
0
0
0
0
0
0
0
0
0
0
0
0
0
0
0
0
0
0
0
0
0
0
0
0
0
0
0
0
0
0
0
0
0
0
0
0
0
0
0
0
0
0
0
0
0
0
0
0
0
0
0
0
0
0
0
0
0
0
0
0
0
0
0
0
0
0
0
0
0
0
0
0
0
0
0
0
0
0
0
0
0
0
0
0
0
0
0
0
0
0
0
0
0
0
0
0
0
0
0
0
0
0
0
0
0
0
0
0
0
0
0
0
0
0
0
0
0
0
0
0
0
0
0
0
0
0
0
0
0
0
0
0
0
0
0
0
0
0
0
0
0
0
0
0
5
0
0
0
0
0
0
0
10
0
0
0
0
2.4
3.4
2.4
5.6
5.4
6.6
6.8
11.2
5.2
14.4
6.4
6.4
4.8
11.6
1.2
8.8
8.2
13.6
6.8
8
10.4
8
3.2
3.2
4.8
6.6
11.2
0.8
13.2
6.4
8.8
1.6
8
7.2
2.4
13.2
12.4
17.6
7.6
16.8
12.8
22.8
15
9.8
9.6
7.2
2.4
3.6
3.2
4.4
3.2
7.6
4.8
4.8
1.8
20.4
5.2
4
1.6
9.2
2.4
5.4
7.2
12
8.8
14.4
15.6
5.6
5
4.8
13.6
9.6
5.2
24.8
12
4
2.8
15.6
2.4
8
15.2
1.6
10.4
8
5.8
3.6
6.4
7.2
5.6
2.2
2.6
1.2
0
0
0
0
0
0
0
0
0
0
0
0
0
0
0
0
0
0
0
0
0
0
0
0
0
0
0
0
0
0
0
0
0
0
0
0
0
0
0
0
0
0
0
0.4
0.6
0.8
0.4
0
2.2
0.8
0
2.4
4.8
0
4.8
1.6
5.6
0
1.6
0.8
1.6
3.2
2.4
5.6
0
1.6
4
0
7.2
4.8
1.6
1.6
4
2.4
8
9.6
8
3.2
0
0
3.2
7.2
8.8
11.2
10.4
3.2
12.4
7.6
8.8
14.4
8
5.6
3.2
4
2.4
4
6.4
3.2
6.4
4
2.6
3.6
3
0.8
5.2
0.2
0.4
0.8
3.2
0.4
0
0.8
4
8.8
0
4
4
0
2.4
0
3.6
0
3.2
1.6
8
0
2.4
0
0
0.4
5.6
4.2
0
3.2
1.6
0.8
2.4
0
0
1.6
4.8
0
0
1.6
0
0
0.8
0
