0.333333 0.666667 0.000000 0.000000 0.005116 -0.005116 1.000000 0
0.000000 0.666667 0.333333 0.000000 0.011049 -0.011049 1.000000 1
0.166667 0.666667 0.166667 0.239004 0.242211 -0.003208 1.000000 2
0.166667 0.666667 0.166667 0.238815 0.241047 -0.002232 1.000000 3
0.250000 0.666667 0.083333 0.175782 0.171075 0.004707 1.000000 10
0.250000 0.666667 0.083333 0.175790 0.170726 0.005065 1.000000 11
0.166667 0.666667 0.166667 0.235659 0.246017 -0.010358 1.000000 12
0.083333 0.666667 0.250000 0.205486 0.199938 0.005549 1.000000 13
0.083333 0.666667 0.250000 0.205535 0.200007 0.005528 1.000000 14
0.250000 0.666667 0.083333 0.148663 0.148873 -0.000210 1.000000 15
0.250000 0.666667 0.083333 0.148986 0.148966 0.000021 1.000000 16
0.166667 0.666667 0.166667 0.202443 0.202055 0.000387 1.000000 17
0.083333 0.666667 0.250000 0.177515 0.178178 -0.000663 1.000000 18
0.083333 0.666667 0.250000 0.177751 0.177806 -0.000054 1.000000 19
0.250000 0.666667 0.083333 0.119129 0.125488 -0.006360 1.000000 4
0.250000 0.666667 0.083333 0.118996 0.124757 -0.005761 1.000000 5
0.166667 0.666667 0.166667 0.120871 0.129006 -0.008135 1.000000 6
0.166667 0.666667 0.166667 0.121022 0.127706 -0.006684 1.000000 7
0.083333 0.666667 0.250000 0.139186 0.128306 0.010880 1.000000 8
0.083333 0.666667 0.250000 0.139187 0.127872 0.011314 1.000000 9
0.222222 0.666667 0.111111 0.098824 0.087709 0.011115 1.000000 22
0.222222 0.666667 0.111111 0.098878 0.086843 0.012035 1.000000 24
0.166667 0.666667 0.166667 0.161797 0.166353 -0.004556 1.000000 28
0.166667 0.666667 0.166667 0.163077 0.165486 -0.002409 1.000000 34
0.018519 0.666667 0.314815 0.051701 0.051251 0.000450 1.000000 dft_iter1_0_1_2_3_4_5_6_7_8_9_10_11_12_13_14_15_16
0.055556 0.666667 0.277778 0.082740 0.082841 -0.000101 1.000000 dft_iter1_0_1_2_4_5_6_7_8_9_10_11_14_15_16_17
0.074074 0.666667 0.259259 0.091454 0.092563 -0.001109 1.000000 dft_iter1_0_2_3_5_6_7_8_9_12_13_14_15_16_17
0.129630 0.666667 0.203704 0.098096 0.097427 0.000669 1.000000 dft_iter1_0_2_6_7_8_12_13_14_15_16_17
0.203704 0.666667 0.129630 0.094447 0.096815 -0.002368 1.000000 dft_iter1_0_6_7_8_15_16_17
0.037037 0.666667 0.296296 0.069348 0.071524 -0.002177 1.000000 dft_iter1_1_2_3_4_5_6_7_8_9_11_12_13_14_15_16_17
0.314815 0.666667 0.018519 0.042090 0.040722 0.001369 1.000000 dft_iter1_2
0.092593 0.666667 0.240741 0.102593 0.098387 0.004206 1.000000 dft_iter1_2_3_4_5_6_7_8_12_13_14_15_16_17
0.111111 0.666667 0.222222 0.084285 0.088820 -0.004535 1.000000 dft_iter1_3_4_5_6_7_8_9_10_11_12_13_14
0.148148 0.666667 0.185185 0.095194 0.097177 -0.001982 1.000000 dft_iter1_3_4_5_8_9_10_11_12_13_14
0.166667 0.666667 0.166667 0.092976 0.088071 0.004905 1.000000 dft_iter1_3_4_5_9_10_11_12_13_14
0.185185 0.666667 0.148148 0.094661 0.096393 -0.001732 1.000000 dft_iter1_3_4_5_9_10_12_13_14
0.240741 0.666667 0.092593 0.095275 0.095044 0.000231 1.000000 dft_iter1_3_4_9_10_11
0.259259 0.666667 0.074074 0.085318 0.083019 0.002298 1.000000 dft_iter1_7_8_14_17
0.296296 0.666667 0.037037 0.064113 0.061588 0.002525 1.000000 dft_iter1_8_12
0.277778 0.666667 0.055556 0.071561 0.074013 -0.002452 1.000000 dft_iter1_8_12_14
