121.0000 0.05 1
80
0
0
0
0
0
0
0
0
0
0
0
0
0
0
0
0
0
0
0
0
0
0
0
0
0
0
0
0
0
40
0
0
0
0
0
0
0
0
0
0
0
0
0
0
0
0
0
0
0
0
0
0
0
0
0
0
0
0
0
0
0
0
0
0
0
0
0
0
0
0
0
0
0
0
0
0
0
0
0
0
0
0
0
0
0
0
0
0
0
0
0
0
0
0
0
0
0
0
0
0
0
0
0
0
0
0
0
0
0
0
0
0
0
0
0
0
0
0
0
0
0
0
0
0
0
0
0
0
0
0
0
0
0
0
0
0
0
0
0
0
0
0
0
0
0
0
0
0
0
0
0
0
0
0
0
0
0
0
0
0
0
0
0
0
0
0
0
0
0
0
0
0
0
0
0
0
0
0
0
0
0
0
0
0
0
0
0
0
0
0
0
0
0
0
0
0
0
0
0
0
0
0
0
0
0
0
0
0
0
0
0
0
0
0
0
0
0
0
0
0
0
0
0
0
0
0
0
0
0
0
0
0
0
0
0
0
0
0
0
0
0
0
0
0
0
0
0
0
0
0
0
0
0
0
0
0
0
0
0
0
0
0
0
0
0
0
0
0
0
0
0
0
0
0
0
0
0
0
0
0
0
0
0
0
0
0
0
0
0
0
0
0
0
0
0
0
0
0
0
0
0
0
0
0
0
0
0
0
0
0
0
0
0
0
0
0
0
0
0
0
0
0
0
0
0
0
0
0
0
0
0
0
0
0
0
0
0
0
0
0
0
0
0
0
0
0
0
0
0
0
0
0
0
0
0
0
0
0
0
0
0
0
0
0
0
0
0
0
0
0
0
0
0
0
0
0
0
0
0
0
0
0
0
0
0
0
0
0
0
0
0
0
0
0
0
0
0
0
0
0
0
0
0
0
0
0
0
0
0
0
0
0
0
0
0
0
0
0
0
0
0
0
0
0
0
0
0
0
0
0
0
0
0
0
0
0
0
0
0
0
0
0
0
0
0
0
0
0
0
0
0
0
0
0
0
0
75.8333
44.1667
0
0
0
0
0
0
0
0
0
0
0
0
0
0
37.2222
202.778
0
0
0
0
0
0
0
0
0
0
0
0
0
0
0
0
0
0
0
0
0
0
0
0
0
0
0
0
0
0
0
120
0
0
0
0
0
0
0
0
0
0
0
0
0
0
0
0
0
0
0
0
0
0
0
0
0
0
0
0
0
0
0
0
0
0
0
0
0
0
0
0
0
0
0
0
0
0
0
0
0
0
0
0
0
0
0
0
0
0
0
0
0
0
0
0
0
0
0
0
0
0
0
0
0
0
0
0
0
0
0
0
0
0
0
0
0
0
0
0
0
0
0
0
0
0
0
0
0
0
0
0
0
0
0
0
0
0
0
0
0
0
0
0
0
0
0
0
0
0
0
0
0
0
0
0
0
0
0
0
0
0
0
0
0
0
0
0
0
0
0
0
0
0
0
0
0
0
0
0
0
0
0
0
0
0
0
0
0
0
0
0
0
0
0
0
0
0
0
0
0
0
0
0
0
0
0
0
0
0
0
0
0
0
0
0
0
0
0
0
0
0
0
0
0
0
0
0
0
0
0
0
0
0
0
0
0
0
0
0
0
0
0
0
0
0
0
0
0
0
0
0
0
0
0
0
0
0
0
0
0
0
0
0
0
0
0
0
0
0
0
0
0
0
0
0
0
0
0
0
0
0
0
0
0
0
0
0
0
0
0
0
0
0.833333
6.66667
1.66667
11.6667
14.4444
4.72222
8.88889
11.1111
7.22222
6.66667
4.16667
0.555556
11.6667
7.5
4.16667
0
3.33333
10
17.7778
19.4444
11.6667
17.7778
17.7778
15
27.2222
31.9444
29.1667
37.5
10
7.77778
1.66667
0
0
0
0
0
0
0
0
0
0
0
0
0
0
0.833333
3.33333
4.44444
15
16.9444
69.4444
45.2778
20.5556
20
26.6667
28.6111
35
35.2778
21.9444
12.5
4.16667
0
0
0
0
0
0
0
0
0
0
0
0
0
0
0
0
0
0
0
0
0
0
0
0
0
0
0
0
0
0
0
0
0
0
0
0
0
0
0
0
0
0
0
0
0
0
0
0
0
0
0
0
0
0
0
0
0
0
0
0
0
0
0
0
0
0
0
0
0
0
0
0
0
0
0
0
0
0
0
0
0
0
0
0
0
0
0
0
0
0
0
0
0
0
0
0
0
0
0
0
0
0
0
0
0
0
0
0
0
0
0
0
0
0
0
0
0
0
0
0
0
0
0
0
0
0
0
0
0
0
0
0
0
0
0
0
0
0
0
0
0
0
0
0
0
0
0
0
0
0
0
0
0
0
0
0
0
0
0
0
0
0
0
0
0
0
0
0
0
0
0
0
0
0
0
0
0
0
0
0
0
0
0
0
0
0
0
0
0
0
0
0
0
0
0
0
4.16667
11.6667
7.77778
10.8333
11.6667
6.11111
15.2778
16.9444
10.2778
15
11.9444
11.3889
12.7778
6.66667
10.5556
9.72222
8.88889
9.16667
8.88889
6.66667
10.5556
7.5
11.9444
11.6667
15.2778
15
14.4444
11.3889
19.7222
6.94444
11.1111
18.3333
15
15.2778
13.0556
17.5
25.8333
16.1111
23.8889
30.8333
25.8333
14.4444
5.83333
14.1667
3.33333
4.44444
3.33333
9.72222
5.83333
4.72222
15
3.33333
1.66667
5.83333
9.44444
16.6667
5.83333
16.9444
6.66667
6.66667
8.33333
9.72222
14.4444
11.1111
11.6667
15
13.3333
11.6667
18.3333
20
22.5
26.3889
11.6667
21.6667
17.2222
25.2778
8.33333
11.6667
5
22.7778
6.66667
6.66667
9.16667
10.2778
5
6.66667
0
14.7222
8.33333
2.5
5.55556
0.833333
0
0
0
0
0
0
0
0
0
0
0
0
0
0
0
0
0
0
0
0
0
0
0
0
0
0
0
0
0
0
0
0
0
0
0
0
0
0
0
0
0
0
0.833333
0
1.66667
0
4.16667
0
0.555556
6.11111
3.33333
1.66667
5
5
5
0
6.66667
3.33333
0
0
6.94444
4.16667
4.72222
10
2.5
11.6667
0
5
5
8.33333
3.33333
5
5.55556
11.1111
5.55556
7.77778
14.4444
12.2222
5
16.6667
10
11.6667
8.33333
11.6667
28.6111
8.05556
5.83333
15
15.2778
12.2222
1.66667
5
13.3333
3.33333
8.33333
4.72222
4.44444
4.72222
3.33333
0.833333
3.33333
0
1.66667
11.1111
3.33333
3.33333
2.5
6.66667
5
0
1.11111
6.66667
3.88889
9.44444
0
1.11111
8.33333
6.66667
7.22222
0
0
4.44444
1.66667
0.833333
0
0
5
3.33333
3.61111
0
0
6.66667
3.33333
1.66667
1.66667
0
0
1.66667
0
