163.0000 0.05 1
40
0
0
0
0
0
0
0
0
0
0
0
0
0
0
0
0
0
0
0
0
0
0
0
0
0
0
0
0
0
0
120
0
0
0
0
0
0
0
0
0
0
0
0
0
0
0
0
0
0
0
0
0
0
0
0
0
0
0
0
0
0
0
0
0
0
0
0
0
0
0
0
0
0
0
0
0
0
0
0
0
0
0
0
0
0
0
0
0
0
0
0
0
0
0
0
0
0
0
0
0
0
0
0
0
0
0
0
0
0
0
0
0
0
0
0
0
0
0
0
0
0
0
0
0
0
0
0
0
0
0
0
0
0
0
0
0
0
0
0
0
0
0
0
0
0
0
0
0
0
0
0
0
0
0
0
0
0
0
0
0
0
0
0
0
0
0
0
0
0
0
0
0
0
0
0
0
0
0
0
0
0
0
0
0
0
0
0
0
0
0
0
0
0
0
0
0
0
0
0
0
0
0
0
0
0
0
0
0
0
0
0
0
0
0
0
0
0
0
0
0
0
0
0
0
0
0
0
0
0
0
0
0
0
0
0
0
0
0
0
0
0
0
0
0
0
0
0
0
0
0
0
0
0
0
0
0
0
0
0
0
0
0
0
0
0
0
0
0
0
0
0
0
0
0
0
0
0
0
0
0
0
0
0
0
0
0
0
0
0
0
0
0
0
0
0
0
0
0
0
0
0
0
0
0
0
0
0
0
0
0
0
0
0
0
0
0
0
0
0
0
0
0
0
0
0
0
0
0
0
0
0
0
0
0
0
0
0
0
0
0
0
0
0
0
0
0
0
0
0
0
0
0
0
0
0
0
0
0
0
0
0
0
0
0
0
0
0
0
0
0
0
0
0
0
0
0
0
0
0
0
0
0
0
0
0
0
0
0
0
0
0
0
0
0
0
0
0
0
0
0
0
0
0
0
0
0
0
0
0
0
0
0
0
0
0
0
0
0
0
0
0
0
0
0
0
0
0
0
0
0
0
0
0
0
0
0
0
0
0
0
0
110.4
49.6
0
0
0
0
0
0
0
0
0
0
0
0
0
0
0
0
0
0
0
0
0
0
0
0
0
0
0
0
0
0
120
0
0
0
0
0
0
0
0
0
0
0
0
0
0
0
0
0
0
0
0
0
0
0
0
0
0
0
0
0
24
96
48
192
0
0
0
0
0
0
0
0
0
0
0
0
0
0
0
0
0
0
0
0
0
0
0
0
0
0
0
0
0
0
0
0
0
0
0
0
0
0
0
0
0
0
0
0
0
0
0
0
0
0
0
0
0
0
0
0
0
0
0
0
0
0
0
0
0
0
0
0
0
0
0
0
0
0
0
0
0
0
0
0
0
0
0
0
0
0
0
0
0
0
0
0
0
0
0
0
0
0
0
0
0
0
0
0
0
0
0
0
0
0
0
0
0
0
0
0
0
0
0
0
0
0
0
0
0
0
0
0
0
0
0
0
0
0
0
0
0
0
0
0
0
0
0
0
0
0
0
0
0
0
0
0
0
0
0
0
0
0
0
0
0
0
0
0
0
0
0
0
0
0
0
0
0
0
0
0
0
0
0
0
0
0
0
0
0
0
0
0
0
0
0
0
0
0
0
0
0
0
0
0
0
0
0
0
0
0
0
0
0
0
0
0
0
0
0
0
0
0
0
0
0
0
0
0
0
0
0
0
0
0
0
0
0
0
0
0
0
0
0
0
0
0
0
0
0
0
1.92
1.92
12.8
1.92
3.84
27.2
0
1.92
9.6
12.8
7.68
8.32
8.96
21.12
1.92
2.56
11.52
21.44
19.84
0
12.8
10.24
24
15.36
11.52
61.44
24.96
20.16
13.44
15.36
11.52
21.12
34.56
7.68
7.68
5.12
5.76
0
0
0
0
0
0
0
0
1.92
7.68
20.48
36.48
77.76
72.32
20.8
32.64
46.08
26.88
48.96
39.68
25.6
19.84
2.88
0
0
0
0
0
0
0
0
0
0
0
0
0
0
0
0
0
0
0
0
0
0
0
0
0
0
0
0
0
0
0
0
0
0
0
0
0
0
0
0
0
0
0
0
0
0
0
0
0
0
0
0
0
0
0
0
0
0
0
0
0
0
0
0
0
0
0
0
0
0
0
0
0
0
0
0
0
0
0
0
0
0
0
0
0
0
0
0
0
0
0
0
0
0
0
0
0
0
0
0
0
0
0
0
0
0
0
0
0
0
0
0
0
0
0
0
0
0
0
0
0
0
0
0
0
0
0
0
0
0
0
0
0
0
0
0
0
0
0
0
0
0
0
0
0
0
0
0
0
0
0
0
0
0
0
0
0
0
0
0
0
0
0
0
0
0
0
0
0
0
0
0
0
0
0
0
0
0
0
0
0
0
0
0
0
0
0
0
0
0
0.32
1.92
5.76
11.52
4.48
0
0
16.64
18.24
11.52
2.56
7.68
3.84
1.92
0.32
11.52
3.84
5.76
44.16
5.12
14.08
28.16
11.52
24.32
16.64
5.76
35.2
19.2
7.68
10.24
15.36
11.52
11.52
5.76
15.36
39.68
11.52
12.8
28.16
32
1.92
18.88
10.24
11.52
18.56
20.48
3.84
20.16
28.8
26.88
22.4
13.44
59.84
14.08
7.68
11.52
3.84
7.68
2.56
11.52
15.36
7.68
7.68
24.96
9.6
16.32
18.56
15.04
7.68
19.2
14.08
23.04
17.6
11.52
5.76
26.24
24.32
28.8
29.44
15.04
14.08
19.2
35.84
33.92
11.52
11.52
14.08
21.76
3.84
15.36
32
4.8
11.52
5.12
11.52
7.68
15.04
1.92
1.92
0
0
0
0
0
0
0
0
0
0
0
0
0
0
0
0
0
0
0
0
0
0
0
0
0
0
0
0
0
0
0
0
0
0
0
0
0
0
0
0
0
0
0
0
0
0
0.96
1.92
0
0
1.92
3.84
3.84
0
7.68
7.68
7.68
0
0
7.68
0
0
0
7.68
0
15.36
11.52
7.68
7.68
7.68
0
0
3.84
2.56
5.12
0
7.68
0
19.2
7.68
15.36
15.36
15.36
0
7.68
5.12
6.4
3.84
11.52
23.04
15.36
23.04
16.32
19.2
17.28
18.24
7.68
7.68
19.2
7.68
7.68
11.52
3.84
7.68
7.68
8.32
2.88
7.68
5.12
0.96
7.68
13.44
1.92
2.56
5.76
0
1.92
15.36
0
3.84
0
18.56
15.36
0
0
0
11.52
17.28
5.76
15.36
0
5.76
8.32
1.92
3.84
15.36
14.08
24.32
20.8
21.76
10.24
16
0
11.52
12.16
7.68
2.56
10.24
7.68
0
3.84
0
