0.000000 -0.000000 -0.000000
0.000000 -0.000000 -0.000000
0.000000 -0.000000 -0.000000
0.000000 -0.000000 -0.000000
0.000000 -0.116911 -0.000000
0.000000 -0.000000 -0.000000
0.000000 -0.000000 -0.000000
0.000000 -0.000000 -0.000000
0.000000 -0.000000 -0.116911
-0.116911 -0.000000 -0.000000
0.000000 -0.000000 -0.000000
0.000000 -0.000000 -0.000000
0.116911 -0.000000 -0.000000
0.000000 0.116911 -0.000000
0.000000 -0.000000 0.116911
0.000000 -0.000000 -0.000000
0.000000 -0.000000 -0.000000
0.000000 -0.000000 -0.000000
0.000000 -0.000000 -0.000000
0.000000 -0.000000 -0.000000
