1
0.000000
0

1
0.000000
1
0.500000 0.500000 0.500000 0 0

3
3.940523
2
0.500000 0.500000 0.500000 0 0
0.500000 1.500000 0.500000 0 0

6
5.572742
2
0.500000 0.500000 0.500000 0 0
0.500000 -0.500000 1.500000 0 0

4
6.825187
2
0.500000 0.500000 0.500000 0 0
1.500000 1.500000 -0.500000 0 0

3
7.881047
2
0.500000 0.500000 0.500000 0 0
0.500000 0.500000 2.500000 0 0

12
8.811278
2
0.500000 0.500000 0.500000 0 0
-1.500000 1.500000 0.500000 0 0

12
9.652272
2
0.500000 0.500000 0.500000 0 0
1.500000 2.500000 -0.500000 0 0

12
5.572742
3
0.500000 0.500000 0.500000 0 0
0.500000 0.500000 1.500000 0 0
0.500000 -0.500000 1.500000 0 0

8
5.572742
3
0.500000 0.500000 0.500000 0 0
-0.500000 0.500000 1.500000 0 0
0.500000 -0.500000 1.500000 0 0

24
6.825187
3
0.500000 0.500000 0.500000 0 0
1.500000 0.500000 0.500000 0 0
1.500000 1.500000 -0.500000 0 0

