122.0000 0.05 1
40
0
0
0
0
0
0
0
0
0
0
0
0
0
0
0
0
0
0
0
0
0
0
0
0
0
0
0
0
0
0
0
0
80
0
0
0
0
0
0
0
0
0
0
0
0
0
0
0
0
0
0
0
0
0
0
0
0
0
0
0
0
0
0
0
0
0
0
0
0
0
0
0
0
0
0
0
0
0
0
0
0
0
0
0
0
0
0
0
0
0
0
0
0
0
0
0
0
0
0
0
0
0
0
0
0
0
0
0
0
0
0
0
0
0
0
0
0
0
0
0
0
0
0
0
0
0
0
0
0
0
0
0
0
0
0
0
0
0
0
0
0
0
0
0
0
0
0
0
0
0
0
0
0
0
0
0
0
0
0
0
0
0
0
0
0
0
0
0
0
0
0
0
0
0
0
0
0
0
0
0
0
0
0
0
0
0
0
0
0
0
0
0
0
0
0
0
0
0
0
0
0
0
0
0
0
0
0
0
0
0
0
0
0
0
0
0
0
0
0
0
0
0
0
0
0
0
0
0
0
0
0
0
0
0
0
0
0
0
0
0
0
0
0
0
0
0
0
0
0
0
0
0
0
0
0
0
0
0
0
0
0
0
0
0
0
0
0
0
0
0
0
0
0
0
0
0
0
0
0
0
0
0
0
0
0
0
0
0
0
0
0
0
0
0
0
0
0
0
0
0
0
0
0
0
0
0
0
0
0
0
0
0
0
0
0
0
0
0
0
0
0
0
0
0
0
0
0
0
0
0
0
0
0
0
0
0
0
0
0
0
0
0
0
0
0
0
0
0
0
0
0
0
0
0
0
0
0
0
0
0
0
0
0
0
0
0
0
0
0
0
0
0
0
0
0
0
0
0
0
0
0
0
0
0
0
0
0
0
0
0
0
0
0
0
0
0
0
0
0
0
0
0
0
0
0
0
0
0
0
0
0
0
0
0
0
0
0
0
0
0
0
0
0
0
0
0
0
0
0
0
0
0
0
0
0
0
0
0
0
0
0
0
0
0
0
0
80
0
40
0
0
0
0
0
0
0
0
0
0
0
0
0
0
0
0
0
0
0
0
0
0
0
8.88889
111.111
0
0
0
0
0
0
0
0
0
0
0
0
0
0
0
0
0
0
0
0
0
0
0
0
0
0
0
0
0
0
0
0
17.7778
97.7778
100
24.4444
0
0
0
0
0
0
0
0
0
0
0
0
0
0
0
0
0
0
0
0
0
0
0
0
0
0
0
0
0
0
0
0
0
0
0
0
0
0
0
0
0
0
0
0
0
0
0
0
0
0
0
0
0
0
0
0
0
0
0
0
0
0
0
0
0
0
0
0
0
0
0
0
0
0
0
0
0
0
0
0
0
0
0
0
0
0
0
0
0
0
0
0
0
0
0
0
0
0
0
0
0
0
0
0
0
0
0
0
0
0
0
0
0
0
0
0
0
0
0
0
0
0
0
0
0
0
0
0
0
0
0
0
0
0
0
0
0
0
0
0
0
0
0
0
0
0
0
0
0
0
0
0
0
0
0
0
0
0
0
0
0
0
0
0
0
0
0
0
0
0
0
0
0
0
0
0
0
0
0
0
0
0
0
0
0
0
0
0
0
0
0
0
0
0
0
0
0
0
0
0
0
0
0
0
0
0
0
0
0
0
0
0
0
0
0
0
0
0
0
0
0
0
0
0
0
0
0
0
0
0
0
0
0
0
0
0
0
0
0
0
0
0
0
0
0
0
0
0
1.11111
1.11111
5
5.27778
7.5
9.44444
8.05556
8.05556
8.88889
3.88889
4.44444
10
7.5
6.66667
6.38889
7.77778
13.6111
6.94444
21.6667
7.77778
11.1111
9.44444
8.61111
16.9444
23.0556
23.0556
12.2222
21.1111
26.6667
9.44444
12.5
18.3333
11.6667
4.72222
0
0
0
0
0
0
0
0
0
0
0
2.22222
5.55556
13.3333
19.4444
61.6667
33.3333
37.7778
25.8333
31.1111
15
34.4444
30.5556
11.3889
23.3333
5
10
0
0
0
0
0
0
0
0
0
0
0
0
0
0
0
0
0
0
0
0
0
0
0
0
0
0
0
0
0
0
0
0
0
0
0
0
0
0
0
0
0
0
0
0
0
0
0
0
0
0
0
0
0
0
0
0
0
0
0
0
0
0
0
0
0
0
0
0
0
0
0
0
0
0
0
0
0
0
0
0
0
0
0
0
0
0
0
0
0
0
0
0
0
0
0
0
0
0
0
0
0
0
0
0
0
0
0
0
0
0
0
0
0
0
0
0
0
0
0
0
0
0
0
0
0
0
0
0
0
0
0
0
0
0
0
0
0
0
0
0
0
0
0
0
0
0
0
0
0
0
0
0
0
0
0
0
0
0
0
0
0
0
0
0
0
0
0
0
0
0
0
0
0
0
0
0
0
0
0
0
0
0
0
0
0
0
0
0
0
0
0
1.66667
16.1111
0
0
0
1.11111
2.5
11.6667
8.05556
9.16667
21.6667
3.88889
18.8889
15
16.6667
9.44444
8.33333
7.22222
4.44444
11.9444
8.05556
3.33333
11.6667
3.33333
3.33333
18.3333
9.44444
13.0556
7.22222
13.0556
10
11.1111
13.3333
17.7778
8.33333
15
21.9444
10
16.3889
17.7778
13.0556
8.61111
19.4444
16.6667
15.2778
10
14.7222
33.8889
18.8889
16.1111
12.5
9.44444
7.77778
3.88889
9.72222
4.72222
11.1111
1.38889
4.44444
12.2222
9.44444
7.77778
10
11.1111
18.8889
11.1111
8.05556
15.2778
19.4444
12.7778
10.5556
12.5
13.6111
13.3333
18.0556
16.3889
20.2778
24.1667
12.2222
10.5556
13.6111
4.44444
21.9444
15
17.7778
12.7778
12.7778
4.44444
4.72222
9.16667
7.77778
5.55556
5
8.88889
7.5
7.22222
1.66667
0
0
0
0
0
0
0
0
0
0
0
0
0
0
0
0
0
0
0
0
0
0
0
0
0
0
0
0
0
0
0
0
0
0
0
0
0
0
0
0
0
0
0
0
0.555556
0.833333
0
1.66667
1.11111
2.77778
0.555556
3.88889
2.77778
2.22222
5.83333
1.11111
4.44444
1.94444
0.555556
1.38889
7.22222
1.38889
4.44444
2.5
2.22222
6.11111
3.05556
4.44444
5
7.22222
9.44444
7.22222
1.66667
2.22222
5.55556
0
2.22222
0
2.22222
9.16667
13.6111
16.6667
12.7778
10
4.44444
5
6.11111
5
27.2222
14.4444
10.2778
19.4444
6.11111
2.77778
11.9444
5.55556
6.11111
12.2222
8.88889
7.77778
3.33333
6.11111
4.44444
1.11111
3.33333
8.05556
7.5
1.11111
3.33333
5
4.16667
6.11111
0.555556
4.44444
2.22222
2.22222
6.11111
1.11111
3.88889
8.33333
2.77778
11.3889
7.77778
3.05556
8.05556
7.77778
4.44444
2.77778
4.16667
4.16667
1.66667
3.88889
9.44444
5.55556
6.11111
6.38889
11.1111
10
6.11111
7.22222
12.2222
8.33333
7.77778
15
11.1111
9.44444
6.66667
5.55556
7.22222
8.88889
4.44444
4.44444
3.33333
2.22222
2.22222
1.11111
0
2.22222
0
