161.0000 0.05 1
120
0
0
0
0
0
0
0
0
0
0
0
0
0
0
0
0
0
0
0
0
0
0
0
0
0
0
0
0
0
0
40
0
0
0
0
0
0
0
0
0
0
0
0
0
0
0
0
0
0
0
0
0
0
0
0
0
0
0
0
0
0
0
0
0
0
0
0
0
0
0
0
0
0
0
0
0
0
0
0
0
0
0
0
0
0
0
0
0
0
0
0
0
0
0
0
0
0
0
0
0
0
0
0
0
0
0
0
0
0
0
0
0
0
0
0
0
0
0
0
0
0
0
0
0
0
0
0
0
0
0
0
0
0
0
0
0
0
0
0
0
0
0
0
0
0
0
0
0
0
0
0
0
0
0
0
0
0
0
0
0
0
0
0
0
0
0
0
0
0
0
0
0
0
0
0
0
0
0
0
0
0
0
0
0
0
0
0
0
0
0
0
0
0
0
0
0
0
0
0
0
0
0
0
0
0
0
0
0
0
0
0
0
0
0
0
0
0
0
0
0
0
0
0
0
0
0
0
0
0
0
0
0
0
0
0
0
0
0
0
0
0
0
0
0
0
0
0
0
0
0
0
0
0
0
0
0
0
0
0
0
0
0
0
0
0
0
0
0
0
0
0
0
0
0
0
0
0
0
0
0
0
0
0
0
0
0
0
0
0
0
0
0
0
0
0
0
0
0
0
0
0
0
0
0
0
0
0
0
0
0
0
0
0
0
0
0
0
0
0
0
0
0
0
0
0
0
0
0
0
0
0
0
0
0
0
0
0
0
0
0
0
0
0
0
0
0
0
0
0
0
0
0
0
0
0
0
0
0
0
0
0
0
0
0
0
0
0
0
0
0
0
0
0
0
0
0
0
0
0
0
0
0
0
0
0
0
0
0
0
0
0
0
0
0
0
0
0
0
0
0
0
0
0
0
0
0
0
0
0
0
0
0
0
0
0
0
0
0
0
0
0
0
0
0
0
0
0
0
0
0
0
0
0
0
0
0
0
0
0
0
0
0
0
0
0
0
0
0
0
0
0
0
0
0
0
0
0
0
0
0
0
115.84
44.16
0
0
0
0
0
0
0
0
0
16
288
56
0
0
0
0
0
0
0
0
0
0
0
0
0
0
0
0
0
0
0
0
0
0
0
0
0
0
0
0
0
0
0
120
0
0
0
0
0
0
0
0
0
0
0
0
0
0
0
0
0
0
0
0
0
0
0
0
0
0
0
0
0
0
0
0
0
0
0
0
0
0
0
0
0
0
0
0
0
0
0
0
0
0
0
0
0
0
0
0
0
0
0
0
0
0
0
0
0
0
0
0
0
0
0
0
0
0
0
0
0
0
0
0
0
0
0
0
0
0
0
0
0
0
0
0
0
0
0
0
0
0
0
0
0
0
0
0
0
0
0
0
0
0
0
0
0
0
0
0
0
0
0
0
0
0
0
0
0
0
0
0
0
0
0
0
0
0
0
0
0
0
0
0
0
0
0
0
0
0
0
0
0
0
0
0
0
0
0
0
0
0
0
0
0
0
0
0
0
0
0
0
0
0
0
0
0
0
0
0
0
0
0
0
0
0
0
0
0
0
0
0
0
0
0
0
0
0
0
0
0
0
0
0
0
0
0
0
0
0
0
0
0
0
0
0
0
0
0
0
0
0
0
0
0
0
0
0
0
0
0
0
0
0
0
0
0
0
0
0
0
0
0
0
0
0
0
0
0
0
0
0
0
0
0
0
0
0
0
0
0
0
0
0
0
0
0
0.96
4.48
7.68
12.8
12.8
9.28
16.64
3.84
8.96
24.32
2.56
6.4
3.84
11.52
0.64
10.24
8.64
20.48
0.32
11.52
35.84
12.8
12.8
22.4
32.64
35.2
48.64
52.16
28.8
17.28
2.88
0.64
0
0
0
0
0
0
0
0
0
0
0
0
0
0
0
3.2
3.2
14.4
21.76
28.16
106.24
40.32
30.72
30.08
31.36
44.8
35.84
35.2
37.12
14.72
2.88
0
0
0
0
0
0
0
0
0
0
0
0
0
0
0
0
0
0
0
0
0
0
0
0
0
0
0
0
0
0
0
0
0
0
0
0
0
0
0
0
0
0
0
0
0
0
0
0
0
0
0
0
0
0
0
0
0
0
0
0
0
0
0
0
0
0
0
0
0
0
0
0
0
0
0
0
0
0
0
0
0
0
0
0
0
0
0
0
0
0
0
0
0
0
0
0
0
0
0
0
0
0
0
0
0
0
0
0
0
0
0
0
0
0
0
0
0
0
0
0
0
0
0
0
0
0
0
0
0
0
0
0
0
0
0
0
0
0
0
0
0
0
0
0
0
0
0
0
0
0
0
0
0
0
0
0
0
0
0
0
0
0
0
0
0
0
0
0
0
0
0
0
0
0
0
0
0
0
0
0
0
0
0
0
0
0
0
0
0
0
6.4
0
2.24
5.76
1.6
8.32
11.52
4.48
24
12.8
8.96
7.04
10.24
4.48
19.2
9.6
23.04
14.72
14.08
17.92
9.28
17.92
16.32
10.88
26.24
9.6
23.68
7.68
21.76
14.08
8.96
11.52
14.08
16.64
17.6
18.56
28.16
23.04
24.64
23.04
17.92
28.8
35.84
42.24
27.2
24.32
20.48
11.52
11.52
0.96
16.64
5.76
5.12
12.8
13.44
12.8
2.56
3.2
5.12
20.8
10.88
14.08
7.68
14.72
13.44
15.36
16.64
10.24
16.64
16
24.96
10.24
26.88
12.8
27.2
38.4
19.2
19.2
11.52
42.24
9.6
39.68
14.72
9.6
9.6
17.92
11.52
11.52
16.64
8
10.88
7.68
10.24
6.72
8.96
6.4
1.28
0
1.6
0
0
0
0
0
0
0
0
0
0
0
0
0
0
0
0
0
0
0
0
0
0
0
0
0
0
0
0
0
0
0
0
0
0
0
0
0
0.32
1.28
0.64
1.28
0
1.28
1.6
3.84
5.12
12.8
1.28
2.56
0
6.4
2.56
2.56
7.68
10.24
2.56
17.92
0
7.68
0
0
8.96
7.68
11.52
8.96
1.28
11.52
17.92
20.48
2.56
7.68
10.24
10.24
7.68
12.8
21.76
21.76
30.72
16
17.92
11.52
14.08
22.4
7.68
23.04
2.56
6.4
10.56
10.56
7.04
11.52
8
6.4
2.56
6.4
2.56
17.92
2.56
0
1.28
2.56
0
8.96
5.12
0.32
7.68
13.44
1.92
5.12
6.4
2.56
4.48
2.56
5.12
0
10.24
15.36
0
5.12
2.56
5.12
2.56
5.12
0
0
12.8
0
0
2.56
0
